CRITICAL - 2023-11-20 08:06:12 --> Call to undefined function form_open()
in APPPATH\Views\CV\Contact.php on line 10.
 1 SYSTEMPATH\View\View.php(226): include()
 2 SYSTEMPATH\View\View.php(229): CodeIgniter\View\View->CodeIgniter\View\{closure}()
 3 SYSTEMPATH\Common.php(1188): CodeIgniter\View\View->render('CV/Contact', [], true)
 4 APPPATH\Controllers\CV\ContactController.php(16): view('CV/Contact')
 5 SYSTEMPATH\CodeIgniter.php(919): App\Controllers\CV\ContactController->index()
 6 SYSTEMPATH\CodeIgniter.php(494): CodeIgniter\CodeIgniter->runController(Object(App\Controllers\CV\ContactController))
 7 SYSTEMPATH\CodeIgniter.php(353): CodeIgniter\CodeIgniter->handleRequest(null, Object(Config\Cache), false)
 8 FCPATH\index.php(79): CodeIgniter\CodeIgniter->run()
 9 SYSTEMPATH\Commands\Server\rewrite.php(47): require_once('C:\\Users\\Maxime\\Desktop\\ci4\\codeigniter4-framework-844616e\\public\\index.php')
CRITICAL - 2023-11-20 08:09:11 --> Call to undefined function form_open()
in APPPATH\Views\CV\Contact.php on line 10.
 1 SYSTEMPATH\View\View.php(226): include()
 2 SYSTEMPATH\View\View.php(229): CodeIgniter\View\View->CodeIgniter\View\{closure}()
 3 SYSTEMPATH\Common.php(1188): CodeIgniter\View\View->render('CV/Contact', [], true)
 4 APPPATH\Controllers\CV\ContactController.php(16): view('CV/Contact')
 5 SYSTEMPATH\CodeIgniter.php(919): App\Controllers\CV\ContactController->index()
 6 SYSTEMPATH\CodeIgniter.php(494): CodeIgniter\CodeIgniter->runController(Object(App\Controllers\CV\ContactController))
 7 SYSTEMPATH\CodeIgniter.php(353): CodeIgniter\CodeIgniter->handleRequest(null, Object(Config\Cache), false)
 8 FCPATH\index.php(79): CodeIgniter\CodeIgniter->run()
 9 SYSTEMPATH\Commands\Server\rewrite.php(47): require_once('C:\\Users\\Maxime\\Desktop\\ci4\\codeigniter4-framework-844616e\\public\\index.php')
CRITICAL - 2023-11-20 08:09:11 --> Call to undefined function form_open()
in APPPATH\Views\CV\Contact.php on line 10.
 1 SYSTEMPATH\View\View.php(226): include()
 2 SYSTEMPATH\View\View.php(229): CodeIgniter\View\View->CodeIgniter\View\{closure}()
 3 SYSTEMPATH\Common.php(1188): CodeIgniter\View\View->render('CV/Contact', [], true)
 4 APPPATH\Controllers\CV\ContactController.php(16): view('CV/Contact')
 5 SYSTEMPATH\CodeIgniter.php(919): App\Controllers\CV\ContactController->index()
 6 SYSTEMPATH\CodeIgniter.php(494): CodeIgniter\CodeIgniter->runController(Object(App\Controllers\CV\ContactController))
 7 SYSTEMPATH\CodeIgniter.php(353): CodeIgniter\CodeIgniter->handleRequest(null, Object(Config\Cache), false)
 8 FCPATH\index.php(79): CodeIgniter\CodeIgniter->run()
 9 SYSTEMPATH\Commands\Server\rewrite.php(47): require_once('C:\\Users\\Maxime\\Desktop\\ci4\\codeigniter4-framework-844616e\\public\\index.php')
CRITICAL - 2023-11-20 08:11:18 --> Call to undefined function form_open()
in APPPATH\Views\CV\Contact.php on line 10.
 1 SYSTEMPATH\View\View.php(226): include()
 2 SYSTEMPATH\View\View.php(229): CodeIgniter\View\View->CodeIgniter\View\{closure}()
 3 SYSTEMPATH\Common.php(1188): CodeIgniter\View\View->render('CV/Contact', [], true)
 4 APPPATH\Controllers\CV\ContactController.php(16): view('CV/Contact')
 5 SYSTEMPATH\CodeIgniter.php(919): App\Controllers\CV\ContactController->index()
 6 SYSTEMPATH\CodeIgniter.php(494): CodeIgniter\CodeIgniter->runController(Object(App\Controllers\CV\ContactController))
 7 SYSTEMPATH\CodeIgniter.php(353): CodeIgniter\CodeIgniter->handleRequest(null, Object(Config\Cache), false)
 8 FCPATH\index.php(79): CodeIgniter\CodeIgniter->run()
 9 SYSTEMPATH\Commands\Server\rewrite.php(47): require_once('C:\\Users\\Maxime\\Desktop\\ci4\\codeigniter4-framework-844616e\\public\\index.php')
CRITICAL - 2023-11-20 08:11:18 --> Call to undefined function form_open()
in APPPATH\Views\CV\Contact.php on line 10.
 1 SYSTEMPATH\View\View.php(226): include()
 2 SYSTEMPATH\View\View.php(229): CodeIgniter\View\View->CodeIgniter\View\{closure}()
 3 SYSTEMPATH\Common.php(1188): CodeIgniter\View\View->render('CV/Contact', [], true)
 4 APPPATH\Controllers\CV\ContactController.php(16): view('CV/Contact')
 5 SYSTEMPATH\CodeIgniter.php(919): App\Controllers\CV\ContactController->index()
 6 SYSTEMPATH\CodeIgniter.php(494): CodeIgniter\CodeIgniter->runController(Object(App\Controllers\CV\ContactController))
 7 SYSTEMPATH\CodeIgniter.php(353): CodeIgniter\CodeIgniter->handleRequest(null, Object(Config\Cache), false)
 8 FCPATH\index.php(79): CodeIgniter\CodeIgniter->run()
 9 SYSTEMPATH\Commands\Server\rewrite.php(47): require_once('C:\\Users\\Maxime\\Desktop\\ci4\\codeigniter4-framework-844616e\\public\\index.php')
CRITICAL - 2023-11-20 08:11:19 --> Call to undefined function form_open()
in APPPATH\Views\CV\Contact.php on line 10.
 1 SYSTEMPATH\View\View.php(226): include()
 2 SYSTEMPATH\View\View.php(229): CodeIgniter\View\View->CodeIgniter\View\{closure}()
 3 SYSTEMPATH\Common.php(1188): CodeIgniter\View\View->render('CV/Contact', [], true)
 4 APPPATH\Controllers\CV\ContactController.php(16): view('CV/Contact')
 5 SYSTEMPATH\CodeIgniter.php(919): App\Controllers\CV\ContactController->index()
 6 SYSTEMPATH\CodeIgniter.php(494): CodeIgniter\CodeIgniter->runController(Object(App\Controllers\CV\ContactController))
 7 SYSTEMPATH\CodeIgniter.php(353): CodeIgniter\CodeIgniter->handleRequest(null, Object(Config\Cache), false)
 8 FCPATH\index.php(79): CodeIgniter\CodeIgniter->run()
 9 SYSTEMPATH\Commands\Server\rewrite.php(47): require_once('C:\\Users\\Maxime\\Desktop\\ci4\\codeigniter4-framework-844616e\\public\\index.php')
CRITICAL - 2023-11-20 08:11:19 --> Call to undefined function form_open()
in APPPATH\Views\CV\Contact.php on line 10.
 1 SYSTEMPATH\View\View.php(226): include()
 2 SYSTEMPATH\View\View.php(229): CodeIgniter\View\View->CodeIgniter\View\{closure}()
 3 SYSTEMPATH\Common.php(1188): CodeIgniter\View\View->render('CV/Contact', [], true)
 4 APPPATH\Controllers\CV\ContactController.php(16): view('CV/Contact')
 5 SYSTEMPATH\CodeIgniter.php(919): App\Controllers\CV\ContactController->index()
 6 SYSTEMPATH\CodeIgniter.php(494): CodeIgniter\CodeIgniter->runController(Object(App\Controllers\CV\ContactController))
 7 SYSTEMPATH\CodeIgniter.php(353): CodeIgniter\CodeIgniter->handleRequest(null, Object(Config\Cache), false)
 8 FCPATH\index.php(79): CodeIgniter\CodeIgniter->run()
 9 SYSTEMPATH\Commands\Server\rewrite.php(47): require_once('C:\\Users\\Maxime\\Desktop\\ci4\\codeigniter4-framework-844616e\\public\\index.php')
CRITICAL - 2023-11-20 08:11:19 --> Call to undefined function form_open()
in APPPATH\Views\CV\Contact.php on line 10.
 1 SYSTEMPATH\View\View.php(226): include()
 2 SYSTEMPATH\View\View.php(229): CodeIgniter\View\View->CodeIgniter\View\{closure}()
 3 SYSTEMPATH\Common.php(1188): CodeIgniter\View\View->render('CV/Contact', [], true)
 4 APPPATH\Controllers\CV\ContactController.php(16): view('CV/Contact')
 5 SYSTEMPATH\CodeIgniter.php(919): App\Controllers\CV\ContactController->index()
 6 SYSTEMPATH\CodeIgniter.php(494): CodeIgniter\CodeIgniter->runController(Object(App\Controllers\CV\ContactController))
 7 SYSTEMPATH\CodeIgniter.php(353): CodeIgniter\CodeIgniter->handleRequest(null, Object(Config\Cache), false)
 8 FCPATH\index.php(79): CodeIgniter\CodeIgniter->run()
 9 SYSTEMPATH\Commands\Server\rewrite.php(47): require_once('C:\\Users\\Maxime\\Desktop\\ci4\\codeigniter4-framework-844616e\\public\\index.php')
CRITICAL - 2023-11-20 08:11:19 --> Call to undefined function form_open()
in APPPATH\Views\CV\Contact.php on line 10.
 1 SYSTEMPATH\View\View.php(226): include()
 2 SYSTEMPATH\View\View.php(229): CodeIgniter\View\View->CodeIgniter\View\{closure}()
 3 SYSTEMPATH\Common.php(1188): CodeIgniter\View\View->render('CV/Contact', [], true)
 4 APPPATH\Controllers\CV\ContactController.php(16): view('CV/Contact')
 5 SYSTEMPATH\CodeIgniter.php(919): App\Controllers\CV\ContactController->index()
 6 SYSTEMPATH\CodeIgniter.php(494): CodeIgniter\CodeIgniter->runController(Object(App\Controllers\CV\ContactController))
 7 SYSTEMPATH\CodeIgniter.php(353): CodeIgniter\CodeIgniter->handleRequest(null, Object(Config\Cache), false)
 8 FCPATH\index.php(79): CodeIgniter\CodeIgniter->run()
 9 SYSTEMPATH\Commands\Server\rewrite.php(47): require_once('C:\\Users\\Maxime\\Desktop\\ci4\\codeigniter4-framework-844616e\\public\\index.php')
CRITICAL - 2023-11-20 08:11:20 --> Call to undefined function form_open()
in APPPATH\Views\CV\Contact.php on line 10.
 1 SYSTEMPATH\View\View.php(226): include()
 2 SYSTEMPATH\View\View.php(229): CodeIgniter\View\View->CodeIgniter\View\{closure}()
 3 SYSTEMPATH\Common.php(1188): CodeIgniter\View\View->render('CV/Contact', [], true)
 4 APPPATH\Controllers\CV\ContactController.php(16): view('CV/Contact')
 5 SYSTEMPATH\CodeIgniter.php(919): App\Controllers\CV\ContactController->index()
 6 SYSTEMPATH\CodeIgniter.php(494): CodeIgniter\CodeIgniter->runController(Object(App\Controllers\CV\ContactController))
 7 SYSTEMPATH\CodeIgniter.php(353): CodeIgniter\CodeIgniter->handleRequest(null, Object(Config\Cache), false)
 8 FCPATH\index.php(79): CodeIgniter\CodeIgniter->run()
 9 SYSTEMPATH\Commands\Server\rewrite.php(47): require_once('C:\\Users\\Maxime\\Desktop\\ci4\\codeigniter4-framework-844616e\\public\\index.php')
CRITICAL - 2023-11-20 08:11:20 --> Call to undefined function form_open()
in APPPATH\Views\CV\Contact.php on line 10.
 1 SYSTEMPATH\View\View.php(226): include()
 2 SYSTEMPATH\View\View.php(229): CodeIgniter\View\View->CodeIgniter\View\{closure}()
 3 SYSTEMPATH\Common.php(1188): CodeIgniter\View\View->render('CV/Contact', [], true)
 4 APPPATH\Controllers\CV\ContactController.php(16): view('CV/Contact')
 5 SYSTEMPATH\CodeIgniter.php(919): App\Controllers\CV\ContactController->index()
 6 SYSTEMPATH\CodeIgniter.php(494): CodeIgniter\CodeIgniter->runController(Object(App\Controllers\CV\ContactController))
 7 SYSTEMPATH\CodeIgniter.php(353): CodeIgniter\CodeIgniter->handleRequest(null, Object(Config\Cache), false)
 8 FCPATH\index.php(79): CodeIgniter\CodeIgniter->run()
 9 SYSTEMPATH\Commands\Server\rewrite.php(47): require_once('C:\\Users\\Maxime\\Desktop\\ci4\\codeigniter4-framework-844616e\\public\\index.php')
CRITICAL - 2023-11-20 08:11:20 --> Call to undefined function form_open()
in APPPATH\Views\CV\Contact.php on line 10.
 1 SYSTEMPATH\View\View.php(226): include()
 2 SYSTEMPATH\View\View.php(229): CodeIgniter\View\View->CodeIgniter\View\{closure}()
 3 SYSTEMPATH\Common.php(1188): CodeIgniter\View\View->render('CV/Contact', [], true)
 4 APPPATH\Controllers\CV\ContactController.php(16): view('CV/Contact')
 5 SYSTEMPATH\CodeIgniter.php(919): App\Controllers\CV\ContactController->index()
 6 SYSTEMPATH\CodeIgniter.php(494): CodeIgniter\CodeIgniter->runController(Object(App\Controllers\CV\ContactController))
 7 SYSTEMPATH\CodeIgniter.php(353): CodeIgniter\CodeIgniter->handleRequest(null, Object(Config\Cache), false)
 8 FCPATH\index.php(79): CodeIgniter\CodeIgniter->run()
 9 SYSTEMPATH\Commands\Server\rewrite.php(47): require_once('C:\\Users\\Maxime\\Desktop\\ci4\\codeigniter4-framework-844616e\\public\\index.php')
INFO - 2023-11-20 08:12:03 --> Session: Class initialized using 'CodeIgniter\Session\Handlers\FileHandler' driver.
INFO - 2023-11-20 08:12:15 --> Session: Class initialized using 'CodeIgniter\Session\Handlers\FileHandler' driver.
INFO - 2023-11-20 08:12:34 --> Session: Class initialized using 'CodeIgniter\Session\Handlers\FileHandler' driver.
INFO - 2023-11-20 08:12:41 --> Session: Class initialized using 'CodeIgniter\Session\Handlers\FileHandler' driver.
INFO - 2023-11-20 08:14:09 --> Session: Class initialized using 'CodeIgniter\Session\Handlers\FileHandler' driver.
INFO - 2023-11-20 08:14:16 --> Session: Class initialized using 'CodeIgniter\Session\Handlers\FileHandler' driver.
INFO - 2023-11-20 08:14:23 --> Session: Class initialized using 'CodeIgniter\Session\Handlers\FileHandler' driver.
INFO - 2023-11-20 08:14:23 --> Session: Class initialized using 'CodeIgniter\Session\Handlers\FileHandler' driver.
INFO - 2023-11-20 08:14:42 --> Session: Class initialized using 'CodeIgniter\Session\Handlers\FileHandler' driver.
INFO - 2023-11-20 08:14:45 --> Session: Class initialized using 'CodeIgniter\Session\Handlers\FileHandler' driver.
INFO - 2023-11-20 08:14:46 --> Session: Class initialized using 'CodeIgniter\Session\Handlers\FileHandler' driver.
INFO - 2023-11-20 08:14:46 --> Session: Class initialized using 'CodeIgniter\Session\Handlers\FileHandler' driver.
INFO - 2023-11-20 08:14:46 --> Session: Class initialized using 'CodeIgniter\Session\Handlers\FileHandler' driver.
INFO - 2023-11-20 08:14:57 --> Session: Class initialized using 'CodeIgniter\Session\Handlers\FileHandler' driver.
INFO - 2023-11-20 08:14:57 --> Session: Class initialized using 'CodeIgniter\Session\Handlers\FileHandler' driver.
INFO - 2023-11-20 08:15:19 --> Session: Class initialized using 'CodeIgniter\Session\Handlers\FileHandler' driver.
INFO - 2023-11-20 08:15:20 --> Session: Class initialized using 'CodeIgniter\Session\Handlers\FileHandler' driver.
INFO - 2023-11-20 08:15:22 --> Session: Class initialized using 'CodeIgniter\Session\Handlers\FileHandler' driver.
INFO - 2023-11-20 08:15:22 --> Session: Class initialized using 'CodeIgniter\Session\Handlers\FileHandler' driver.
INFO - 2023-11-20 08:15:29 --> Session: Class initialized using 'CodeIgniter\Session\Handlers\FileHandler' driver.
INFO - 2023-11-20 08:15:30 --> Session: Class initialized using 'CodeIgniter\Session\Handlers\FileHandler' driver.
INFO - 2023-11-20 08:17:46 --> Session: Class initialized using 'CodeIgniter\Session\Handlers\FileHandler' driver.
INFO - 2023-11-20 08:18:20 --> Session: Class initialized using 'CodeIgniter\Session\Handlers\FileHandler' driver.
INFO - 2023-11-20 08:19:08 --> Session: Class initialized using 'CodeIgniter\Session\Handlers\FileHandler' driver.
INFO - 2023-11-20 08:19:13 --> Session: Class initialized using 'CodeIgniter\Session\Handlers\FileHandler' driver.
INFO - 2023-11-20 08:19:44 --> Session: Class initialized using 'CodeIgniter\Session\Handlers\FileHandler' driver.
INFO - 2023-11-20 08:19:46 --> Session: Class initialized using 'CodeIgniter\Session\Handlers\FileHandler' driver.
INFO - 2023-11-20 08:20:37 --> Session: Class initialized using 'CodeIgniter\Session\Handlers\FileHandler' driver.
INFO - 2023-11-20 08:20:39 --> Session: Class initialized using 'CodeIgniter\Session\Handlers\FileHandler' driver.
INFO - 2023-11-20 08:20:41 --> Session: Class initialized using 'CodeIgniter\Session\Handlers\FileHandler' driver.
INFO - 2023-11-20 08:21:25 --> Session: Class initialized using 'CodeIgniter\Session\Handlers\FileHandler' driver.
INFO - 2023-11-20 08:21:27 --> Session: Class initialized using 'CodeIgniter\Session\Handlers\FileHandler' driver.
INFO - 2023-11-20 08:21:34 --> Session: Class initialized using 'CodeIgniter\Session\Handlers\FileHandler' driver.
INFO - 2023-11-20 08:21:34 --> Session: Class initialized using 'CodeIgniter\Session\Handlers\FileHandler' driver.
INFO - 2023-11-20 08:21:36 --> Session: Class initialized using 'CodeIgniter\Session\Handlers\FileHandler' driver.
INFO - 2023-11-20 08:21:39 --> Session: Class initialized using 'CodeIgniter\Session\Handlers\FileHandler' driver.
INFO - 2023-11-20 08:22:24 --> Session: Class initialized using 'CodeIgniter\Session\Handlers\FileHandler' driver.
INFO - 2023-11-20 08:22:26 --> Session: Class initialized using 'CodeIgniter\Session\Handlers\FileHandler' driver.
INFO - 2023-11-20 08:22:28 --> Session: Class initialized using 'CodeIgniter\Session\Handlers\FileHandler' driver.
INFO - 2023-11-20 08:22:39 --> Session: Class initialized using 'CodeIgniter\Session\Handlers\FileHandler' driver.
INFO - 2023-11-20 08:22:42 --> Session: Class initialized using 'CodeIgniter\Session\Handlers\FileHandler' driver.
INFO - 2023-11-20 08:22:43 --> Session: Class initialized using 'CodeIgniter\Session\Handlers\FileHandler' driver.
INFO - 2023-11-20 08:22:46 --> Session: Class initialized using 'CodeIgniter\Session\Handlers\FileHandler' driver.
INFO - 2023-11-20 08:24:16 --> Session: Class initialized using 'CodeIgniter\Session\Handlers\FileHandler' driver.
INFO - 2023-11-20 08:24:21 --> Session: Class initialized using 'CodeIgniter\Session\Handlers\FileHandler' driver.
INFO - 2023-11-20 08:24:28 --> Session: Class initialized using 'CodeIgniter\Session\Handlers\FileHandler' driver.
INFO - 2023-11-20 08:27:13 --> Session: Class initialized using 'CodeIgniter\Session\Handlers\FileHandler' driver.
INFO - 2023-11-20 08:27:20 --> Session: Class initialized using 'CodeIgniter\Session\Handlers\FileHandler' driver.
INFO - 2023-11-20 08:28:48 --> Session: Class initialized using 'CodeIgniter\Session\Handlers\FileHandler' driver.
INFO - 2023-11-20 08:28:52 --> Session: Class initialized using 'CodeIgniter\Session\Handlers\FileHandler' driver.
INFO - 2023-11-20 08:28:59 --> Session: Class initialized using 'CodeIgniter\Session\Handlers\FileHandler' driver.
INFO - 2023-11-20 08:29:02 --> Session: Class initialized using 'CodeIgniter\Session\Handlers\FileHandler' driver.
INFO - 2023-11-20 08:29:03 --> Session: Class initialized using 'CodeIgniter\Session\Handlers\FileHandler' driver.
INFO - 2023-11-20 08:29:03 --> Session: Class initialized using 'CodeIgniter\Session\Handlers\FileHandler' driver.
INFO - 2023-11-20 08:29:04 --> Session: Class initialized using 'CodeIgniter\Session\Handlers\FileHandler' driver.
INFO - 2023-11-20 08:29:19 --> Session: Class initialized using 'CodeIgniter\Session\Handlers\FileHandler' driver.
INFO - 2023-11-20 08:29:25 --> Session: Class initialized using 'CodeIgniter\Session\Handlers\FileHandler' driver.
INFO - 2023-11-20 08:33:19 --> Session: Class initialized using 'CodeIgniter\Session\Handlers\FileHandler' driver.
INFO - 2023-11-20 08:33:19 --> Session: Class initialized using 'CodeIgniter\Session\Handlers\FileHandler' driver.
CRITICAL - 2023-11-20 08:33:22 --> view(): Argument #2 ($data) must be of type array, string given, called in C:\Users\Maxime\Desktop\ci4\codeigniter4-framework-844616e\app\Controllers\CV\ContactController.php on line 50
in SYSTEMPATH\Common.php on line 1176.
 1 APPPATH\Controllers\CV\ContactController.php(50): view('CV/Contact', 'Votre message a été envoyé !')
 2 SYSTEMPATH\CodeIgniter.php(919): App\Controllers\CV\ContactController->send()
 3 SYSTEMPATH\CodeIgniter.php(494): CodeIgniter\CodeIgniter->runController(Object(App\Controllers\CV\ContactController))
 4 SYSTEMPATH\CodeIgniter.php(353): CodeIgniter\CodeIgniter->handleRequest(null, Object(Config\Cache), false)
 5 FCPATH\index.php(79): CodeIgniter\CodeIgniter->run()
 6 SYSTEMPATH\Commands\Server\rewrite.php(47): require_once('C:\\Users\\Maxime\\Desktop\\ci4\\codeigniter4-framework-844616e\\public\\index.php')
INFO - 2023-11-20 08:34:15 --> Session: Class initialized using 'CodeIgniter\Session\Handlers\FileHandler' driver.
CRITICAL - 2023-11-20 08:34:15 --> Cannot access offset of type string on string
in APPPATH\Views\CV\Contact.php on line 40.
 1 SYSTEMPATH\View\View.php(226): include()
 2 SYSTEMPATH\View\View.php(229): CodeIgniter\View\View->CodeIgniter\View\{closure}()
 3 SYSTEMPATH\Common.php(1188): CodeIgniter\View\View->render('CV/Contact', [], true)
 4 APPPATH\Controllers\CV\ContactController.php(50): view('CV/Contact', [...])
 5 SYSTEMPATH\CodeIgniter.php(919): App\Controllers\CV\ContactController->send()
 6 SYSTEMPATH\CodeIgniter.php(494): CodeIgniter\CodeIgniter->runController(Object(App\Controllers\CV\ContactController))
 7 SYSTEMPATH\CodeIgniter.php(353): CodeIgniter\CodeIgniter->handleRequest(null, Object(Config\Cache), false)
 8 FCPATH\index.php(79): CodeIgniter\CodeIgniter->run()
 9 SYSTEMPATH\Commands\Server\rewrite.php(47): require_once('C:\\Users\\Maxime\\Desktop\\ci4\\codeigniter4-framework-844616e\\public\\index.php')
INFO - 2023-11-20 08:35:01 --> Session: Class initialized using 'CodeIgniter\Session\Handlers\FileHandler' driver.
CRITICAL - 2023-11-20 08:35:01 --> Cannot access offset of type string on string
in APPPATH\Views\CV\Contact.php on line 40.
 1 SYSTEMPATH\View\View.php(226): include()
 2 SYSTEMPATH\View\View.php(229): CodeIgniter\View\View->CodeIgniter\View\{closure}()
 3 SYSTEMPATH\Common.php(1188): CodeIgniter\View\View->render('CV/Contact', [], true)
 4 APPPATH\Controllers\CV\ContactController.php(50): view('CV/Contact', [...])
 5 SYSTEMPATH\CodeIgniter.php(919): App\Controllers\CV\ContactController->send()
 6 SYSTEMPATH\CodeIgniter.php(494): CodeIgniter\CodeIgniter->runController(Object(App\Controllers\CV\ContactController))
 7 SYSTEMPATH\CodeIgniter.php(353): CodeIgniter\CodeIgniter->handleRequest(null, Object(Config\Cache), false)
 8 FCPATH\index.php(79): CodeIgniter\CodeIgniter->run()
 9 SYSTEMPATH\Commands\Server\rewrite.php(47): require_once('C:\\Users\\Maxime\\Desktop\\ci4\\codeigniter4-framework-844616e\\public\\index.php')
INFO - 2023-11-20 08:35:03 --> Session: Class initialized using 'CodeIgniter\Session\Handlers\FileHandler' driver.
CRITICAL - 2023-11-20 08:35:03 --> Cannot access offset of type string on string
in APPPATH\Views\CV\Contact.php on line 40.
 1 SYSTEMPATH\View\View.php(226): include()
 2 SYSTEMPATH\View\View.php(229): CodeIgniter\View\View->CodeIgniter\View\{closure}()
 3 SYSTEMPATH\Common.php(1188): CodeIgniter\View\View->render('CV/Contact', [], true)
 4 APPPATH\Controllers\CV\ContactController.php(21): view('CV/Contact')
 5 SYSTEMPATH\CodeIgniter.php(919): App\Controllers\CV\ContactController->index()
 6 SYSTEMPATH\CodeIgniter.php(494): CodeIgniter\CodeIgniter->runController(Object(App\Controllers\CV\ContactController))
 7 SYSTEMPATH\CodeIgniter.php(353): CodeIgniter\CodeIgniter->handleRequest(null, Object(Config\Cache), false)
 8 FCPATH\index.php(79): CodeIgniter\CodeIgniter->run()
 9 SYSTEMPATH\Commands\Server\rewrite.php(47): require_once('C:\\Users\\Maxime\\Desktop\\ci4\\codeigniter4-framework-844616e\\public\\index.php')
INFO - 2023-11-20 08:35:04 --> Session: Class initialized using 'CodeIgniter\Session\Handlers\FileHandler' driver.
CRITICAL - 2023-11-20 08:35:04 --> Cannot access offset of type string on string
in APPPATH\Views\CV\Contact.php on line 40.
 1 SYSTEMPATH\View\View.php(226): include()
 2 SYSTEMPATH\View\View.php(229): CodeIgniter\View\View->CodeIgniter\View\{closure}()
 3 SYSTEMPATH\Common.php(1188): CodeIgniter\View\View->render('CV/Contact', [], true)
 4 APPPATH\Controllers\CV\ContactController.php(21): view('CV/Contact')
 5 SYSTEMPATH\CodeIgniter.php(919): App\Controllers\CV\ContactController->index()
 6 SYSTEMPATH\CodeIgniter.php(494): CodeIgniter\CodeIgniter->runController(Object(App\Controllers\CV\ContactController))
 7 SYSTEMPATH\CodeIgniter.php(353): CodeIgniter\CodeIgniter->handleRequest(null, Object(Config\Cache), false)
 8 FCPATH\index.php(79): CodeIgniter\CodeIgniter->run()
 9 SYSTEMPATH\Commands\Server\rewrite.php(47): require_once('C:\\Users\\Maxime\\Desktop\\ci4\\codeigniter4-framework-844616e\\public\\index.php')
INFO - 2023-11-20 08:35:43 --> Session: Class initialized using 'CodeIgniter\Session\Handlers\FileHandler' driver.
CRITICAL - 2023-11-20 08:35:43 --> Cannot access offset of type string on string
in APPPATH\Views\CV\Contact.php on line 40.
 1 SYSTEMPATH\View\View.php(226): include()
 2 SYSTEMPATH\View\View.php(229): CodeIgniter\View\View->CodeIgniter\View\{closure}()
 3 SYSTEMPATH\Common.php(1188): CodeIgniter\View\View->render('CV/Contact', [], true)
 4 APPPATH\Controllers\CV\ContactController.php(21): view('CV/Contact')
 5 SYSTEMPATH\CodeIgniter.php(919): App\Controllers\CV\ContactController->index()
 6 SYSTEMPATH\CodeIgniter.php(494): CodeIgniter\CodeIgniter->runController(Object(App\Controllers\CV\ContactController))
 7 SYSTEMPATH\CodeIgniter.php(353): CodeIgniter\CodeIgniter->handleRequest(null, Object(Config\Cache), false)
 8 FCPATH\index.php(79): CodeIgniter\CodeIgniter->run()
 9 SYSTEMPATH\Commands\Server\rewrite.php(47): require_once('C:\\Users\\Maxime\\Desktop\\ci4\\codeigniter4-framework-844616e\\public\\index.php')
INFO - 2023-11-20 08:35:43 --> Session: Class initialized using 'CodeIgniter\Session\Handlers\FileHandler' driver.
CRITICAL - 2023-11-20 08:35:43 --> Cannot access offset of type string on string
in APPPATH\Views\CV\Contact.php on line 40.
 1 SYSTEMPATH\View\View.php(226): include()
 2 SYSTEMPATH\View\View.php(229): CodeIgniter\View\View->CodeIgniter\View\{closure}()
 3 SYSTEMPATH\Common.php(1188): CodeIgniter\View\View->render('CV/Contact', [], true)
 4 APPPATH\Controllers\CV\ContactController.php(21): view('CV/Contact')
 5 SYSTEMPATH\CodeIgniter.php(919): App\Controllers\CV\ContactController->index()
 6 SYSTEMPATH\CodeIgniter.php(494): CodeIgniter\CodeIgniter->runController(Object(App\Controllers\CV\ContactController))
 7 SYSTEMPATH\CodeIgniter.php(353): CodeIgniter\CodeIgniter->handleRequest(null, Object(Config\Cache), false)
 8 FCPATH\index.php(79): CodeIgniter\CodeIgniter->run()
 9 SYSTEMPATH\Commands\Server\rewrite.php(47): require_once('C:\\Users\\Maxime\\Desktop\\ci4\\codeigniter4-framework-844616e\\public\\index.php')
INFO - 2023-11-20 08:35:45 --> Session: Class initialized using 'CodeIgniter\Session\Handlers\FileHandler' driver.
CRITICAL - 2023-11-20 08:35:45 --> Cannot access offset of type string on string
in APPPATH\Views\CV\Contact.php on line 40.
 1 SYSTEMPATH\View\View.php(226): include()
 2 SYSTEMPATH\View\View.php(229): CodeIgniter\View\View->CodeIgniter\View\{closure}()
 3 SYSTEMPATH\Common.php(1188): CodeIgniter\View\View->render('CV/Contact', [], true)
 4 APPPATH\Controllers\CV\ContactController.php(21): view('CV/Contact')
 5 SYSTEMPATH\CodeIgniter.php(919): App\Controllers\CV\ContactController->index()
 6 SYSTEMPATH\CodeIgniter.php(494): CodeIgniter\CodeIgniter->runController(Object(App\Controllers\CV\ContactController))
 7 SYSTEMPATH\CodeIgniter.php(353): CodeIgniter\CodeIgniter->handleRequest(null, Object(Config\Cache), false)
 8 FCPATH\index.php(79): CodeIgniter\CodeIgniter->run()
 9 SYSTEMPATH\Commands\Server\rewrite.php(47): require_once('C:\\Users\\Maxime\\Desktop\\ci4\\codeigniter4-framework-844616e\\public\\index.php')
CRITICAL - 2023-11-20 08:36:06 --> syntax error, unexpected token "}", expecting "," or ";"
in APPPATH\Views\CV\Contact.php on line 40.
 1 SYSTEMPATH\View\View.php(229): CodeIgniter\View\View->CodeIgniter\View\{closure}()
 2 SYSTEMPATH\Common.php(1188): CodeIgniter\View\View->render('CV/Contact', [], true)
 3 APPPATH\Controllers\CV\ContactController.php(21): view('CV/Contact')
 4 SYSTEMPATH\CodeIgniter.php(919): App\Controllers\CV\ContactController->index()
 5 SYSTEMPATH\CodeIgniter.php(494): CodeIgniter\CodeIgniter->runController(Object(App\Controllers\CV\ContactController))
 6 SYSTEMPATH\CodeIgniter.php(353): CodeIgniter\CodeIgniter->handleRequest(null, Object(Config\Cache), false)
 7 FCPATH\index.php(79): CodeIgniter\CodeIgniter->run()
 8 SYSTEMPATH\Commands\Server\rewrite.php(47): require_once('C:\\Users\\Maxime\\Desktop\\ci4\\codeigniter4-framework-844616e\\public\\index.php')
INFO - 2023-11-20 08:36:13 --> Session: Class initialized using 'CodeIgniter\Session\Handlers\FileHandler' driver.
CRITICAL - 2023-11-20 08:36:13 --> Cannot access offset of type string on string
in APPPATH\Views\CV\Contact.php on line 40.
 1 SYSTEMPATH\View\View.php(226): include()
 2 SYSTEMPATH\View\View.php(229): CodeIgniter\View\View->CodeIgniter\View\{closure}()
 3 SYSTEMPATH\Common.php(1188): CodeIgniter\View\View->render('CV/Contact', [], true)
 4 APPPATH\Controllers\CV\ContactController.php(21): view('CV/Contact')
 5 SYSTEMPATH\CodeIgniter.php(919): App\Controllers\CV\ContactController->index()
 6 SYSTEMPATH\CodeIgniter.php(494): CodeIgniter\CodeIgniter->runController(Object(App\Controllers\CV\ContactController))
 7 SYSTEMPATH\CodeIgniter.php(353): CodeIgniter\CodeIgniter->handleRequest(null, Object(Config\Cache), false)
 8 FCPATH\index.php(79): CodeIgniter\CodeIgniter->run()
 9 SYSTEMPATH\Commands\Server\rewrite.php(47): require_once('C:\\Users\\Maxime\\Desktop\\ci4\\codeigniter4-framework-844616e\\public\\index.php')
INFO - 2023-11-20 08:36:14 --> Session: Class initialized using 'CodeIgniter\Session\Handlers\FileHandler' driver.
CRITICAL - 2023-11-20 08:36:14 --> Cannot access offset of type string on string
in APPPATH\Views\CV\Contact.php on line 40.
 1 SYSTEMPATH\View\View.php(226): include()
 2 SYSTEMPATH\View\View.php(229): CodeIgniter\View\View->CodeIgniter\View\{closure}()
 3 SYSTEMPATH\Common.php(1188): CodeIgniter\View\View->render('CV/Contact', [], true)
 4 APPPATH\Controllers\CV\ContactController.php(21): view('CV/Contact')
 5 SYSTEMPATH\CodeIgniter.php(919): App\Controllers\CV\ContactController->index()
 6 SYSTEMPATH\CodeIgniter.php(494): CodeIgniter\CodeIgniter->runController(Object(App\Controllers\CV\ContactController))
 7 SYSTEMPATH\CodeIgniter.php(353): CodeIgniter\CodeIgniter->handleRequest(null, Object(Config\Cache), false)
 8 FCPATH\index.php(79): CodeIgniter\CodeIgniter->run()
 9 SYSTEMPATH\Commands\Server\rewrite.php(47): require_once('C:\\Users\\Maxime\\Desktop\\ci4\\codeigniter4-framework-844616e\\public\\index.php')
INFO - 2023-11-20 08:37:31 --> Session: Class initialized using 'CodeIgniter\Session\Handlers\FileHandler' driver.
INFO - 2023-11-20 08:37:34 --> Session: Class initialized using 'CodeIgniter\Session\Handlers\FileHandler' driver.
INFO - 2023-11-20 08:39:57 --> Session: Class initialized using 'CodeIgniter\Session\Handlers\FileHandler' driver.
INFO - 2023-11-20 08:39:58 --> Session: Class initialized using 'CodeIgniter\Session\Handlers\FileHandler' driver.
INFO - 2023-11-20 08:40:00 --> Session: Class initialized using 'CodeIgniter\Session\Handlers\FileHandler' driver.
INFO - 2023-11-20 08:40:04 --> Session: Class initialized using 'CodeIgniter\Session\Handlers\FileHandler' driver.
INFO - 2023-11-20 08:40:04 --> Session: Class initialized using 'CodeIgniter\Session\Handlers\FileHandler' driver.
INFO - 2023-11-20 08:40:05 --> Session: Class initialized using 'CodeIgniter\Session\Handlers\FileHandler' driver.
INFO - 2023-11-20 08:40:05 --> Session: Class initialized using 'CodeIgniter\Session\Handlers\FileHandler' driver.
INFO - 2023-11-20 08:40:06 --> Session: Class initialized using 'CodeIgniter\Session\Handlers\FileHandler' driver.
INFO - 2023-11-20 08:40:07 --> Session: Class initialized using 'CodeIgniter\Session\Handlers\FileHandler' driver.
INFO - 2023-11-20 08:40:08 --> Session: Class initialized using 'CodeIgniter\Session\Handlers\FileHandler' driver.
CRITICAL - 2023-11-20 08:41:58 --> Unmatched '}'
in APPPATH\Controllers\CV\ContactController.php on line 69.
 1 SYSTEMPATH\Autoloader\Autoloader.php(285): CodeIgniter\Autoloader\Autoloader->includeFile('C:\\Users\\Maxime\\Desktop\\ci4\\codeigniter4-framework-844616e\\app\\Controllers\\CV\\ContactController.php')
 2 SYSTEMPATH\Autoloader\Autoloader.php(263): CodeIgniter\Autoloader\Autoloader->loadInNamespace('App\\Controllers\\CV\\ContactController')
 3 [internal function]: CodeIgniter\Autoloader\Autoloader->loadClass('App\\Controllers\\CV\\ContactController')
 4 SYSTEMPATH\CodeIgniter.php(877): class_exists('\\App\\Controllers\\CV\\ContactController', true)
 5 SYSTEMPATH\CodeIgniter.php(481): CodeIgniter\CodeIgniter->startController()
 6 SYSTEMPATH\CodeIgniter.php(353): CodeIgniter\CodeIgniter->handleRequest(null, Object(Config\Cache), false)
 7 FCPATH\index.php(79): CodeIgniter\CodeIgniter->run()
 8 SYSTEMPATH\Commands\Server\rewrite.php(47): require_once('C:\\Users\\Maxime\\Desktop\\ci4\\codeigniter4-framework-844616e\\public\\index.php')
WARNING - 2023-11-20 08:42:13 --> [DEPRECATED] trim(): Passing null to parameter #1 ($string) of type string is deprecated in SYSTEMPATH\Validation\Validation.php on line 296.
 1 SYSTEMPATH\Validation\Validation.php(296): trim(null)
 2 SYSTEMPATH\Validation\Validation.php(195): CodeIgniter\Validation\Validation->processRules('title', 'title', null, [...], [...])
 3 SYSTEMPATH\Controller.php(150): CodeIgniter\Validation\Validation->run()
 4 APPPATH\Controllers\CV\ContactController.php(34): CodeIgniter\Controller->validate([...])
 5 SYSTEMPATH\CodeIgniter.php(919): App\Controllers\CV\ContactController->send()
 6 SYSTEMPATH\CodeIgniter.php(494): CodeIgniter\CodeIgniter->runController(Object(App\Controllers\CV\ContactController))
 7 SYSTEMPATH\CodeIgniter.php(353): CodeIgniter\CodeIgniter->handleRequest(null, Object(Config\Cache), false)
 8 FCPATH\index.php(79): CodeIgniter\CodeIgniter->run()
 9 SYSTEMPATH\Commands\Server\rewrite.php(47): require_once('C:\\Users\\Maxime\\Desktop\\ci4\\codeigniter4-framework-844616e\\public\\index.php')
INFO - 2023-11-20 08:42:13 --> Session: Class initialized using 'CodeIgniter\Session\Handlers\FileHandler' driver.
INFO - 2023-11-20 08:42:18 --> Session: Class initialized using 'CodeIgniter\Session\Handlers\FileHandler' driver.
CRITICAL - 2023-11-20 08:42:18 --> Undefined array key "email"
in APPPATH\Controllers\CV\ContactController.php on line 54.
 1 APPPATH\Controllers\CV\ContactController.php(54): CodeIgniter\Debug\Exceptions->errorHandler(2, 'Undefined array key "email"', 'C:\\Users\\Maxime\\Desktop\\ci4\\codeigniter4-framework-844616e\\app\\Controllers\\CV\\ContactController.php', 54)
 2 SYSTEMPATH\CodeIgniter.php(919): App\Controllers\CV\ContactController->send()
 3 SYSTEMPATH\CodeIgniter.php(494): CodeIgniter\CodeIgniter->runController(Object(App\Controllers\CV\ContactController))
 4 SYSTEMPATH\CodeIgniter.php(353): CodeIgniter\CodeIgniter->handleRequest(null, Object(Config\Cache), false)
 5 FCPATH\index.php(79): CodeIgniter\CodeIgniter->run()
 6 SYSTEMPATH\Commands\Server\rewrite.php(47): require_once('C:\\Users\\Maxime\\Desktop\\ci4\\codeigniter4-framework-844616e\\public\\index.php')
INFO - 2023-11-20 08:43:46 --> Session: Class initialized using 'CodeIgniter\Session\Handlers\FileHandler' driver.
INFO - 2023-11-20 08:43:49 --> Session: Class initialized using 'CodeIgniter\Session\Handlers\FileHandler' driver.
CRITICAL - 2023-11-20 08:43:49 --> Undefined array key "email"
in APPPATH\Controllers\CV\ContactController.php on line 54.
 1 APPPATH\Controllers\CV\ContactController.php(54): CodeIgniter\Debug\Exceptions->errorHandler(2, 'Undefined array key "email"', 'C:\\Users\\Maxime\\Desktop\\ci4\\codeigniter4-framework-844616e\\app\\Controllers\\CV\\ContactController.php', 54)
 2 SYSTEMPATH\CodeIgniter.php(919): App\Controllers\CV\ContactController->send()
 3 SYSTEMPATH\CodeIgniter.php(494): CodeIgniter\CodeIgniter->runController(Object(App\Controllers\CV\ContactController))
 4 SYSTEMPATH\CodeIgniter.php(353): CodeIgniter\CodeIgniter->handleRequest(null, Object(Config\Cache), false)
 5 FCPATH\index.php(79): CodeIgniter\CodeIgniter->run()
 6 SYSTEMPATH\Commands\Server\rewrite.php(47): require_once('C:\\Users\\Maxime\\Desktop\\ci4\\codeigniter4-framework-844616e\\public\\index.php')
INFO - 2023-11-20 08:44:11 --> Session: Class initialized using 'CodeIgniter\Session\Handlers\FileHandler' driver.
INFO - 2023-11-20 08:44:12 --> Session: Class initialized using 'CodeIgniter\Session\Handlers\FileHandler' driver.
INFO - 2023-11-20 08:44:16 --> Session: Class initialized using 'CodeIgniter\Session\Handlers\FileHandler' driver.
CRITICAL - 2023-11-20 08:44:16 --> Undefined array key "email"
in APPPATH\Controllers\CV\ContactController.php on line 54.
 1 APPPATH\Controllers\CV\ContactController.php(54): CodeIgniter\Debug\Exceptions->errorHandler(2, 'Undefined array key "email"', 'C:\\Users\\Maxime\\Desktop\\ci4\\codeigniter4-framework-844616e\\app\\Controllers\\CV\\ContactController.php', 54)
 2 SYSTEMPATH\CodeIgniter.php(919): App\Controllers\CV\ContactController->send()
 3 SYSTEMPATH\CodeIgniter.php(494): CodeIgniter\CodeIgniter->runController(Object(App\Controllers\CV\ContactController))
 4 SYSTEMPATH\CodeIgniter.php(353): CodeIgniter\CodeIgniter->handleRequest(null, Object(Config\Cache), false)
 5 FCPATH\index.php(79): CodeIgniter\CodeIgniter->run()
 6 SYSTEMPATH\Commands\Server\rewrite.php(47): require_once('C:\\Users\\Maxime\\Desktop\\ci4\\codeigniter4-framework-844616e\\public\\index.php')
INFO - 2023-11-20 08:45:08 --> Session: Class initialized using 'CodeIgniter\Session\Handlers\FileHandler' driver.
CRITICAL - 2023-11-20 08:45:08 --> Undefined array key "email"
in APPPATH\Controllers\CV\ContactController.php on line 55.
 1 APPPATH\Controllers\CV\ContactController.php(55): CodeIgniter\Debug\Exceptions->errorHandler(2, 'Undefined array key "email"', 'C:\\Users\\Maxime\\Desktop\\ci4\\codeigniter4-framework-844616e\\app\\Controllers\\CV\\ContactController.php', 55)
 2 SYSTEMPATH\CodeIgniter.php(919): App\Controllers\CV\ContactController->send()
 3 SYSTEMPATH\CodeIgniter.php(494): CodeIgniter\CodeIgniter->runController(Object(App\Controllers\CV\ContactController))
 4 SYSTEMPATH\CodeIgniter.php(353): CodeIgniter\CodeIgniter->handleRequest(null, Object(Config\Cache), false)
 5 FCPATH\index.php(79): CodeIgniter\CodeIgniter->run()
 6 SYSTEMPATH\Commands\Server\rewrite.php(47): require_once('C:\\Users\\Maxime\\Desktop\\ci4\\codeigniter4-framework-844616e\\public\\index.php')
INFO - 2023-11-20 08:45:12 --> Session: Class initialized using 'CodeIgniter\Session\Handlers\FileHandler' driver.
INFO - 2023-11-20 08:45:13 --> Session: Class initialized using 'CodeIgniter\Session\Handlers\FileHandler' driver.
INFO - 2023-11-20 08:45:17 --> Session: Class initialized using 'CodeIgniter\Session\Handlers\FileHandler' driver.
CRITICAL - 2023-11-20 08:45:17 --> Undefined array key "email"
in APPPATH\Controllers\CV\ContactController.php on line 55.
 1 APPPATH\Controllers\CV\ContactController.php(55): CodeIgniter\Debug\Exceptions->errorHandler(2, 'Undefined array key "email"', 'C:\\Users\\Maxime\\Desktop\\ci4\\codeigniter4-framework-844616e\\app\\Controllers\\CV\\ContactController.php', 55)
 2 SYSTEMPATH\CodeIgniter.php(919): App\Controllers\CV\ContactController->send()
 3 SYSTEMPATH\CodeIgniter.php(494): CodeIgniter\CodeIgniter->runController(Object(App\Controllers\CV\ContactController))
 4 SYSTEMPATH\CodeIgniter.php(353): CodeIgniter\CodeIgniter->handleRequest(null, Object(Config\Cache), false)
 5 FCPATH\index.php(79): CodeIgniter\CodeIgniter->run()
 6 SYSTEMPATH\Commands\Server\rewrite.php(47): require_once('C:\\Users\\Maxime\\Desktop\\ci4\\codeigniter4-framework-844616e\\public\\index.php')
INFO - 2023-11-20 08:46:37 --> Session: Class initialized using 'CodeIgniter\Session\Handlers\FileHandler' driver.
INFO - 2023-11-20 08:46:37 --> Session: Class initialized using 'CodeIgniter\Session\Handlers\FileHandler' driver.
INFO - 2023-11-20 08:46:40 --> Session: Class initialized using 'CodeIgniter\Session\Handlers\FileHandler' driver.
ERROR - 2023-11-20 08:46:42 --> Email: sendWithMail throwed ErrorException: mail(): Failed to connect to mailserver at &quot;localhost&quot; port 25, verify your &quot;SMTP&quot; and &quot;smtp_port&quot; setting in php.ini or use ini_set() in C:\Users\Maxime\Desktop\ci4\codeigniter4-framework-844616e\system\Email\Email.php:1749
Stack trace:
#0 [internal function]: CodeIgniter\Debug\Exceptions->errorHandler(2, 'mail(): Failed ...', 'C:\\Users\\Maxime...', 1749)
#1 C:\Users\Maxime\Desktop\ci4\codeigniter4-framework-844616e\system\Email\Email.php(1749): mail('maximebrochard....', '=?UTF-8?Q?eqe?=', 'qze\r\n', 'Date: Mon, 20 N...', '-f maimemail.br...')
#2 C:\Users\Maxime\Desktop\ci4\codeigniter4-framework-844616e\system\Email\Email.php(1681): CodeIgniter\Email\Email->sendWithMail()
#3 C:\Users\Maxime\Desktop\ci4\codeigniter4-framework-844616e\system\Email\Email.php(1575): CodeIgniter\Email\Email->spoolEmail()
#4 C:\Users\Maxime\Desktop\ci4\codeigniter4-framework-844616e\app\Controllers\CV\ContactController.php(58): CodeIgniter\Email\Email->send()
#5 C:\Users\Maxime\Desktop\ci4\codeigniter4-framework-844616e\system\CodeIgniter.php(919): App\Controllers\CV\ContactController->send()
#6 C:\Users\Maxime\Desktop\ci4\codeigniter4-framework-844616e\system\CodeIgniter.php(494): CodeIgniter\CodeIgniter->runController(Object(App\Controllers\CV\ContactController))
#7 C:\Users\Maxime\Desktop\ci4\codeigniter4-framework-844616e\system\CodeIgniter.php(353): CodeIgniter\CodeIgniter->handleRequest(NULL, Object(Config\Cache), false)
#8 C:\Users\Maxime\Desktop\ci4\codeigniter4-framework-844616e\public\index.php(79): CodeIgniter\CodeIgniter->run()
#9 C:\Users\Maxime\Desktop\ci4\codeigniter4-framework-844616e\system\Commands\Server\rewrite.php(47): require_once('C:\\Users\\Maxime...')
#10 {main}
ERROR - 2023-11-20 08:46:42 --> Email: Impossible d'envoyer des emails avec la fonction mail() de PHP. Votre serveur n'est peut-être pas configuré pour pouvoir utiliser cette méthode.
ERROR - 2023-11-20 08:46:42 --> 
INFO - 2023-11-20 08:46:42 --> Session: Class initialized using 'CodeIgniter\Session\Handlers\FileHandler' driver.
ERROR - 2023-11-20 08:46:45 --> Email: sendWithMail throwed ErrorException: mail(): Failed to connect to mailserver at &quot;localhost&quot; port 25, verify your &quot;SMTP&quot; and &quot;smtp_port&quot; setting in php.ini or use ini_set() in C:\Users\Maxime\Desktop\ci4\codeigniter4-framework-844616e\system\Email\Email.php:1749
Stack trace:
#0 [internal function]: CodeIgniter\Debug\Exceptions->errorHandler(2, 'mail(): Failed ...', 'C:\\Users\\Maxime...', 1749)
#1 C:\Users\Maxime\Desktop\ci4\codeigniter4-framework-844616e\system\Email\Email.php(1749): mail('maximebrochard....', '=?UTF-8?Q?eqe?=', 'qze\r\n', 'Date: Mon, 20 N...', '-f maimemail.br...')
#2 C:\Users\Maxime\Desktop\ci4\codeigniter4-framework-844616e\system\Email\Email.php(1681): CodeIgniter\Email\Email->sendWithMail()
#3 C:\Users\Maxime\Desktop\ci4\codeigniter4-framework-844616e\system\Email\Email.php(1575): CodeIgniter\Email\Email->spoolEmail()
#4 C:\Users\Maxime\Desktop\ci4\codeigniter4-framework-844616e\app\Controllers\CV\ContactController.php(58): CodeIgniter\Email\Email->send()
#5 C:\Users\Maxime\Desktop\ci4\codeigniter4-framework-844616e\system\CodeIgniter.php(919): App\Controllers\CV\ContactController->send()
#6 C:\Users\Maxime\Desktop\ci4\codeigniter4-framework-844616e\system\CodeIgniter.php(494): CodeIgniter\CodeIgniter->runController(Object(App\Controllers\CV\ContactController))
#7 C:\Users\Maxime\Desktop\ci4\codeigniter4-framework-844616e\system\CodeIgniter.php(353): CodeIgniter\CodeIgniter->handleRequest(NULL, Object(Config\Cache), false)
#8 C:\Users\Maxime\Desktop\ci4\codeigniter4-framework-844616e\public\index.php(79): CodeIgniter\CodeIgniter->run()
#9 C:\Users\Maxime\Desktop\ci4\codeigniter4-framework-844616e\system\Commands\Server\rewrite.php(47): require_once('C:\\Users\\Maxime...')
#10 {main}
ERROR - 2023-11-20 08:46:45 --> Email: Impossible d'envoyer des emails avec la fonction mail() de PHP. Votre serveur n'est peut-être pas configuré pour pouvoir utiliser cette méthode.
ERROR - 2023-11-20 08:46:45 --> 
INFO - 2023-11-20 08:48:43 --> Session: Class initialized using 'CodeIgniter\Session\Handlers\FileHandler' driver.
ERROR - 2023-11-20 08:48:45 --> Email: sendWithMail throwed ErrorException: mail(): Failed to connect to mailserver at &quot;localhost&quot; port 25, verify your &quot;SMTP&quot; and &quot;smtp_port&quot; setting in php.ini or use ini_set() in C:\Users\Maxime\Desktop\ci4\codeigniter4-framework-844616e\system\Email\Email.php:1749
Stack trace:
#0 [internal function]: CodeIgniter\Debug\Exceptions->errorHandler(2, 'mail(): Failed ...', 'C:\\Users\\Maxime...', 1749)
#1 C:\Users\Maxime\Desktop\ci4\codeigniter4-framework-844616e\system\Email\Email.php(1749): mail('maxime.brochard...', '=?UTF-8?Q?eqe?=', 'qze\r\n', 'Date: Mon, 20 N...', '-f maimemail.br...')
#2 C:\Users\Maxime\Desktop\ci4\codeigniter4-framework-844616e\system\Email\Email.php(1681): CodeIgniter\Email\Email->sendWithMail()
#3 C:\Users\Maxime\Desktop\ci4\codeigniter4-framework-844616e\system\Email\Email.php(1575): CodeIgniter\Email\Email->spoolEmail()
#4 C:\Users\Maxime\Desktop\ci4\codeigniter4-framework-844616e\app\Controllers\CV\ContactController.php(58): CodeIgniter\Email\Email->send()
#5 C:\Users\Maxime\Desktop\ci4\codeigniter4-framework-844616e\system\CodeIgniter.php(919): App\Controllers\CV\ContactController->send()
#6 C:\Users\Maxime\Desktop\ci4\codeigniter4-framework-844616e\system\CodeIgniter.php(494): CodeIgniter\CodeIgniter->runController(Object(App\Controllers\CV\ContactController))
#7 C:\Users\Maxime\Desktop\ci4\codeigniter4-framework-844616e\system\CodeIgniter.php(353): CodeIgniter\CodeIgniter->handleRequest(NULL, Object(Config\Cache), false)
#8 C:\Users\Maxime\Desktop\ci4\codeigniter4-framework-844616e\public\index.php(79): CodeIgniter\CodeIgniter->run()
#9 C:\Users\Maxime\Desktop\ci4\codeigniter4-framework-844616e\system\Commands\Server\rewrite.php(47): require_once('C:\\Users\\Maxime...')
#10 {main}
ERROR - 2023-11-20 08:48:45 --> Email: Impossible d'envoyer des emails avec la fonction mail() de PHP. Votre serveur n'est peut-être pas configuré pour pouvoir utiliser cette méthode.
ERROR - 2023-11-20 08:48:45 --> 
INFO - 2023-11-20 08:48:46 --> Session: Class initialized using 'CodeIgniter\Session\Handlers\FileHandler' driver.
ERROR - 2023-11-20 08:48:48 --> Email: sendWithMail throwed ErrorException: mail(): Failed to connect to mailserver at &quot;localhost&quot; port 25, verify your &quot;SMTP&quot; and &quot;smtp_port&quot; setting in php.ini or use ini_set() in C:\Users\Maxime\Desktop\ci4\codeigniter4-framework-844616e\system\Email\Email.php:1749
Stack trace:
#0 [internal function]: CodeIgniter\Debug\Exceptions->errorHandler(2, 'mail(): Failed ...', 'C:\\Users\\Maxime...', 1749)
#1 C:\Users\Maxime\Desktop\ci4\codeigniter4-framework-844616e\system\Email\Email.php(1749): mail('maxime.brochard...', '=?UTF-8?Q?eqe?=', 'qze\r\n', 'Date: Mon, 20 N...', '-f maimemail.br...')
#2 C:\Users\Maxime\Desktop\ci4\codeigniter4-framework-844616e\system\Email\Email.php(1681): CodeIgniter\Email\Email->sendWithMail()
#3 C:\Users\Maxime\Desktop\ci4\codeigniter4-framework-844616e\system\Email\Email.php(1575): CodeIgniter\Email\Email->spoolEmail()
#4 C:\Users\Maxime\Desktop\ci4\codeigniter4-framework-844616e\app\Controllers\CV\ContactController.php(58): CodeIgniter\Email\Email->send()
#5 C:\Users\Maxime\Desktop\ci4\codeigniter4-framework-844616e\system\CodeIgniter.php(919): App\Controllers\CV\ContactController->send()
#6 C:\Users\Maxime\Desktop\ci4\codeigniter4-framework-844616e\system\CodeIgniter.php(494): CodeIgniter\CodeIgniter->runController(Object(App\Controllers\CV\ContactController))
#7 C:\Users\Maxime\Desktop\ci4\codeigniter4-framework-844616e\system\CodeIgniter.php(353): CodeIgniter\CodeIgniter->handleRequest(NULL, Object(Config\Cache), false)
#8 C:\Users\Maxime\Desktop\ci4\codeigniter4-framework-844616e\public\index.php(79): CodeIgniter\CodeIgniter->run()
#9 C:\Users\Maxime\Desktop\ci4\codeigniter4-framework-844616e\system\Commands\Server\rewrite.php(47): require_once('C:\\Users\\Maxime...')
#10 {main}
ERROR - 2023-11-20 08:48:48 --> Email: Impossible d'envoyer des emails avec la fonction mail() de PHP. Votre serveur n'est peut-être pas configuré pour pouvoir utiliser cette méthode.
ERROR - 2023-11-20 08:48:48 --> 
INFO - 2023-11-20 08:48:58 --> Session: Class initialized using 'CodeIgniter\Session\Handlers\FileHandler' driver.
INFO - 2023-11-20 08:48:59 --> Session: Class initialized using 'CodeIgniter\Session\Handlers\FileHandler' driver.
INFO - 2023-11-20 08:49:02 --> Session: Class initialized using 'CodeIgniter\Session\Handlers\FileHandler' driver.
ERROR - 2023-11-20 08:49:04 --> Email: sendWithMail throwed ErrorException: mail(): Failed to connect to mailserver at &quot;localhost&quot; port 25, verify your &quot;SMTP&quot; and &quot;smtp_port&quot; setting in php.ini or use ini_set() in C:\Users\Maxime\Desktop\ci4\codeigniter4-framework-844616e\system\Email\Email.php:1749
Stack trace:
#0 [internal function]: CodeIgniter\Debug\Exceptions->errorHandler(2, 'mail(): Failed ...', 'C:\\Users\\Maxime...', 1749)
#1 C:\Users\Maxime\Desktop\ci4\codeigniter4-framework-844616e\system\Email\Email.php(1749): mail('maxime.brochard...', '=?UTF-8?Q?eqe?=', 'qze\r\n', 'Date: Mon, 20 N...', '-f maimemail.br...')
#2 C:\Users\Maxime\Desktop\ci4\codeigniter4-framework-844616e\system\Email\Email.php(1681): CodeIgniter\Email\Email->sendWithMail()
#3 C:\Users\Maxime\Desktop\ci4\codeigniter4-framework-844616e\system\Email\Email.php(1575): CodeIgniter\Email\Email->spoolEmail()
#4 C:\Users\Maxime\Desktop\ci4\codeigniter4-framework-844616e\app\Controllers\CV\ContactController.php(58): CodeIgniter\Email\Email->send()
#5 C:\Users\Maxime\Desktop\ci4\codeigniter4-framework-844616e\system\CodeIgniter.php(919): App\Controllers\CV\ContactController->send()
#6 C:\Users\Maxime\Desktop\ci4\codeigniter4-framework-844616e\system\CodeIgniter.php(494): CodeIgniter\CodeIgniter->runController(Object(App\Controllers\CV\ContactController))
#7 C:\Users\Maxime\Desktop\ci4\codeigniter4-framework-844616e\system\CodeIgniter.php(353): CodeIgniter\CodeIgniter->handleRequest(NULL, Object(Config\Cache), false)
#8 C:\Users\Maxime\Desktop\ci4\codeigniter4-framework-844616e\public\index.php(79): CodeIgniter\CodeIgniter->run()
#9 C:\Users\Maxime\Desktop\ci4\codeigniter4-framework-844616e\system\Commands\Server\rewrite.php(47): require_once('C:\\Users\\Maxime...')
#10 {main}
ERROR - 2023-11-20 08:49:04 --> Email: Impossible d'envoyer des emails avec la fonction mail() de PHP. Votre serveur n'est peut-être pas configuré pour pouvoir utiliser cette méthode.
ERROR - 2023-11-20 08:49:04 --> 
INFO - 2023-11-20 09:00:06 --> Session: Class initialized using 'CodeIgniter\Session\Handlers\FileHandler' driver.
ERROR - 2023-11-20 09:00:08 --> Email: sendWithMail throwed ErrorException: mail(): Failed to connect to mailserver at &quot;localhost&quot; port 25, verify your &quot;SMTP&quot; and &quot;smtp_port&quot; setting in php.ini or use ini_set() in C:\Users\Maxime\Desktop\ci4\codeigniter4-framework-844616e\system\Email\Email.php:1749
Stack trace:
#0 [internal function]: CodeIgniter\Debug\Exceptions->errorHandler(2, 'mail(): Failed ...', 'C:\\Users\\Maxime...', 1749)
#1 C:\Users\Maxime\Desktop\ci4\codeigniter4-framework-844616e\system\Email\Email.php(1749): mail('contact.univers...', '=?UTF-8?Q?eqe?=', 'qze\r\n', 'Date: Mon, 20 N...', '-f maimemail.br...')
#2 C:\Users\Maxime\Desktop\ci4\codeigniter4-framework-844616e\system\Email\Email.php(1681): CodeIgniter\Email\Email->sendWithMail()
#3 C:\Users\Maxime\Desktop\ci4\codeigniter4-framework-844616e\system\Email\Email.php(1575): CodeIgniter\Email\Email->spoolEmail()
#4 C:\Users\Maxime\Desktop\ci4\codeigniter4-framework-844616e\app\Controllers\CV\ContactController.php(58): CodeIgniter\Email\Email->send()
#5 C:\Users\Maxime\Desktop\ci4\codeigniter4-framework-844616e\system\CodeIgniter.php(919): App\Controllers\CV\ContactController->send()
#6 C:\Users\Maxime\Desktop\ci4\codeigniter4-framework-844616e\system\CodeIgniter.php(494): CodeIgniter\CodeIgniter->runController(Object(App\Controllers\CV\ContactController))
#7 C:\Users\Maxime\Desktop\ci4\codeigniter4-framework-844616e\system\CodeIgniter.php(353): CodeIgniter\CodeIgniter->handleRequest(NULL, Object(Config\Cache), false)
#8 C:\Users\Maxime\Desktop\ci4\codeigniter4-framework-844616e\public\index.php(79): CodeIgniter\CodeIgniter->run()
#9 C:\Users\Maxime\Desktop\ci4\codeigniter4-framework-844616e\system\Commands\Server\rewrite.php(47): require_once('C:\\Users\\Maxime...')
#10 {main}
ERROR - 2023-11-20 09:00:08 --> Email: Impossible d'envoyer des emails avec la fonction mail() de PHP. Votre serveur n'est peut-être pas configuré pour pouvoir utiliser cette méthode.
ERROR - 2023-11-20 09:00:08 --> 
INFO - 2023-11-20 09:00:10 --> Session: Class initialized using 'CodeIgniter\Session\Handlers\FileHandler' driver.
INFO - 2023-11-20 09:00:17 --> Session: Class initialized using 'CodeIgniter\Session\Handlers\FileHandler' driver.
ERROR - 2023-11-20 09:00:19 --> Email: sendWithMail throwed ErrorException: mail(): Failed to connect to mailserver at &quot;localhost&quot; port 25, verify your &quot;SMTP&quot; and &quot;smtp_port&quot; setting in php.ini or use ini_set() in C:\Users\Maxime\Desktop\ci4\codeigniter4-framework-844616e\system\Email\Email.php:1749
Stack trace:
#0 [internal function]: CodeIgniter\Debug\Exceptions->errorHandler(2, 'mail(): Failed ...', 'C:\\Users\\Maxime...', 1749)
#1 C:\Users\Maxime\Desktop\ci4\codeigniter4-framework-844616e\system\Email\Email.php(1749): mail('contact.univers...', '=?UTF-8?Q?qzezq...', 'dqzd\r\n', 'Date: Mon, 20 N...', '-f maimemail.br...')
#2 C:\Users\Maxime\Desktop\ci4\codeigniter4-framework-844616e\system\Email\Email.php(1681): CodeIgniter\Email\Email->sendWithMail()
#3 C:\Users\Maxime\Desktop\ci4\codeigniter4-framework-844616e\system\Email\Email.php(1575): CodeIgniter\Email\Email->spoolEmail()
#4 C:\Users\Maxime\Desktop\ci4\codeigniter4-framework-844616e\app\Controllers\CV\ContactController.php(58): CodeIgniter\Email\Email->send()
#5 C:\Users\Maxime\Desktop\ci4\codeigniter4-framework-844616e\system\CodeIgniter.php(919): App\Controllers\CV\ContactController->send()
#6 C:\Users\Maxime\Desktop\ci4\codeigniter4-framework-844616e\system\CodeIgniter.php(494): CodeIgniter\CodeIgniter->runController(Object(App\Controllers\CV\ContactController))
#7 C:\Users\Maxime\Desktop\ci4\codeigniter4-framework-844616e\system\CodeIgniter.php(353): CodeIgniter\CodeIgniter->handleRequest(NULL, Object(Config\Cache), false)
#8 C:\Users\Maxime\Desktop\ci4\codeigniter4-framework-844616e\public\index.php(79): CodeIgniter\CodeIgniter->run()
#9 C:\Users\Maxime\Desktop\ci4\codeigniter4-framework-844616e\system\Commands\Server\rewrite.php(47): require_once('C:\\Users\\Maxime...')
#10 {main}
ERROR - 2023-11-20 09:00:19 --> Email: Impossible d'envoyer des emails avec la fonction mail() de PHP. Votre serveur n'est peut-être pas configuré pour pouvoir utiliser cette méthode.
ERROR - 2023-11-20 09:00:19 --> 
INFO - 2023-11-20 11:07:43 --> Session: Class initialized using 'CodeIgniter\Session\Handlers\FileHandler' driver.
INFO - 2023-11-20 11:07:52 --> Session: Class initialized using 'CodeIgniter\Session\Handlers\FileHandler' driver.
ERROR - 2023-11-20 11:07:54 --> Email: sendWithMail throwed ErrorException: mail(): Failed to connect to mailserver at &quot;localhost&quot; port 25, verify your &quot;SMTP&quot; and &quot;smtp_port&quot; setting in php.ini or use ini_set() in C:\Users\Maxime\Desktop\ci4\system\Email\Email.php:1749
Stack trace:
#0 [internal function]: CodeIgniter\Debug\Exceptions->errorHandler(2, 'mail(): Failed ...', 'C:\\Users\\Maxime...', 1749)
#1 C:\Users\Maxime\Desktop\ci4\system\Email\Email.php(1749): mail('contact.univers...', '=?UTF-8?Q?dqzqz...', 'suce ma queue\r\n', 'Date: Mon, 20 N...', '-f maimemail.br...')
#2 C:\Users\Maxime\Desktop\ci4\system\Email\Email.php(1681): CodeIgniter\Email\Email->sendWithMail()
#3 C:\Users\Maxime\Desktop\ci4\system\Email\Email.php(1575): CodeIgniter\Email\Email->spoolEmail()
#4 C:\Users\Maxime\Desktop\ci4\app\Controllers\CV\ContactController.php(58): CodeIgniter\Email\Email->send()
#5 C:\Users\Maxime\Desktop\ci4\system\CodeIgniter.php(919): App\Controllers\CV\ContactController->send()
#6 C:\Users\Maxime\Desktop\ci4\system\CodeIgniter.php(494): CodeIgniter\CodeIgniter->runController(Object(App\Controllers\CV\ContactController))
#7 C:\Users\Maxime\Desktop\ci4\system\CodeIgniter.php(353): CodeIgniter\CodeIgniter->handleRequest(NULL, Object(Config\Cache), false)
#8 C:\Users\Maxime\Desktop\ci4\public\index.php(79): CodeIgniter\CodeIgniter->run()
#9 C:\Users\Maxime\Desktop\ci4\system\Commands\Server\rewrite.php(47): require_once('C:\\Users\\Maxime...')
#10 {main}
ERROR - 2023-11-20 11:07:54 --> Email: Impossible d'envoyer des emails avec la fonction mail() de PHP. Votre serveur n'est peut-être pas configuré pour pouvoir utiliser cette méthode.
ERROR - 2023-11-20 11:07:54 --> 
INFO - 2023-11-20 11:10:30 --> Session: Class initialized using 'CodeIgniter\Session\Handlers\FileHandler' driver.
INFO - 2023-11-20 11:10:42 --> Session: Class initialized using 'CodeIgniter\Session\Handlers\FileHandler' driver.
ERROR - 2023-11-20 11:10:44 --> Email: sendWithMail throwed ErrorException: mail(): Failed to connect to mailserver at &quot;localhost&quot; port 25, verify your &quot;SMTP&quot; and &quot;smtp_port&quot; setting in php.ini or use ini_set() in C:\Users\Maxime\Desktop\ci4\system\Email\Email.php:1749
Stack trace:
#0 [internal function]: CodeIgniter\Debug\Exceptions->errorHandler(2, 'mail(): Failed ...', 'C:\\Users\\Maxime...', 1749)
#1 C:\Users\Maxime\Desktop\ci4\system\Email\Email.php(1749): mail('maximebrochard....', '=?UTF-8?Q?dqzqz...', 'suce ma queue\r\n', 'Date: Mon, 20 N...', '-f maimemail.br...')
#2 C:\Users\Maxime\Desktop\ci4\system\Email\Email.php(1681): CodeIgniter\Email\Email->sendWithMail()
#3 C:\Users\Maxime\Desktop\ci4\system\Email\Email.php(1575): CodeIgniter\Email\Email->spoolEmail()
#4 C:\Users\Maxime\Desktop\ci4\app\Controllers\CV\ContactController.php(56): CodeIgniter\Email\Email->send()
#5 C:\Users\Maxime\Desktop\ci4\system\CodeIgniter.php(919): App\Controllers\CV\ContactController->send()
#6 C:\Users\Maxime\Desktop\ci4\system\CodeIgniter.php(494): CodeIgniter\CodeIgniter->runController(Object(App\Controllers\CV\ContactController))
#7 C:\Users\Maxime\Desktop\ci4\system\CodeIgniter.php(353): CodeIgniter\CodeIgniter->handleRequest(NULL, Object(Config\Cache), false)
#8 C:\Users\Maxime\Desktop\ci4\public\index.php(79): CodeIgniter\CodeIgniter->run()
#9 C:\Users\Maxime\Desktop\ci4\system\Commands\Server\rewrite.php(47): require_once('C:\\Users\\Maxime...')
#10 {main}
ERROR - 2023-11-20 11:10:44 --> Email: Impossible d'envoyer des emails avec la fonction mail() de PHP. Votre serveur n'est peut-être pas configuré pour pouvoir utiliser cette méthode.
ERROR - 2023-11-20 11:10:44 --> 
INFO - 2023-11-20 11:11:22 --> Session: Class initialized using 'CodeIgniter\Session\Handlers\FileHandler' driver.
INFO - 2023-11-20 11:11:23 --> Session: Class initialized using 'CodeIgniter\Session\Handlers\FileHandler' driver.
ERROR - 2023-11-20 11:11:25 --> Email: sendWithMail throwed ErrorException: mail(): Failed to connect to mailserver at &quot;localhost&quot; port 25, verify your &quot;SMTP&quot; and &quot;smtp_port&quot; setting in php.ini or use ini_set() in C:\Users\Maxime\Desktop\ci4\system\Email\Email.php:1749
Stack trace:
#0 [internal function]: CodeIgniter\Debug\Exceptions->errorHandler(2, 'mail(): Failed ...', 'C:\\Users\\Maxime...', 1749)
#1 C:\Users\Maxime\Desktop\ci4\system\Email\Email.php(1749): mail('maximebrochard....', '=?UTF-8?Q?dqzqz...', 'suce ma queue\r\n', 'Date: Mon, 20 N...', '-f maximebrocha...')
#2 C:\Users\Maxime\Desktop\ci4\system\Email\Email.php(1681): CodeIgniter\Email\Email->sendWithMail()
#3 C:\Users\Maxime\Desktop\ci4\system\Email\Email.php(1575): CodeIgniter\Email\Email->spoolEmail()
#4 C:\Users\Maxime\Desktop\ci4\app\Controllers\CV\ContactController.php(56): CodeIgniter\Email\Email->send()
#5 C:\Users\Maxime\Desktop\ci4\system\CodeIgniter.php(919): App\Controllers\CV\ContactController->send()
#6 C:\Users\Maxime\Desktop\ci4\system\CodeIgniter.php(494): CodeIgniter\CodeIgniter->runController(Object(App\Controllers\CV\ContactController))
#7 C:\Users\Maxime\Desktop\ci4\system\CodeIgniter.php(353): CodeIgniter\CodeIgniter->handleRequest(NULL, Object(Config\Cache), false)
#8 C:\Users\Maxime\Desktop\ci4\public\index.php(79): CodeIgniter\CodeIgniter->run()
#9 C:\Users\Maxime\Desktop\ci4\system\Commands\Server\rewrite.php(47): require_once('C:\\Users\\Maxime...')
#10 {main}
ERROR - 2023-11-20 11:11:25 --> Email: Impossible d'envoyer des emails avec la fonction mail() de PHP. Votre serveur n'est peut-être pas configuré pour pouvoir utiliser cette méthode.
ERROR - 2023-11-20 11:11:25 --> 
INFO - 2023-11-20 11:11:28 --> Session: Class initialized using 'CodeIgniter\Session\Handlers\FileHandler' driver.
ERROR - 2023-11-20 11:11:30 --> Email: sendWithMail throwed ErrorException: mail(): Failed to connect to mailserver at &quot;localhost&quot; port 25, verify your &quot;SMTP&quot; and &quot;smtp_port&quot; setting in php.ini or use ini_set() in C:\Users\Maxime\Desktop\ci4\system\Email\Email.php:1749
Stack trace:
#0 [internal function]: CodeIgniter\Debug\Exceptions->errorHandler(2, 'mail(): Failed ...', 'C:\\Users\\Maxime...', 1749)
#1 C:\Users\Maxime\Desktop\ci4\system\Email\Email.php(1749): mail('maximebrochard....', '=?UTF-8?Q?dqzqz...', 'suce ma queue\r\n', 'Date: Mon, 20 N...', '-f maximebrocha...')
#2 C:\Users\Maxime\Desktop\ci4\system\Email\Email.php(1681): CodeIgniter\Email\Email->sendWithMail()
#3 C:\Users\Maxime\Desktop\ci4\system\Email\Email.php(1575): CodeIgniter\Email\Email->spoolEmail()
#4 C:\Users\Maxime\Desktop\ci4\app\Controllers\CV\ContactController.php(56): CodeIgniter\Email\Email->send()
#5 C:\Users\Maxime\Desktop\ci4\system\CodeIgniter.php(919): App\Controllers\CV\ContactController->send()
#6 C:\Users\Maxime\Desktop\ci4\system\CodeIgniter.php(494): CodeIgniter\CodeIgniter->runController(Object(App\Controllers\CV\ContactController))
#7 C:\Users\Maxime\Desktop\ci4\system\CodeIgniter.php(353): CodeIgniter\CodeIgniter->handleRequest(NULL, Object(Config\Cache), false)
#8 C:\Users\Maxime\Desktop\ci4\public\index.php(79): CodeIgniter\CodeIgniter->run()
#9 C:\Users\Maxime\Desktop\ci4\system\Commands\Server\rewrite.php(47): require_once('C:\\Users\\Maxime...')
#10 {main}
ERROR - 2023-11-20 11:11:30 --> Email: Impossible d'envoyer des emails avec la fonction mail() de PHP. Votre serveur n'est peut-être pas configuré pour pouvoir utiliser cette méthode.
ERROR - 2023-11-20 11:11:30 --> 
INFO - 2023-11-20 11:11:31 --> Session: Class initialized using 'CodeIgniter\Session\Handlers\FileHandler' driver.
INFO - 2023-11-20 11:11:38 --> Session: Class initialized using 'CodeIgniter\Session\Handlers\FileHandler' driver.
ERROR - 2023-11-20 11:11:40 --> Email: sendWithMail throwed ErrorException: mail(): Failed to connect to mailserver at &quot;localhost&quot; port 25, verify your &quot;SMTP&quot; and &quot;smtp_port&quot; setting in php.ini or use ini_set() in C:\Users\Maxime\Desktop\ci4\system\Email\Email.php:1749
Stack trace:
#0 [internal function]: CodeIgniter\Debug\Exceptions->errorHandler(2, 'mail(): Failed ...', 'C:\\Users\\Maxime...', 1749)
#1 C:\Users\Maxime\Desktop\ci4\system\Email\Email.php(1749): mail('maximebrochard....', '=?UTF-8?Q?qzeqe...', 'dqzdzq\r\n', 'Date: Mon, 20 N...', '-f maximebrocha...')
#2 C:\Users\Maxime\Desktop\ci4\system\Email\Email.php(1681): CodeIgniter\Email\Email->sendWithMail()
#3 C:\Users\Maxime\Desktop\ci4\system\Email\Email.php(1575): CodeIgniter\Email\Email->spoolEmail()
#4 C:\Users\Maxime\Desktop\ci4\app\Controllers\CV\ContactController.php(56): CodeIgniter\Email\Email->send()
#5 C:\Users\Maxime\Desktop\ci4\system\CodeIgniter.php(919): App\Controllers\CV\ContactController->send()
#6 C:\Users\Maxime\Desktop\ci4\system\CodeIgniter.php(494): CodeIgniter\CodeIgniter->runController(Object(App\Controllers\CV\ContactController))
#7 C:\Users\Maxime\Desktop\ci4\system\CodeIgniter.php(353): CodeIgniter\CodeIgniter->handleRequest(NULL, Object(Config\Cache), false)
#8 C:\Users\Maxime\Desktop\ci4\public\index.php(79): CodeIgniter\CodeIgniter->run()
#9 C:\Users\Maxime\Desktop\ci4\system\Commands\Server\rewrite.php(47): require_once('C:\\Users\\Maxime...')
#10 {main}
ERROR - 2023-11-20 11:11:40 --> Email: Impossible d'envoyer des emails avec la fonction mail() de PHP. Votre serveur n'est peut-être pas configuré pour pouvoir utiliser cette méthode.
ERROR - 2023-11-20 11:11:40 --> 
INFO - 2023-11-20 11:12:03 --> Session: Class initialized using 'CodeIgniter\Session\Handlers\FileHandler' driver.
INFO - 2023-11-20 11:12:05 --> Session: Class initialized using 'CodeIgniter\Session\Handlers\FileHandler' driver.
INFO - 2023-11-20 11:12:17 --> Session: Class initialized using 'CodeIgniter\Session\Handlers\FileHandler' driver.
ERROR - 2023-11-20 11:12:19 --> Email: sendWithMail throwed ErrorException: mail(): Failed to connect to mailserver at &quot;localhost&quot; port 25, verify your &quot;SMTP&quot; and &quot;smtp_port&quot; setting in php.ini or use ini_set() in C:\Users\Maxime\Desktop\ci4\system\Email\Email.php:1749
Stack trace:
#0 [internal function]: CodeIgniter\Debug\Exceptions->errorHandler(2, 'mail(): Failed ...', 'C:\\Users\\Maxime...', 1749)
#1 C:\Users\Maxime\Desktop\ci4\system\Email\Email.php(1749): mail('maximebrochard....', '=?UTF-8?Q?dqzdz...', 'dqzeqze\r\n', 'Date: Mon, 20 N...', '-f maximebrocha...')
#2 C:\Users\Maxime\Desktop\ci4\system\Email\Email.php(1681): CodeIgniter\Email\Email->sendWithMail()
#3 C:\Users\Maxime\Desktop\ci4\system\Email\Email.php(1575): CodeIgniter\Email\Email->spoolEmail()
#4 C:\Users\Maxime\Desktop\ci4\app\Controllers\CV\ContactController.php(56): CodeIgniter\Email\Email->send()
#5 C:\Users\Maxime\Desktop\ci4\system\CodeIgniter.php(919): App\Controllers\CV\ContactController->send()
#6 C:\Users\Maxime\Desktop\ci4\system\CodeIgniter.php(494): CodeIgniter\CodeIgniter->runController(Object(App\Controllers\CV\ContactController))
#7 C:\Users\Maxime\Desktop\ci4\system\CodeIgniter.php(353): CodeIgniter\CodeIgniter->handleRequest(NULL, Object(Config\Cache), false)
#8 C:\Users\Maxime\Desktop\ci4\public\index.php(79): CodeIgniter\CodeIgniter->run()
#9 C:\Users\Maxime\Desktop\ci4\system\Commands\Server\rewrite.php(47): require_once('C:\\Users\\Maxime...')
#10 {main}
ERROR - 2023-11-20 11:12:19 --> Email: Impossible d'envoyer des emails avec la fonction mail() de PHP. Votre serveur n'est peut-être pas configuré pour pouvoir utiliser cette méthode.
ERROR - 2023-11-20 11:12:19 --> 
INFO - 2023-11-20 11:13:03 --> Session: Class initialized using 'CodeIgniter\Session\Handlers\FileHandler' driver.
INFO - 2023-11-20 11:13:04 --> Session: Class initialized using 'CodeIgniter\Session\Handlers\FileHandler' driver.
INFO - 2023-11-20 11:13:16 --> Session: Class initialized using 'CodeIgniter\Session\Handlers\FileHandler' driver.
ERROR - 2023-11-20 11:13:16 --> Email: sendWithSmtp throwed ErrorException: stream_socket_enable_crypto(): This stream does not support SSL/crypto in C:\Users\Maxime\Desktop\ci4\system\Email\Email.php:1903
Stack trace:
#0 [internal function]: CodeIgniter\Debug\Exceptions->errorHandler(2, 'stream_socket_e...', 'C:\\Users\\Maxime...', 1903)
#1 C:\Users\Maxime\Desktop\ci4\system\Email\Email.php(1903): stream_socket_enable_crypto(Resource id #153, true, 121)
#2 C:\Users\Maxime\Desktop\ci4\system\Email\Email.php(1796): CodeIgniter\Email\Email->SMTPConnect()
#3 C:\Users\Maxime\Desktop\ci4\system\Email\Email.php(1681): CodeIgniter\Email\Email->sendWithSmtp()
#4 C:\Users\Maxime\Desktop\ci4\system\Email\Email.php(1575): CodeIgniter\Email\Email->spoolEmail()
#5 C:\Users\Maxime\Desktop\ci4\app\Controllers\CV\ContactController.php(56): CodeIgniter\Email\Email->send()
#6 C:\Users\Maxime\Desktop\ci4\system\CodeIgniter.php(919): App\Controllers\CV\ContactController->send()
#7 C:\Users\Maxime\Desktop\ci4\system\CodeIgniter.php(494): CodeIgniter\CodeIgniter->runController(Object(App\Controllers\CV\ContactController))
#8 C:\Users\Maxime\Desktop\ci4\system\CodeIgniter.php(353): CodeIgniter\CodeIgniter->handleRequest(NULL, Object(Config\Cache), false)
#9 C:\Users\Maxime\Desktop\ci4\public\index.php(79): CodeIgniter\CodeIgniter->run()
#10 C:\Users\Maxime\Desktop\ci4\system\Commands\Server\rewrite.php(47): require_once('C:\\Users\\Maxime...')
#11 {main}
ERROR - 2023-11-20 11:13:16 --> Email: Impossible d'envoyer des emails avec la méthode SMTP de PHP. Votre serveur n'est peut-être pas configuré pour pouvoir utiliser cette méthode.
ERROR - 2023-11-20 11:13:16 --> 220 smtp.googlemail.com ESMTP r14-20020a05600c35ce00b004094d4292aesm13014755wmq.18 - gsmtp

hello: 250-smtp.googlemail.com at your service, [194.254.109.166]
250-SIZE 35882577
250-8BITMIME
250-STARTTLS
250-ENHANCEDSTATUSCODES
250-PIPELINING
250-CHUNKING
250 SMTPUTF8

starttls: 220 2.0.0 Ready to start TLS

INFO - 2023-11-20 11:13:19 --> Session: Class initialized using 'CodeIgniter\Session\Handlers\FileHandler' driver.
ERROR - 2023-11-20 11:13:19 --> Email: sendWithSmtp throwed ErrorException: stream_socket_enable_crypto(): This stream does not support SSL/crypto in C:\Users\Maxime\Desktop\ci4\system\Email\Email.php:1903
Stack trace:
#0 [internal function]: CodeIgniter\Debug\Exceptions->errorHandler(2, 'stream_socket_e...', 'C:\\Users\\Maxime...', 1903)
#1 C:\Users\Maxime\Desktop\ci4\system\Email\Email.php(1903): stream_socket_enable_crypto(Resource id #153, true, 121)
#2 C:\Users\Maxime\Desktop\ci4\system\Email\Email.php(1796): CodeIgniter\Email\Email->SMTPConnect()
#3 C:\Users\Maxime\Desktop\ci4\system\Email\Email.php(1681): CodeIgniter\Email\Email->sendWithSmtp()
#4 C:\Users\Maxime\Desktop\ci4\system\Email\Email.php(1575): CodeIgniter\Email\Email->spoolEmail()
#5 C:\Users\Maxime\Desktop\ci4\app\Controllers\CV\ContactController.php(56): CodeIgniter\Email\Email->send()
#6 C:\Users\Maxime\Desktop\ci4\system\CodeIgniter.php(919): App\Controllers\CV\ContactController->send()
#7 C:\Users\Maxime\Desktop\ci4\system\CodeIgniter.php(494): CodeIgniter\CodeIgniter->runController(Object(App\Controllers\CV\ContactController))
#8 C:\Users\Maxime\Desktop\ci4\system\CodeIgniter.php(353): CodeIgniter\CodeIgniter->handleRequest(NULL, Object(Config\Cache), false)
#9 C:\Users\Maxime\Desktop\ci4\public\index.php(79): CodeIgniter\CodeIgniter->run()
#10 C:\Users\Maxime\Desktop\ci4\system\Commands\Server\rewrite.php(47): require_once('C:\\Users\\Maxime...')
#11 {main}
ERROR - 2023-11-20 11:13:19 --> Email: Impossible d'envoyer des emails avec la méthode SMTP de PHP. Votre serveur n'est peut-être pas configuré pour pouvoir utiliser cette méthode.
ERROR - 2023-11-20 11:13:19 --> 220 smtp.googlemail.com ESMTP e7-20020a05600c218700b003fee6e170f9sm12936246wme.45 - gsmtp

hello: 250-smtp.googlemail.com at your service, [194.254.109.166]
250-SIZE 35882577
250-8BITMIME
250-STARTTLS
250-ENHANCEDSTATUSCODES
250-PIPELINING
250-CHUNKING
250 SMTPUTF8

starttls: 220 2.0.0 Ready to start TLS

INFO - 2023-11-20 11:14:19 --> Session: Class initialized using 'CodeIgniter\Session\Handlers\FileHandler' driver.
INFO - 2023-11-20 11:14:29 --> Session: Class initialized using 'CodeIgniter\Session\Handlers\FileHandler' driver.
ERROR - 2023-11-20 11:14:29 --> Email: sendWithSmtp throwed ErrorException: stream_socket_enable_crypto(): This stream does not support SSL/crypto in C:\Users\Maxime\Desktop\ci4\system\Email\Email.php:1903
Stack trace:
#0 [internal function]: CodeIgniter\Debug\Exceptions->errorHandler(2, 'stream_socket_e...', 'C:\\Users\\Maxime...', 1903)
#1 C:\Users\Maxime\Desktop\ci4\system\Email\Email.php(1903): stream_socket_enable_crypto(Resource id #154, true, 121)
#2 C:\Users\Maxime\Desktop\ci4\system\Email\Email.php(1796): CodeIgniter\Email\Email->SMTPConnect()
#3 C:\Users\Maxime\Desktop\ci4\system\Email\Email.php(1681): CodeIgniter\Email\Email->sendWithSmtp()
#4 C:\Users\Maxime\Desktop\ci4\system\Email\Email.php(1575): CodeIgniter\Email\Email->spoolEmail()
#5 C:\Users\Maxime\Desktop\ci4\app\Controllers\CV\ContactController.php(56): CodeIgniter\Email\Email->send()
#6 C:\Users\Maxime\Desktop\ci4\system\CodeIgniter.php(919): App\Controllers\CV\ContactController->send()
#7 C:\Users\Maxime\Desktop\ci4\system\CodeIgniter.php(494): CodeIgniter\CodeIgniter->runController(Object(App\Controllers\CV\ContactController))
#8 C:\Users\Maxime\Desktop\ci4\system\CodeIgniter.php(353): CodeIgniter\CodeIgniter->handleRequest(NULL, Object(Config\Cache), false)
#9 C:\Users\Maxime\Desktop\ci4\public\index.php(79): CodeIgniter\CodeIgniter->run()
#10 C:\Users\Maxime\Desktop\ci4\system\Commands\Server\rewrite.php(47): require_once('C:\\Users\\Maxime...')
#11 {main}
ERROR - 2023-11-20 11:14:29 --> Email: Impossible d'envoyer des emails avec la méthode SMTP de PHP. Votre serveur n'est peut-être pas configuré pour pouvoir utiliser cette méthode.
ERROR - 2023-11-20 11:14:29 --> 220 smtp.gmail.com ESMTP d4-20020a5d4f84000000b0032d96dd703bsm10861928wru.70 - gsmtp

hello: 250-smtp.gmail.com at your service, [194.254.109.166]
250-SIZE 35882577
250-8BITMIME
250-STARTTLS
250-ENHANCEDSTATUSCODES
250-PIPELINING
250-CHUNKING
250 SMTPUTF8

starttls: 220 2.0.0 Ready to start TLS

INFO - 2023-11-20 11:17:55 --> Session: Class initialized using 'CodeIgniter\Session\Handlers\FileHandler' driver.
INFO - 2023-11-20 11:18:00 --> Session: Class initialized using 'CodeIgniter\Session\Handlers\FileHandler' driver.
ERROR - 2023-11-20 11:18:00 --> Email: sendWithSmtp throwed ErrorException: stream_socket_enable_crypto(): This stream does not support SSL/crypto in C:\Users\Maxime\Desktop\ci4\system\Email\Email.php:1903
Stack trace:
#0 [internal function]: CodeIgniter\Debug\Exceptions->errorHandler(2, 'stream_socket_e...', 'C:\\Users\\Maxime...', 1903)
#1 C:\Users\Maxime\Desktop\ci4\system\Email\Email.php(1903): stream_socket_enable_crypto(Resource id #153, true, 121)
#2 C:\Users\Maxime\Desktop\ci4\system\Email\Email.php(1796): CodeIgniter\Email\Email->SMTPConnect()
#3 C:\Users\Maxime\Desktop\ci4\system\Email\Email.php(1681): CodeIgniter\Email\Email->sendWithSmtp()
#4 C:\Users\Maxime\Desktop\ci4\system\Email\Email.php(1575): CodeIgniter\Email\Email->spoolEmail()
#5 C:\Users\Maxime\Desktop\ci4\app\Controllers\CV\ContactController.php(56): CodeIgniter\Email\Email->send()
#6 C:\Users\Maxime\Desktop\ci4\system\CodeIgniter.php(919): App\Controllers\CV\ContactController->send()
#7 C:\Users\Maxime\Desktop\ci4\system\CodeIgniter.php(494): CodeIgniter\CodeIgniter->runController(Object(App\Controllers\CV\ContactController))
#8 C:\Users\Maxime\Desktop\ci4\system\CodeIgniter.php(353): CodeIgniter\CodeIgniter->handleRequest(NULL, Object(Config\Cache), false)
#9 C:\Users\Maxime\Desktop\ci4\public\index.php(79): CodeIgniter\CodeIgniter->run()
#10 C:\Users\Maxime\Desktop\ci4\system\Commands\Server\rewrite.php(47): require_once('C:\\Users\\Maxime...')
#11 {main}
ERROR - 2023-11-20 11:18:00 --> Email: Impossible d'envoyer des emails avec la méthode SMTP de PHP. Votre serveur n'est peut-être pas configuré pour pouvoir utiliser cette méthode.
ERROR - 2023-11-20 11:18:00 --> 220 smtp.gmail.com ESMTP r14-20020a05600c35ce00b004094d4292aesm13029273wmq.18 - gsmtp

hello: 250-smtp.gmail.com at your service, [194.254.109.166]
250-SIZE 35882577
250-8BITMIME
250-STARTTLS
250-ENHANCEDSTATUSCODES
250-PIPELINING
250-CHUNKING
250 SMTPUTF8

starttls: 220 2.0.0 Ready to start TLS

INFO - 2023-11-20 11:18:33 --> Session: Class initialized using 'CodeIgniter\Session\Handlers\FileHandler' driver.
INFO - 2023-11-20 11:18:37 --> Session: Class initialized using 'CodeIgniter\Session\Handlers\FileHandler' driver.
ERROR - 2023-11-20 11:18:37 --> Email: sendWithSmtp throwed ErrorException: stream_socket_enable_crypto(): This stream does not support SSL/crypto in C:\Users\Maxime\Desktop\ci4\system\Email\Email.php:1903
Stack trace:
#0 [internal function]: CodeIgniter\Debug\Exceptions->errorHandler(2, 'stream_socket_e...', 'C:\\Users\\Maxime...', 1903)
#1 C:\Users\Maxime\Desktop\ci4\system\Email\Email.php(1903): stream_socket_enable_crypto(Resource id #153, true, 121)
#2 C:\Users\Maxime\Desktop\ci4\system\Email\Email.php(1796): CodeIgniter\Email\Email->SMTPConnect()
#3 C:\Users\Maxime\Desktop\ci4\system\Email\Email.php(1681): CodeIgniter\Email\Email->sendWithSmtp()
#4 C:\Users\Maxime\Desktop\ci4\system\Email\Email.php(1575): CodeIgniter\Email\Email->spoolEmail()
#5 C:\Users\Maxime\Desktop\ci4\app\Controllers\CV\ContactController.php(56): CodeIgniter\Email\Email->send()
#6 C:\Users\Maxime\Desktop\ci4\system\CodeIgniter.php(919): App\Controllers\CV\ContactController->send()
#7 C:\Users\Maxime\Desktop\ci4\system\CodeIgniter.php(494): CodeIgniter\CodeIgniter->runController(Object(App\Controllers\CV\ContactController))
#8 C:\Users\Maxime\Desktop\ci4\system\CodeIgniter.php(353): CodeIgniter\CodeIgniter->handleRequest(NULL, Object(Config\Cache), false)
#9 C:\Users\Maxime\Desktop\ci4\public\index.php(79): CodeIgniter\CodeIgniter->run()
#10 C:\Users\Maxime\Desktop\ci4\system\Commands\Server\rewrite.php(47): require_once('C:\\Users\\Maxime...')
#11 {main}
ERROR - 2023-11-20 11:18:37 --> Email: Impossible d'envoyer des emails avec la méthode SMTP de PHP. Votre serveur n'est peut-être pas configuré pour pouvoir utiliser cette méthode.
ERROR - 2023-11-20 11:18:37 --> 220 smtp.gmail.com ESMTP h20-20020a05600c315400b004063c9f68f2sm13270940wmo.26 - gsmtp

hello: 250-smtp.gmail.com at your service, [194.254.109.166]
250-SIZE 35882577
250-8BITMIME
250-STARTTLS
250-ENHANCEDSTATUSCODES
250-PIPELINING
250-CHUNKING
250 SMTPUTF8

starttls: 220 2.0.0 Ready to start TLS

INFO - 2023-11-20 11:19:20 --> Session: Class initialized using 'CodeIgniter\Session\Handlers\FileHandler' driver.
INFO - 2023-11-20 11:19:21 --> Session: Class initialized using 'CodeIgniter\Session\Handlers\FileHandler' driver.
INFO - 2023-11-20 11:19:25 --> Session: Class initialized using 'CodeIgniter\Session\Handlers\FileHandler' driver.
ERROR - 2023-11-20 11:19:25 --> Email: sendWithSmtp throwed ErrorException: stream_socket_enable_crypto(): This stream does not support SSL/crypto in C:\Users\Maxime\Desktop\ci4\system\Email\Email.php:1903
Stack trace:
#0 [internal function]: CodeIgniter\Debug\Exceptions->errorHandler(2, 'stream_socket_e...', 'C:\\Users\\Maxime...', 1903)
#1 C:\Users\Maxime\Desktop\ci4\system\Email\Email.php(1903): stream_socket_enable_crypto(Resource id #153, true, 121)
#2 C:\Users\Maxime\Desktop\ci4\system\Email\Email.php(1796): CodeIgniter\Email\Email->SMTPConnect()
#3 C:\Users\Maxime\Desktop\ci4\system\Email\Email.php(1681): CodeIgniter\Email\Email->sendWithSmtp()
#4 C:\Users\Maxime\Desktop\ci4\system\Email\Email.php(1575): CodeIgniter\Email\Email->spoolEmail()
#5 C:\Users\Maxime\Desktop\ci4\app\Controllers\CV\ContactController.php(56): CodeIgniter\Email\Email->send()
#6 C:\Users\Maxime\Desktop\ci4\system\CodeIgniter.php(919): App\Controllers\CV\ContactController->send()
#7 C:\Users\Maxime\Desktop\ci4\system\CodeIgniter.php(494): CodeIgniter\CodeIgniter->runController(Object(App\Controllers\CV\ContactController))
#8 C:\Users\Maxime\Desktop\ci4\system\CodeIgniter.php(353): CodeIgniter\CodeIgniter->handleRequest(NULL, Object(Config\Cache), false)
#9 C:\Users\Maxime\Desktop\ci4\public\index.php(79): CodeIgniter\CodeIgniter->run()
#10 C:\Users\Maxime\Desktop\ci4\system\Commands\Server\rewrite.php(47): require_once('C:\\Users\\Maxime...')
#11 {main}
ERROR - 2023-11-20 11:19:25 --> Email: Impossible d'envoyer des emails avec la méthode SMTP de PHP. Votre serveur n'est peut-être pas configuré pour pouvoir utiliser cette méthode.
ERROR - 2023-11-20 11:19:25 --> 220 smtp.gmail.com ESMTP b17-20020a05600010d100b003316be2df7fsm9869846wrx.17 - gsmtp

hello: 250-smtp.gmail.com at your service, [194.254.109.166]
250-SIZE 35882577
250-8BITMIME
250-STARTTLS
250-ENHANCEDSTATUSCODES
250-PIPELINING
250-CHUNKING
250 SMTPUTF8

starttls: 220 2.0.0 Ready to start TLS

INFO - 2023-11-20 11:20:49 --> Session: Class initialized using 'CodeIgniter\Session\Handlers\FileHandler' driver.
ERROR - 2023-11-20 11:20:49 --> Email: sendWithSmtp throwed ErrorException: stream_socket_enable_crypto(): This stream does not support SSL/crypto in C:\Users\Maxime\Desktop\ci4\system\Email\Email.php:1903
Stack trace:
#0 [internal function]: CodeIgniter\Debug\Exceptions->errorHandler(2, 'stream_socket_e...', 'C:\\Users\\Maxime...', 1903)
#1 C:\Users\Maxime\Desktop\ci4\system\Email\Email.php(1903): stream_socket_enable_crypto(Resource id #153, true, 121)
#2 C:\Users\Maxime\Desktop\ci4\system\Email\Email.php(1796): CodeIgniter\Email\Email->SMTPConnect()
#3 C:\Users\Maxime\Desktop\ci4\system\Email\Email.php(1681): CodeIgniter\Email\Email->sendWithSmtp()
#4 C:\Users\Maxime\Desktop\ci4\system\Email\Email.php(1575): CodeIgniter\Email\Email->spoolEmail()
#5 C:\Users\Maxime\Desktop\ci4\app\Controllers\CV\ContactController.php(56): CodeIgniter\Email\Email->send()
#6 C:\Users\Maxime\Desktop\ci4\system\CodeIgniter.php(919): App\Controllers\CV\ContactController->send()
#7 C:\Users\Maxime\Desktop\ci4\system\CodeIgniter.php(494): CodeIgniter\CodeIgniter->runController(Object(App\Controllers\CV\ContactController))
#8 C:\Users\Maxime\Desktop\ci4\system\CodeIgniter.php(353): CodeIgniter\CodeIgniter->handleRequest(NULL, Object(Config\Cache), false)
#9 C:\Users\Maxime\Desktop\ci4\public\index.php(79): CodeIgniter\CodeIgniter->run()
#10 C:\Users\Maxime\Desktop\ci4\system\Commands\Server\rewrite.php(47): require_once('C:\\Users\\Maxime...')
#11 {main}
ERROR - 2023-11-20 11:20:49 --> Email: Impossible d'envoyer des emails avec la méthode SMTP de PHP. Votre serveur n'est peut-être pas configuré pour pouvoir utiliser cette méthode.
ERROR - 2023-11-20 11:20:49 --> 220 smtp.gmail.com ESMTP z7-20020a5d4c87000000b003316d6437b9sm9339665wrs.85 - gsmtp

hello: 250-smtp.gmail.com at your service, [194.254.109.166]
250-SIZE 35882577
250-8BITMIME
250-STARTTLS
250-ENHANCEDSTATUSCODES
250-PIPELINING
250-CHUNKING
250 SMTPUTF8

starttls: 220 2.0.0 Ready to start TLS

INFO - 2023-11-20 11:20:52 --> Session: Class initialized using 'CodeIgniter\Session\Handlers\FileHandler' driver.
INFO - 2023-11-20 11:20:56 --> Session: Class initialized using 'CodeIgniter\Session\Handlers\FileHandler' driver.
ERROR - 2023-11-20 11:20:56 --> Email: sendWithSmtp throwed ErrorException: stream_socket_enable_crypto(): This stream does not support SSL/crypto in C:\Users\Maxime\Desktop\ci4\system\Email\Email.php:1903
Stack trace:
#0 [internal function]: CodeIgniter\Debug\Exceptions->errorHandler(2, 'stream_socket_e...', 'C:\\Users\\Maxime...', 1903)
#1 C:\Users\Maxime\Desktop\ci4\system\Email\Email.php(1903): stream_socket_enable_crypto(Resource id #153, true, 121)
#2 C:\Users\Maxime\Desktop\ci4\system\Email\Email.php(1796): CodeIgniter\Email\Email->SMTPConnect()
#3 C:\Users\Maxime\Desktop\ci4\system\Email\Email.php(1681): CodeIgniter\Email\Email->sendWithSmtp()
#4 C:\Users\Maxime\Desktop\ci4\system\Email\Email.php(1575): CodeIgniter\Email\Email->spoolEmail()
#5 C:\Users\Maxime\Desktop\ci4\app\Controllers\CV\ContactController.php(56): CodeIgniter\Email\Email->send()
#6 C:\Users\Maxime\Desktop\ci4\system\CodeIgniter.php(919): App\Controllers\CV\ContactController->send()
#7 C:\Users\Maxime\Desktop\ci4\system\CodeIgniter.php(494): CodeIgniter\CodeIgniter->runController(Object(App\Controllers\CV\ContactController))
#8 C:\Users\Maxime\Desktop\ci4\system\CodeIgniter.php(353): CodeIgniter\CodeIgniter->handleRequest(NULL, Object(Config\Cache), false)
#9 C:\Users\Maxime\Desktop\ci4\public\index.php(79): CodeIgniter\CodeIgniter->run()
#10 C:\Users\Maxime\Desktop\ci4\system\Commands\Server\rewrite.php(47): require_once('C:\\Users\\Maxime...')
#11 {main}
ERROR - 2023-11-20 11:20:56 --> Email: Impossible d'envoyer des emails avec la méthode SMTP de PHP. Votre serveur n'est peut-être pas configuré pour pouvoir utiliser cette méthode.
ERROR - 2023-11-20 11:20:56 --> 220 smtp.gmail.com ESMTP y4-20020a5d4ac4000000b003316c8ad545sm9843562wrs.76 - gsmtp

hello: 250-smtp.gmail.com at your service, [194.254.109.166]
250-SIZE 35882577
250-8BITMIME
250-STARTTLS
250-ENHANCEDSTATUSCODES
250-PIPELINING
250-CHUNKING
250 SMTPUTF8

starttls: 220 2.0.0 Ready to start TLS

INFO - 2023-11-20 11:21:43 --> Session: Class initialized using 'CodeIgniter\Session\Handlers\FileHandler' driver.
INFO - 2023-11-20 11:21:44 --> Session: Class initialized using 'CodeIgniter\Session\Handlers\FileHandler' driver.
INFO - 2023-11-20 11:21:44 --> Session: Class initialized using 'CodeIgniter\Session\Handlers\FileHandler' driver.
INFO - 2023-11-20 11:21:45 --> Session: Class initialized using 'CodeIgniter\Session\Handlers\FileHandler' driver.
INFO - 2023-11-20 11:21:45 --> Session: Class initialized using 'CodeIgniter\Session\Handlers\FileHandler' driver.
INFO - 2023-11-20 11:21:45 --> Session: Class initialized using 'CodeIgniter\Session\Handlers\FileHandler' driver.
INFO - 2023-11-20 11:21:45 --> Session: Class initialized using 'CodeIgniter\Session\Handlers\FileHandler' driver.
INFO - 2023-11-20 11:21:45 --> Session: Class initialized using 'CodeIgniter\Session\Handlers\FileHandler' driver.
INFO - 2023-11-20 11:21:45 --> Session: Class initialized using 'CodeIgniter\Session\Handlers\FileHandler' driver.
INFO - 2023-11-20 11:21:45 --> Session: Class initialized using 'CodeIgniter\Session\Handlers\FileHandler' driver.
INFO - 2023-11-20 11:21:46 --> Session: Class initialized using 'CodeIgniter\Session\Handlers\FileHandler' driver.
INFO - 2023-11-20 11:21:52 --> Session: Class initialized using 'CodeIgniter\Session\Handlers\FileHandler' driver.
ERROR - 2023-11-20 11:21:53 --> Email: sendWithSmtp throwed ErrorException: stream_socket_enable_crypto(): This stream does not support SSL/crypto in C:\Users\Maxime\Desktop\ci4\system\Email\Email.php:1903
Stack trace:
#0 [internal function]: CodeIgniter\Debug\Exceptions->errorHandler(2, 'stream_socket_e...', 'C:\\Users\\Maxime...', 1903)
#1 C:\Users\Maxime\Desktop\ci4\system\Email\Email.php(1903): stream_socket_enable_crypto(Resource id #153, true, 121)
#2 C:\Users\Maxime\Desktop\ci4\system\Email\Email.php(1796): CodeIgniter\Email\Email->SMTPConnect()
#3 C:\Users\Maxime\Desktop\ci4\system\Email\Email.php(1681): CodeIgniter\Email\Email->sendWithSmtp()
#4 C:\Users\Maxime\Desktop\ci4\system\Email\Email.php(1575): CodeIgniter\Email\Email->spoolEmail()
#5 C:\Users\Maxime\Desktop\ci4\app\Controllers\CV\ContactController.php(56): CodeIgniter\Email\Email->send()
#6 C:\Users\Maxime\Desktop\ci4\system\CodeIgniter.php(919): App\Controllers\CV\ContactController->send()
#7 C:\Users\Maxime\Desktop\ci4\system\CodeIgniter.php(494): CodeIgniter\CodeIgniter->runController(Object(App\Controllers\CV\ContactController))
#8 C:\Users\Maxime\Desktop\ci4\system\CodeIgniter.php(353): CodeIgniter\CodeIgniter->handleRequest(NULL, Object(Config\Cache), false)
#9 C:\Users\Maxime\Desktop\ci4\public\index.php(79): CodeIgniter\CodeIgniter->run()
#10 C:\Users\Maxime\Desktop\ci4\system\Commands\Server\rewrite.php(47): require_once('C:\\Users\\Maxime...')
#11 {main}
ERROR - 2023-11-20 11:21:53 --> Email: Impossible d'envoyer des emails avec la méthode SMTP de PHP. Votre serveur n'est peut-être pas configuré pour pouvoir utiliser cette méthode.
ERROR - 2023-11-20 11:21:53 --> 220 smtp.gmail.com ESMTP h1-20020a05600004c100b00318147fd2d3sm10850689wri.41 - gsmtp

hello: 250-smtp.gmail.com at your service, [194.254.109.166]
250-SIZE 35882577
250-8BITMIME
250-STARTTLS
250-ENHANCEDSTATUSCODES
250-PIPELINING
250-CHUNKING
250 SMTPUTF8

starttls: 220 2.0.0 Ready to start TLS

INFO - 2023-11-20 11:25:03 --> Session: Class initialized using 'CodeIgniter\Session\Handlers\FileHandler' driver.
INFO - 2023-11-20 11:25:04 --> Session: Class initialized using 'CodeIgniter\Session\Handlers\FileHandler' driver.
INFO - 2023-11-20 11:25:04 --> Session: Class initialized using 'CodeIgniter\Session\Handlers\FileHandler' driver.
INFO - 2023-11-20 11:25:07 --> Session: Class initialized using 'CodeIgniter\Session\Handlers\FileHandler' driver.
INFO - 2023-11-20 11:27:20 --> Session: Class initialized using 'CodeIgniter\Session\Handlers\FileHandler' driver.
CRITICAL - 2023-11-20 11:27:21 --> view(): Argument #2 ($data) must be of type array, string given, called in C:\Users\Maxime\Desktop\ci4\app\Controllers\CV\ContactController.php on line 60
in SYSTEMPATH\Common.php on line 1176.
 1 APPPATH\Controllers\CV\ContactController.php(60): view('CV/Contact', 'Votre mail a bien été envoyé !')
 2 SYSTEMPATH\CodeIgniter.php(919): App\Controllers\CV\ContactController->send()
 3 SYSTEMPATH\CodeIgniter.php(494): CodeIgniter\CodeIgniter->runController(Object(App\Controllers\CV\ContactController))
 4 SYSTEMPATH\CodeIgniter.php(353): CodeIgniter\CodeIgniter->handleRequest(null, Object(Config\Cache), false)
 5 FCPATH\index.php(79): CodeIgniter\CodeIgniter->run()
 6 SYSTEMPATH\Commands\Server\rewrite.php(47): require_once('C:\\Users\\Maxime\\Desktop\\ci4\\public\\index.php')
INFO - 2023-11-20 11:27:42 --> Session: Class initialized using 'CodeIgniter\Session\Handlers\FileHandler' driver.
INFO - 2023-11-20 11:27:44 --> Session: Class initialized using 'CodeIgniter\Session\Handlers\FileHandler' driver.
INFO - 2023-11-20 11:27:47 --> Session: Class initialized using 'CodeIgniter\Session\Handlers\FileHandler' driver.
