INFO - 2024-01-10 08:42:42 --> Session: Class initialized using 'CodeIgniter\Session\Handlers\FileHandler' driver.
CRITICAL - 2024-01-10 08:56:38 --> Class "App\Models\EleveModele" not found
in APPPATH\Controllers\EleveControleur.php on line 9.
 1 SYSTEMPATH\CodeIgniter.php(919): App\Controllers\EleveControleur->index()
 2 SYSTEMPATH\CodeIgniter.php(494): CodeIgniter\CodeIgniter->runController(Object(App\Controllers\EleveControleur))
 3 SYSTEMPATH\CodeIgniter.php(353): CodeIgniter\CodeIgniter->handleRequest(null, Object(Config\Cache), false)
 4 FCPATH\index.php(79): CodeIgniter\CodeIgniter->run()
 5 SYSTEMPATH\Commands\Server\rewrite.php(47): require_once('C:\\Users\\maime\\Desktop\\CI4\\public\\index.php')
CRITICAL - 2024-01-10 08:56:38 --> Class "App\Models\EleveModele" not found
in APPPATH\Controllers\EleveControleur.php on line 9.
 1 SYSTEMPATH\CodeIgniter.php(919): App\Controllers\EleveControleur->index()
 2 SYSTEMPATH\CodeIgniter.php(494): CodeIgniter\CodeIgniter->runController(Object(App\Controllers\EleveControleur))
 3 SYSTEMPATH\CodeIgniter.php(353): CodeIgniter\CodeIgniter->handleRequest(null, Object(Config\Cache), false)
 4 FCPATH\index.php(79): CodeIgniter\CodeIgniter->run()
 5 SYSTEMPATH\Commands\Server\rewrite.php(47): require_once('C:\\Users\\maime\\Desktop\\CI4\\public\\index.php')
CRITICAL - 2024-01-10 08:57:00 --> Class "App\Models\EleveModele" not found
in APPPATH\Controllers\EleveControleur.php on line 9.
 1 SYSTEMPATH\CodeIgniter.php(919): App\Controllers\EleveControleur->index()
 2 SYSTEMPATH\CodeIgniter.php(494): CodeIgniter\CodeIgniter->runController(Object(App\Controllers\EleveControleur))
 3 SYSTEMPATH\CodeIgniter.php(353): CodeIgniter\CodeIgniter->handleRequest(null, Object(Config\Cache), false)
 4 FCPATH\index.php(79): CodeIgniter\CodeIgniter->run()
 5 SYSTEMPATH\Commands\Server\rewrite.php(47): require_once('C:\\Users\\maime\\Desktop\\CI4\\public\\index.php')
CRITICAL - 2024-01-10 08:57:00 --> Class "App\Models\EleveModele" not found
in APPPATH\Controllers\EleveControleur.php on line 9.
 1 SYSTEMPATH\CodeIgniter.php(919): App\Controllers\EleveControleur->index()
 2 SYSTEMPATH\CodeIgniter.php(494): CodeIgniter\CodeIgniter->runController(Object(App\Controllers\EleveControleur))
 3 SYSTEMPATH\CodeIgniter.php(353): CodeIgniter\CodeIgniter->handleRequest(null, Object(Config\Cache), false)
 4 FCPATH\index.php(79): CodeIgniter\CodeIgniter->run()
 5 SYSTEMPATH\Commands\Server\rewrite.php(47): require_once('C:\\Users\\maime\\Desktop\\CI4\\public\\index.php')
CRITICAL - 2024-01-10 08:57:16 --> Class "App\Models\EleveModele" not found
in APPPATH\Controllers\EleveControleur.php on line 9.
 1 SYSTEMPATH\CodeIgniter.php(919): App\Controllers\EleveControleur->index()
 2 SYSTEMPATH\CodeIgniter.php(494): CodeIgniter\CodeIgniter->runController(Object(App\Controllers\EleveControleur))
 3 SYSTEMPATH\CodeIgniter.php(353): CodeIgniter\CodeIgniter->handleRequest(null, Object(Config\Cache), false)
 4 FCPATH\index.php(79): CodeIgniter\CodeIgniter->run()
 5 SYSTEMPATH\Commands\Server\rewrite.php(47): require_once('C:\\Users\\maime\\Desktop\\CI4\\public\\index.php')
CRITICAL - 2024-01-10 08:57:17 --> Class "App\Models\EleveModele" not found
in APPPATH\Controllers\EleveControleur.php on line 9.
 1 SYSTEMPATH\CodeIgniter.php(919): App\Controllers\EleveControleur->index()
 2 SYSTEMPATH\CodeIgniter.php(494): CodeIgniter\CodeIgniter->runController(Object(App\Controllers\EleveControleur))
 3 SYSTEMPATH\CodeIgniter.php(353): CodeIgniter\CodeIgniter->handleRequest(null, Object(Config\Cache), false)
 4 FCPATH\index.php(79): CodeIgniter\CodeIgniter->run()
 5 SYSTEMPATH\Commands\Server\rewrite.php(47): require_once('C:\\Users\\maime\\Desktop\\CI4\\public\\index.php')
CRITICAL - 2024-01-10 08:57:17 --> Class "App\Models\EleveModele" not found
in APPPATH\Controllers\EleveControleur.php on line 9.
 1 SYSTEMPATH\CodeIgniter.php(919): App\Controllers\EleveControleur->index()
 2 SYSTEMPATH\CodeIgniter.php(494): CodeIgniter\CodeIgniter->runController(Object(App\Controllers\EleveControleur))
 3 SYSTEMPATH\CodeIgniter.php(353): CodeIgniter\CodeIgniter->handleRequest(null, Object(Config\Cache), false)
 4 FCPATH\index.php(79): CodeIgniter\CodeIgniter->run()
 5 SYSTEMPATH\Commands\Server\rewrite.php(47): require_once('C:\\Users\\maime\\Desktop\\CI4\\public\\index.php')
CRITICAL - 2024-01-10 08:57:17 --> Class "App\Models\EleveModele" not found
in APPPATH\Controllers\EleveControleur.php on line 9.
 1 SYSTEMPATH\CodeIgniter.php(919): App\Controllers\EleveControleur->index()
 2 SYSTEMPATH\CodeIgniter.php(494): CodeIgniter\CodeIgniter->runController(Object(App\Controllers\EleveControleur))
 3 SYSTEMPATH\CodeIgniter.php(353): CodeIgniter\CodeIgniter->handleRequest(null, Object(Config\Cache), false)
 4 FCPATH\index.php(79): CodeIgniter\CodeIgniter->run()
 5 SYSTEMPATH\Commands\Server\rewrite.php(47): require_once('C:\\Users\\maime\\Desktop\\CI4\\public\\index.php')
CRITICAL - 2024-01-10 08:57:17 --> Class "App\Models\EleveModele" not found
in APPPATH\Controllers\EleveControleur.php on line 9.
 1 SYSTEMPATH\CodeIgniter.php(919): App\Controllers\EleveControleur->index()
 2 SYSTEMPATH\CodeIgniter.php(494): CodeIgniter\CodeIgniter->runController(Object(App\Controllers\EleveControleur))
 3 SYSTEMPATH\CodeIgniter.php(353): CodeIgniter\CodeIgniter->handleRequest(null, Object(Config\Cache), false)
 4 FCPATH\index.php(79): CodeIgniter\CodeIgniter->run()
 5 SYSTEMPATH\Commands\Server\rewrite.php(47): require_once('C:\\Users\\maime\\Desktop\\CI4\\public\\index.php')
CRITICAL - 2024-01-10 09:01:02 --> Undefined constant "CodeIgniter\Database\MySQLi\MYSQLI_STORE_RESULT"
in SYSTEMPATH\Database\Database.php on line 137.
 1 SYSTEMPATH\Database\Database.php(55): CodeIgniter\Database\Database->initDriver('MySQLi', 'Connection', [...])
 2 SYSTEMPATH\Database\Config.php(81): CodeIgniter\Database\Database->load([...], 'default')
 3 SYSTEMPATH\Model.php(151): CodeIgniter\Database\Config::connect('default')
 4 APPPATH\Controllers\EleveControleur.php(9): CodeIgniter\Model->__construct()
 5 SYSTEMPATH\CodeIgniter.php(919): App\Controllers\EleveControleur->index()
 6 SYSTEMPATH\CodeIgniter.php(494): CodeIgniter\CodeIgniter->runController(Object(App\Controllers\EleveControleur))
 7 SYSTEMPATH\CodeIgniter.php(353): CodeIgniter\CodeIgniter->handleRequest(null, Object(Config\Cache), false)
 8 FCPATH\index.php(79): CodeIgniter\CodeIgniter->run()
 9 SYSTEMPATH\Commands\Server\rewrite.php(47): require_once('C:\\Users\\maime\\Desktop\\CI4\\public\\index.php')
CRITICAL - 2024-01-10 09:01:02 --> Undefined constant "CodeIgniter\Database\MySQLi\MYSQLI_STORE_RESULT"
in SYSTEMPATH\Database\Database.php on line 137.
 1 SYSTEMPATH\Database\Database.php(55): CodeIgniter\Database\Database->initDriver('MySQLi', 'Connection', [...])
 2 SYSTEMPATH\Database\Config.php(81): CodeIgniter\Database\Database->load([...], 'default')
 3 SYSTEMPATH\Model.php(151): CodeIgniter\Database\Config::connect('default')
 4 APPPATH\Controllers\EleveControleur.php(9): CodeIgniter\Model->__construct()
 5 SYSTEMPATH\CodeIgniter.php(919): App\Controllers\EleveControleur->index()
 6 SYSTEMPATH\CodeIgniter.php(494): CodeIgniter\CodeIgniter->runController(Object(App\Controllers\EleveControleur))
 7 SYSTEMPATH\CodeIgniter.php(353): CodeIgniter\CodeIgniter->handleRequest(null, Object(Config\Cache), false)
 8 FCPATH\index.php(79): CodeIgniter\CodeIgniter->run()
 9 SYSTEMPATH\Commands\Server\rewrite.php(47): require_once('C:\\Users\\maime\\Desktop\\CI4\\public\\index.php')
CRITICAL - 2024-01-10 09:01:02 --> Undefined constant "CodeIgniter\Database\MySQLi\MYSQLI_STORE_RESULT"
in SYSTEMPATH\Database\Database.php on line 137.
 1 SYSTEMPATH\Database\Database.php(55): CodeIgniter\Database\Database->initDriver('MySQLi', 'Connection', [...])
 2 SYSTEMPATH\Database\Config.php(81): CodeIgniter\Database\Database->load([...], 'default')
 3 SYSTEMPATH\Model.php(151): CodeIgniter\Database\Config::connect('default')
 4 APPPATH\Controllers\EleveControleur.php(9): CodeIgniter\Model->__construct()
 5 SYSTEMPATH\CodeIgniter.php(919): App\Controllers\EleveControleur->index()
 6 SYSTEMPATH\CodeIgniter.php(494): CodeIgniter\CodeIgniter->runController(Object(App\Controllers\EleveControleur))
 7 SYSTEMPATH\CodeIgniter.php(353): CodeIgniter\CodeIgniter->handleRequest(null, Object(Config\Cache), false)
 8 FCPATH\index.php(79): CodeIgniter\CodeIgniter->run()
 9 SYSTEMPATH\Commands\Server\rewrite.php(47): require_once('C:\\Users\\maime\\Desktop\\CI4\\public\\index.php')
CRITICAL - 2024-01-10 09:01:03 --> Undefined constant "CodeIgniter\Database\MySQLi\MYSQLI_STORE_RESULT"
in SYSTEMPATH\Database\Database.php on line 137.
 1 SYSTEMPATH\Database\Database.php(55): CodeIgniter\Database\Database->initDriver('MySQLi', 'Connection', [...])
 2 SYSTEMPATH\Database\Config.php(81): CodeIgniter\Database\Database->load([...], 'default')
 3 SYSTEMPATH\Model.php(151): CodeIgniter\Database\Config::connect('default')
 4 APPPATH\Controllers\EleveControleur.php(9): CodeIgniter\Model->__construct()
 5 SYSTEMPATH\CodeIgniter.php(919): App\Controllers\EleveControleur->index()
 6 SYSTEMPATH\CodeIgniter.php(494): CodeIgniter\CodeIgniter->runController(Object(App\Controllers\EleveControleur))
 7 SYSTEMPATH\CodeIgniter.php(353): CodeIgniter\CodeIgniter->handleRequest(null, Object(Config\Cache), false)
 8 FCPATH\index.php(79): CodeIgniter\CodeIgniter->run()
 9 SYSTEMPATH\Commands\Server\rewrite.php(47): require_once('C:\\Users\\maime\\Desktop\\CI4\\public\\index.php')
CRITICAL - 2024-01-10 09:01:03 --> Undefined constant "CodeIgniter\Database\MySQLi\MYSQLI_STORE_RESULT"
in SYSTEMPATH\Database\Database.php on line 137.
 1 SYSTEMPATH\Database\Database.php(55): CodeIgniter\Database\Database->initDriver('MySQLi', 'Connection', [...])
 2 SYSTEMPATH\Database\Config.php(81): CodeIgniter\Database\Database->load([...], 'default')
 3 SYSTEMPATH\Model.php(151): CodeIgniter\Database\Config::connect('default')
 4 APPPATH\Controllers\EleveControleur.php(9): CodeIgniter\Model->__construct()
 5 SYSTEMPATH\CodeIgniter.php(919): App\Controllers\EleveControleur->index()
 6 SYSTEMPATH\CodeIgniter.php(494): CodeIgniter\CodeIgniter->runController(Object(App\Controllers\EleveControleur))
 7 SYSTEMPATH\CodeIgniter.php(353): CodeIgniter\CodeIgniter->handleRequest(null, Object(Config\Cache), false)
 8 FCPATH\index.php(79): CodeIgniter\CodeIgniter->run()
 9 SYSTEMPATH\Commands\Server\rewrite.php(47): require_once('C:\\Users\\maime\\Desktop\\CI4\\public\\index.php')
ERROR - 2024-01-10 09:01:35 --> Error connecting to the database: ErrorException: pg_connect(): Unable to connect to PostgreSQL server: could not connect to server: Connection refused (0x0000274D/10061)
	Is the server running on host &quot;localhost&quot; (::1) and accepting
	TCP/IP connections on port 3306?
could not connect to server: Connection refused (0x0000274D/10061)
	Is the server running on host &quot;localhost&quot; (127.0.0.1) and accepting
	TCP/IP connections on port 3306? in C:\Users\maime\Desktop\CI4\system\Database\Postgre\Connection.php:72
Stack trace:
#0 [internal function]: CodeIgniter\Debug\Exceptions->errorHandler(2, 'pg_connect(): U...', 'C:\\Users\\maime\\...', 72)
#1 C:\Users\maime\Desktop\CI4\system\Database\Postgre\Connection.php(72): pg_connect('host=localhost ...')
#2 C:\Users\maime\Desktop\CI4\system\Database\BaseConnection.php(391): CodeIgniter\Database\Postgre\Connection->connect(false)
#3 C:\Users\maime\Desktop\CI4\system\Database\BaseConnection.php(574): CodeIgniter\Database\BaseConnection->initialize()
#4 C:\Users\maime\Desktop\CI4\system\Database\BaseBuilder.php(2308): CodeIgniter\Database\BaseConnection->query('INSERT INTO "el...', Array, false)
#5 C:\Users\maime\Desktop\CI4\system\Model.php(319): CodeIgniter\Database\BaseBuilder->insert()
#6 C:\Users\maime\Desktop\CI4\system\BaseModel.php(788): CodeIgniter\Model->doInsert(Array)
#7 C:\Users\maime\Desktop\CI4\system\Model.php(715): CodeIgniter\BaseModel->insert(Array, true)
#8 C:\Users\maime\Desktop\CI4\app\Controllers\EleveControleur.php(14): CodeIgniter\Model->insert(Array)
#9 C:\Users\maime\Desktop\CI4\system\CodeIgniter.php(919): App\Controllers\EleveControleur->index()
#10 C:\Users\maime\Desktop\CI4\system\CodeIgniter.php(494): CodeIgniter\CodeIgniter->runController(Object(App\Controllers\EleveControleur))
#11 C:\Users\maime\Desktop\CI4\system\CodeIgniter.php(353): CodeIgniter\CodeIgniter->handleRequest(NULL, Object(Config\Cache), false)
#12 C:\Users\maime\Desktop\CI4\public\index.php(79): CodeIgniter\CodeIgniter->run()
#13 C:\Users\maime\Desktop\CI4\system\Commands\Server\rewrite.php(47): require_once('C:\\Users\\maime\\...')
#14 {main}
CRITICAL - 2024-01-10 09:01:35 --> Unable to connect to the database.
Main connection [Postgre]: pg_connect(): Unable to connect to PostgreSQL server: could not connect to server: Connection refused (0x0000274D/10061)
	Is the server running on host &quot;localhost&quot; (::1) and accepting
	TCP/IP connections on port 3306?
could not connect to server: Connection refused (0x0000274D/10061)
	Is the server running on host &quot;localhost&quot; (127.0.0.1) and accepting
	TCP/IP connections on port 3306?
in SYSTEMPATH\Database\BaseConnection.php on line 427.
 1 SYSTEMPATH\Database\BaseConnection.php(574): CodeIgniter\Database\BaseConnection->initialize()
 2 SYSTEMPATH\Database\BaseBuilder.php(2308): CodeIgniter\Database\BaseConnection->query('INSERT INTO "eleve" ("nom", "prenom", "datecreation", "datemodif") VALUES (:nom:, :prenom:, :datecreation:, :datemodif:)', [...], false)
 3 SYSTEMPATH\Model.php(319): CodeIgniter\Database\BaseBuilder->insert()
 4 SYSTEMPATH\BaseModel.php(788): CodeIgniter\Model->doInsert([...])
 5 SYSTEMPATH\Model.php(715): CodeIgniter\BaseModel->insert([...], true)
 6 APPPATH\Controllers\EleveControleur.php(14): CodeIgniter\Model->insert([...])
 7 SYSTEMPATH\CodeIgniter.php(919): App\Controllers\EleveControleur->index()
 8 SYSTEMPATH\CodeIgniter.php(494): CodeIgniter\CodeIgniter->runController(Object(App\Controllers\EleveControleur))
 9 SYSTEMPATH\CodeIgniter.php(353): CodeIgniter\CodeIgniter->handleRequest(null, Object(Config\Cache), false)
10 FCPATH\index.php(79): CodeIgniter\CodeIgniter->run()
11 SYSTEMPATH\Commands\Server\rewrite.php(47): require_once('C:\\Users\\maime\\Desktop\\CI4\\public\\index.php')
ERROR - 2024-01-10 09:01:39 --> Error connecting to the database: ErrorException: pg_connect(): Unable to connect to PostgreSQL server: could not connect to server: Connection refused (0x0000274D/10061)
	Is the server running on host &quot;localhost&quot; (::1) and accepting
	TCP/IP connections on port 3306?
could not connect to server: Connection refused (0x0000274D/10061)
	Is the server running on host &quot;localhost&quot; (127.0.0.1) and accepting
	TCP/IP connections on port 3306? in C:\Users\maime\Desktop\CI4\system\Database\Postgre\Connection.php:72
Stack trace:
#0 [internal function]: CodeIgniter\Debug\Exceptions->errorHandler(2, 'pg_connect(): U...', 'C:\\Users\\maime\\...', 72)
#1 C:\Users\maime\Desktop\CI4\system\Database\Postgre\Connection.php(72): pg_connect('host=localhost ...')
#2 C:\Users\maime\Desktop\CI4\system\Database\BaseConnection.php(391): CodeIgniter\Database\Postgre\Connection->connect(false)
#3 C:\Users\maime\Desktop\CI4\system\Database\BaseConnection.php(574): CodeIgniter\Database\BaseConnection->initialize()
#4 C:\Users\maime\Desktop\CI4\system\Database\BaseBuilder.php(2308): CodeIgniter\Database\BaseConnection->query('INSERT INTO "el...', Array, false)
#5 C:\Users\maime\Desktop\CI4\system\Model.php(319): CodeIgniter\Database\BaseBuilder->insert()
#6 C:\Users\maime\Desktop\CI4\system\BaseModel.php(788): CodeIgniter\Model->doInsert(Array)
#7 C:\Users\maime\Desktop\CI4\system\Model.php(715): CodeIgniter\BaseModel->insert(Array, true)
#8 C:\Users\maime\Desktop\CI4\app\Controllers\EleveControleur.php(14): CodeIgniter\Model->insert(Array)
#9 C:\Users\maime\Desktop\CI4\system\CodeIgniter.php(919): App\Controllers\EleveControleur->index()
#10 C:\Users\maime\Desktop\CI4\system\CodeIgniter.php(494): CodeIgniter\CodeIgniter->runController(Object(App\Controllers\EleveControleur))
#11 C:\Users\maime\Desktop\CI4\system\CodeIgniter.php(353): CodeIgniter\CodeIgniter->handleRequest(NULL, Object(Config\Cache), false)
#12 C:\Users\maime\Desktop\CI4\public\index.php(79): CodeIgniter\CodeIgniter->run()
#13 C:\Users\maime\Desktop\CI4\system\Commands\Server\rewrite.php(47): require_once('C:\\Users\\maime\\...')
#14 {main}
CRITICAL - 2024-01-10 09:01:39 --> Unable to connect to the database.
Main connection [Postgre]: pg_connect(): Unable to connect to PostgreSQL server: could not connect to server: Connection refused (0x0000274D/10061)
	Is the server running on host &quot;localhost&quot; (::1) and accepting
	TCP/IP connections on port 3306?
could not connect to server: Connection refused (0x0000274D/10061)
	Is the server running on host &quot;localhost&quot; (127.0.0.1) and accepting
	TCP/IP connections on port 3306?
in SYSTEMPATH\Database\BaseConnection.php on line 427.
 1 SYSTEMPATH\Database\BaseConnection.php(574): CodeIgniter\Database\BaseConnection->initialize()
 2 SYSTEMPATH\Database\BaseBuilder.php(2308): CodeIgniter\Database\BaseConnection->query('INSERT INTO "eleve" ("nom", "prenom", "datecreation", "datemodif") VALUES (:nom:, :prenom:, :datecreation:, :datemodif:)', [...], false)
 3 SYSTEMPATH\Model.php(319): CodeIgniter\Database\BaseBuilder->insert()
 4 SYSTEMPATH\BaseModel.php(788): CodeIgniter\Model->doInsert([...])
 5 SYSTEMPATH\Model.php(715): CodeIgniter\BaseModel->insert([...], true)
 6 APPPATH\Controllers\EleveControleur.php(14): CodeIgniter\Model->insert([...])
 7 SYSTEMPATH\CodeIgniter.php(919): App\Controllers\EleveControleur->index()
 8 SYSTEMPATH\CodeIgniter.php(494): CodeIgniter\CodeIgniter->runController(Object(App\Controllers\EleveControleur))
 9 SYSTEMPATH\CodeIgniter.php(353): CodeIgniter\CodeIgniter->handleRequest(null, Object(Config\Cache), false)
10 FCPATH\index.php(79): CodeIgniter\CodeIgniter->run()
11 SYSTEMPATH\Commands\Server\rewrite.php(47): require_once('C:\\Users\\maime\\Desktop\\CI4\\public\\index.php')
ERROR - 2024-01-10 09:01:43 --> Error connecting to the database: ErrorException: pg_connect(): Unable to connect to PostgreSQL server: could not connect to server: Connection refused (0x0000274D/10061)
	Is the server running on host &quot;localhost&quot; (::1) and accepting
	TCP/IP connections on port 3306?
could not connect to server: Connection refused (0x0000274D/10061)
	Is the server running on host &quot;localhost&quot; (127.0.0.1) and accepting
	TCP/IP connections on port 3306? in C:\Users\maime\Desktop\CI4\system\Database\Postgre\Connection.php:72
Stack trace:
#0 [internal function]: CodeIgniter\Debug\Exceptions->errorHandler(2, 'pg_connect(): U...', 'C:\\Users\\maime\\...', 72)
#1 C:\Users\maime\Desktop\CI4\system\Database\Postgre\Connection.php(72): pg_connect('host=localhost ...')
#2 C:\Users\maime\Desktop\CI4\system\Database\BaseConnection.php(391): CodeIgniter\Database\Postgre\Connection->connect(false)
#3 C:\Users\maime\Desktop\CI4\system\Database\BaseConnection.php(574): CodeIgniter\Database\BaseConnection->initialize()
#4 C:\Users\maime\Desktop\CI4\system\Database\BaseBuilder.php(2308): CodeIgniter\Database\BaseConnection->query('INSERT INTO "el...', Array, false)
#5 C:\Users\maime\Desktop\CI4\system\Model.php(319): CodeIgniter\Database\BaseBuilder->insert()
#6 C:\Users\maime\Desktop\CI4\system\BaseModel.php(788): CodeIgniter\Model->doInsert(Array)
#7 C:\Users\maime\Desktop\CI4\system\Model.php(715): CodeIgniter\BaseModel->insert(Array, true)
#8 C:\Users\maime\Desktop\CI4\app\Controllers\EleveControleur.php(14): CodeIgniter\Model->insert(Array)
#9 C:\Users\maime\Desktop\CI4\system\CodeIgniter.php(919): App\Controllers\EleveControleur->index()
#10 C:\Users\maime\Desktop\CI4\system\CodeIgniter.php(494): CodeIgniter\CodeIgniter->runController(Object(App\Controllers\EleveControleur))
#11 C:\Users\maime\Desktop\CI4\system\CodeIgniter.php(353): CodeIgniter\CodeIgniter->handleRequest(NULL, Object(Config\Cache), false)
#12 C:\Users\maime\Desktop\CI4\public\index.php(79): CodeIgniter\CodeIgniter->run()
#13 C:\Users\maime\Desktop\CI4\system\Commands\Server\rewrite.php(47): require_once('C:\\Users\\maime\\...')
#14 {main}
CRITICAL - 2024-01-10 09:01:43 --> Unable to connect to the database.
Main connection [Postgre]: pg_connect(): Unable to connect to PostgreSQL server: could not connect to server: Connection refused (0x0000274D/10061)
	Is the server running on host &quot;localhost&quot; (::1) and accepting
	TCP/IP connections on port 3306?
could not connect to server: Connection refused (0x0000274D/10061)
	Is the server running on host &quot;localhost&quot; (127.0.0.1) and accepting
	TCP/IP connections on port 3306?
in SYSTEMPATH\Database\BaseConnection.php on line 427.
 1 SYSTEMPATH\Database\BaseConnection.php(574): CodeIgniter\Database\BaseConnection->initialize()
 2 SYSTEMPATH\Database\BaseBuilder.php(2308): CodeIgniter\Database\BaseConnection->query('INSERT INTO "eleve" ("nom", "prenom", "datecreation", "datemodif") VALUES (:nom:, :prenom:, :datecreation:, :datemodif:)', [...], false)
 3 SYSTEMPATH\Model.php(319): CodeIgniter\Database\BaseBuilder->insert()
 4 SYSTEMPATH\BaseModel.php(788): CodeIgniter\Model->doInsert([...])
 5 SYSTEMPATH\Model.php(715): CodeIgniter\BaseModel->insert([...], true)
 6 APPPATH\Controllers\EleveControleur.php(14): CodeIgniter\Model->insert([...])
 7 SYSTEMPATH\CodeIgniter.php(919): App\Controllers\EleveControleur->index()
 8 SYSTEMPATH\CodeIgniter.php(494): CodeIgniter\CodeIgniter->runController(Object(App\Controllers\EleveControleur))
 9 SYSTEMPATH\CodeIgniter.php(353): CodeIgniter\CodeIgniter->handleRequest(null, Object(Config\Cache), false)
10 FCPATH\index.php(79): CodeIgniter\CodeIgniter->run()
11 SYSTEMPATH\Commands\Server\rewrite.php(47): require_once('C:\\Users\\maime\\Desktop\\CI4\\public\\index.php')
ERROR - 2024-01-10 09:01:48 --> Error connecting to the database: ErrorException: pg_connect(): Unable to connect to PostgreSQL server: could not connect to server: Connection refused (0x0000274D/10061)
	Is the server running on host &quot;localhost&quot; (::1) and accepting
	TCP/IP connections on port 3306?
could not connect to server: Connection refused (0x0000274D/10061)
	Is the server running on host &quot;localhost&quot; (127.0.0.1) and accepting
	TCP/IP connections on port 3306? in C:\Users\maime\Desktop\CI4\system\Database\Postgre\Connection.php:72
Stack trace:
#0 [internal function]: CodeIgniter\Debug\Exceptions->errorHandler(2, 'pg_connect(): U...', 'C:\\Users\\maime\\...', 72)
#1 C:\Users\maime\Desktop\CI4\system\Database\Postgre\Connection.php(72): pg_connect('host=localhost ...')
#2 C:\Users\maime\Desktop\CI4\system\Database\BaseConnection.php(391): CodeIgniter\Database\Postgre\Connection->connect(false)
#3 C:\Users\maime\Desktop\CI4\system\Database\BaseConnection.php(574): CodeIgniter\Database\BaseConnection->initialize()
#4 C:\Users\maime\Desktop\CI4\system\Database\BaseBuilder.php(2308): CodeIgniter\Database\BaseConnection->query('INSERT INTO "el...', Array, false)
#5 C:\Users\maime\Desktop\CI4\system\Model.php(319): CodeIgniter\Database\BaseBuilder->insert()
#6 C:\Users\maime\Desktop\CI4\system\BaseModel.php(788): CodeIgniter\Model->doInsert(Array)
#7 C:\Users\maime\Desktop\CI4\system\Model.php(715): CodeIgniter\BaseModel->insert(Array, true)
#8 C:\Users\maime\Desktop\CI4\app\Controllers\EleveControleur.php(14): CodeIgniter\Model->insert(Array)
#9 C:\Users\maime\Desktop\CI4\system\CodeIgniter.php(919): App\Controllers\EleveControleur->index()
#10 C:\Users\maime\Desktop\CI4\system\CodeIgniter.php(494): CodeIgniter\CodeIgniter->runController(Object(App\Controllers\EleveControleur))
#11 C:\Users\maime\Desktop\CI4\system\CodeIgniter.php(353): CodeIgniter\CodeIgniter->handleRequest(NULL, Object(Config\Cache), false)
#12 C:\Users\maime\Desktop\CI4\public\index.php(79): CodeIgniter\CodeIgniter->run()
#13 C:\Users\maime\Desktop\CI4\system\Commands\Server\rewrite.php(47): require_once('C:\\Users\\maime\\...')
#14 {main}
CRITICAL - 2024-01-10 09:01:48 --> Unable to connect to the database.
Main connection [Postgre]: pg_connect(): Unable to connect to PostgreSQL server: could not connect to server: Connection refused (0x0000274D/10061)
	Is the server running on host &quot;localhost&quot; (::1) and accepting
	TCP/IP connections on port 3306?
could not connect to server: Connection refused (0x0000274D/10061)
	Is the server running on host &quot;localhost&quot; (127.0.0.1) and accepting
	TCP/IP connections on port 3306?
in SYSTEMPATH\Database\BaseConnection.php on line 427.
 1 SYSTEMPATH\Database\BaseConnection.php(574): CodeIgniter\Database\BaseConnection->initialize()
 2 SYSTEMPATH\Database\BaseBuilder.php(2308): CodeIgniter\Database\BaseConnection->query('INSERT INTO "eleve" ("nom", "prenom", "datecreation", "datemodif") VALUES (:nom:, :prenom:, :datecreation:, :datemodif:)', [...], false)
 3 SYSTEMPATH\Model.php(319): CodeIgniter\Database\BaseBuilder->insert()
 4 SYSTEMPATH\BaseModel.php(788): CodeIgniter\Model->doInsert([...])
 5 SYSTEMPATH\Model.php(715): CodeIgniter\BaseModel->insert([...], true)
 6 APPPATH\Controllers\EleveControleur.php(14): CodeIgniter\Model->insert([...])
 7 SYSTEMPATH\CodeIgniter.php(919): App\Controllers\EleveControleur->index()
 8 SYSTEMPATH\CodeIgniter.php(494): CodeIgniter\CodeIgniter->runController(Object(App\Controllers\EleveControleur))
 9 SYSTEMPATH\CodeIgniter.php(353): CodeIgniter\CodeIgniter->handleRequest(null, Object(Config\Cache), false)
10 FCPATH\index.php(79): CodeIgniter\CodeIgniter->run()
11 SYSTEMPATH\Commands\Server\rewrite.php(47): require_once('C:\\Users\\maime\\Desktop\\CI4\\public\\index.php')
CRITICAL - 2024-01-10 09:02:18 --> Fichier non valide : essaiBD_view.php
in SYSTEMPATH\Exceptions\FrameworkException.php on line 39.
 1 SYSTEMPATH\View\View.php(214): CodeIgniter\Exceptions\FrameworkException::forInvalidFile('essaiBD_view.php')
 2 SYSTEMPATH\Common.php(1188): CodeIgniter\View\View->render('essaiBD_view', [], true)
 3 APPPATH\Controllers\EleveControleur.php(28): view('essaiBD_view', [...])
 4 SYSTEMPATH\CodeIgniter.php(919): App\Controllers\EleveControleur->index()
 5 SYSTEMPATH\CodeIgniter.php(494): CodeIgniter\CodeIgniter->runController(Object(App\Controllers\EleveControleur))
 6 SYSTEMPATH\CodeIgniter.php(353): CodeIgniter\CodeIgniter->handleRequest(null, Object(Config\Cache), false)
 7 FCPATH\index.php(79): CodeIgniter\CodeIgniter->run()
 8 SYSTEMPATH\Commands\Server\rewrite.php(47): require_once('C:\\Users\\maime\\Desktop\\CI4\\public\\index.php')
CRITICAL - 2024-01-10 09:03:17 --> Fichier non valide : essaiBD_view.php
in SYSTEMPATH\Exceptions\FrameworkException.php on line 39.
 1 SYSTEMPATH\View\View.php(214): CodeIgniter\Exceptions\FrameworkException::forInvalidFile('essaiBD_view.php')
 2 SYSTEMPATH\Common.php(1188): CodeIgniter\View\View->render('essaiBD_view', [], true)
 3 APPPATH\Controllers\EleveControleur.php(28): view('essaiBD_view', [...])
 4 SYSTEMPATH\CodeIgniter.php(919): App\Controllers\EleveControleur->index()
 5 SYSTEMPATH\CodeIgniter.php(494): CodeIgniter\CodeIgniter->runController(Object(App\Controllers\EleveControleur))
 6 SYSTEMPATH\CodeIgniter.php(353): CodeIgniter\CodeIgniter->handleRequest(null, Object(Config\Cache), false)
 7 FCPATH\index.php(79): CodeIgniter\CodeIgniter->run()
 8 SYSTEMPATH\Commands\Server\rewrite.php(47): require_once('C:\\Users\\maime\\Desktop\\CI4\\public\\index.php')
CRITICAL - 2024-01-10 09:03:57 --> Fichier non valide : EveleVue.php
in SYSTEMPATH\Exceptions\FrameworkException.php on line 39.
 1 SYSTEMPATH\View\View.php(214): CodeIgniter\Exceptions\FrameworkException::forInvalidFile('EveleVue.php')
 2 SYSTEMPATH\Common.php(1188): CodeIgniter\View\View->render('EveleVue', [], true)
 3 APPPATH\Controllers\EleveControleur.php(28): view('EveleVue', [...])
 4 SYSTEMPATH\CodeIgniter.php(919): App\Controllers\EleveControleur->index()
 5 SYSTEMPATH\CodeIgniter.php(494): CodeIgniter\CodeIgniter->runController(Object(App\Controllers\EleveControleur))
 6 SYSTEMPATH\CodeIgniter.php(353): CodeIgniter\CodeIgniter->handleRequest(null, Object(Config\Cache), false)
 7 FCPATH\index.php(79): CodeIgniter\CodeIgniter->run()
 8 SYSTEMPATH\Commands\Server\rewrite.php(47): require_once('C:\\Users\\maime\\Desktop\\CI4\\public\\index.php')
CRITICAL - 2024-01-10 09:03:58 --> Fichier non valide : EveleVue.php
in SYSTEMPATH\Exceptions\FrameworkException.php on line 39.
 1 SYSTEMPATH\View\View.php(214): CodeIgniter\Exceptions\FrameworkException::forInvalidFile('EveleVue.php')
 2 SYSTEMPATH\Common.php(1188): CodeIgniter\View\View->render('EveleVue', [], true)
 3 APPPATH\Controllers\EleveControleur.php(28): view('EveleVue', [...])
 4 SYSTEMPATH\CodeIgniter.php(919): App\Controllers\EleveControleur->index()
 5 SYSTEMPATH\CodeIgniter.php(494): CodeIgniter\CodeIgniter->runController(Object(App\Controllers\EleveControleur))
 6 SYSTEMPATH\CodeIgniter.php(353): CodeIgniter\CodeIgniter->handleRequest(null, Object(Config\Cache), false)
 7 FCPATH\index.php(79): CodeIgniter\CodeIgniter->run()
 8 SYSTEMPATH\Commands\Server\rewrite.php(47): require_once('C:\\Users\\maime\\Desktop\\CI4\\public\\index.php')
CRITICAL - 2024-01-10 09:03:59 --> Fichier non valide : EveleVue.php
in SYSTEMPATH\Exceptions\FrameworkException.php on line 39.
 1 SYSTEMPATH\View\View.php(214): CodeIgniter\Exceptions\FrameworkException::forInvalidFile('EveleVue.php')
 2 SYSTEMPATH\Common.php(1188): CodeIgniter\View\View->render('EveleVue', [], true)
 3 APPPATH\Controllers\EleveControleur.php(28): view('EveleVue', [...])
 4 SYSTEMPATH\CodeIgniter.php(919): App\Controllers\EleveControleur->index()
 5 SYSTEMPATH\CodeIgniter.php(494): CodeIgniter\CodeIgniter->runController(Object(App\Controllers\EleveControleur))
 6 SYSTEMPATH\CodeIgniter.php(353): CodeIgniter\CodeIgniter->handleRequest(null, Object(Config\Cache), false)
 7 FCPATH\index.php(79): CodeIgniter\CodeIgniter->run()
 8 SYSTEMPATH\Commands\Server\rewrite.php(47): require_once('C:\\Users\\maime\\Desktop\\CI4\\public\\index.php')
CRITICAL - 2024-01-10 09:03:59 --> Fichier non valide : EveleVue.php
in SYSTEMPATH\Exceptions\FrameworkException.php on line 39.
 1 SYSTEMPATH\View\View.php(214): CodeIgniter\Exceptions\FrameworkException::forInvalidFile('EveleVue.php')
 2 SYSTEMPATH\Common.php(1188): CodeIgniter\View\View->render('EveleVue', [], true)
 3 APPPATH\Controllers\EleveControleur.php(28): view('EveleVue', [...])
 4 SYSTEMPATH\CodeIgniter.php(919): App\Controllers\EleveControleur->index()
 5 SYSTEMPATH\CodeIgniter.php(494): CodeIgniter\CodeIgniter->runController(Object(App\Controllers\EleveControleur))
 6 SYSTEMPATH\CodeIgniter.php(353): CodeIgniter\CodeIgniter->handleRequest(null, Object(Config\Cache), false)
 7 FCPATH\index.php(79): CodeIgniter\CodeIgniter->run()
 8 SYSTEMPATH\Commands\Server\rewrite.php(47): require_once('C:\\Users\\maime\\Desktop\\CI4\\public\\index.php')
CRITICAL - 2024-01-10 09:03:59 --> Fichier non valide : EveleVue.php
in SYSTEMPATH\Exceptions\FrameworkException.php on line 39.
 1 SYSTEMPATH\View\View.php(214): CodeIgniter\Exceptions\FrameworkException::forInvalidFile('EveleVue.php')
 2 SYSTEMPATH\Common.php(1188): CodeIgniter\View\View->render('EveleVue', [], true)
 3 APPPATH\Controllers\EleveControleur.php(28): view('EveleVue', [...])
 4 SYSTEMPATH\CodeIgniter.php(919): App\Controllers\EleveControleur->index()
 5 SYSTEMPATH\CodeIgniter.php(494): CodeIgniter\CodeIgniter->runController(Object(App\Controllers\EleveControleur))
 6 SYSTEMPATH\CodeIgniter.php(353): CodeIgniter\CodeIgniter->handleRequest(null, Object(Config\Cache), false)
 7 FCPATH\index.php(79): CodeIgniter\CodeIgniter->run()
 8 SYSTEMPATH\Commands\Server\rewrite.php(47): require_once('C:\\Users\\maime\\Desktop\\CI4\\public\\index.php')
CRITICAL - 2024-01-10 09:04:15 --> Fichier non valide : EveleVue.php
in SYSTEMPATH\Exceptions\FrameworkException.php on line 39.
 1 SYSTEMPATH\View\View.php(214): CodeIgniter\Exceptions\FrameworkException::forInvalidFile('EveleVue.php')
 2 SYSTEMPATH\Common.php(1188): CodeIgniter\View\View->render('EveleVue', [], true)
 3 APPPATH\Controllers\EleveControleur.php(28): view('EveleVue', [...])
 4 SYSTEMPATH\CodeIgniter.php(919): App\Controllers\EleveControleur->index()
 5 SYSTEMPATH\CodeIgniter.php(494): CodeIgniter\CodeIgniter->runController(Object(App\Controllers\EleveControleur))
 6 SYSTEMPATH\CodeIgniter.php(353): CodeIgniter\CodeIgniter->handleRequest(null, Object(Config\Cache), false)
 7 FCPATH\index.php(79): CodeIgniter\CodeIgniter->run()
 8 SYSTEMPATH\Commands\Server\rewrite.php(47): require_once('C:\\Users\\maime\\Desktop\\CI4\\public\\index.php')
CRITICAL - 2024-01-10 09:04:15 --> Fichier non valide : EveleVue.php
in SYSTEMPATH\Exceptions\FrameworkException.php on line 39.
 1 SYSTEMPATH\View\View.php(214): CodeIgniter\Exceptions\FrameworkException::forInvalidFile('EveleVue.php')
 2 SYSTEMPATH\Common.php(1188): CodeIgniter\View\View->render('EveleVue', [], true)
 3 APPPATH\Controllers\EleveControleur.php(28): view('EveleVue', [...])
 4 SYSTEMPATH\CodeIgniter.php(919): App\Controllers\EleveControleur->index()
 5 SYSTEMPATH\CodeIgniter.php(494): CodeIgniter\CodeIgniter->runController(Object(App\Controllers\EleveControleur))
 6 SYSTEMPATH\CodeIgniter.php(353): CodeIgniter\CodeIgniter->handleRequest(null, Object(Config\Cache), false)
 7 FCPATH\index.php(79): CodeIgniter\CodeIgniter->run()
 8 SYSTEMPATH\Commands\Server\rewrite.php(47): require_once('C:\\Users\\maime\\Desktop\\CI4\\public\\index.php')
CRITICAL - 2024-01-10 09:04:16 --> Fichier non valide : EveleVue.php
in SYSTEMPATH\Exceptions\FrameworkException.php on line 39.
 1 SYSTEMPATH\View\View.php(214): CodeIgniter\Exceptions\FrameworkException::forInvalidFile('EveleVue.php')
 2 SYSTEMPATH\Common.php(1188): CodeIgniter\View\View->render('EveleVue', [], true)
 3 APPPATH\Controllers\EleveControleur.php(28): view('EveleVue', [...])
 4 SYSTEMPATH\CodeIgniter.php(919): App\Controllers\EleveControleur->index()
 5 SYSTEMPATH\CodeIgniter.php(494): CodeIgniter\CodeIgniter->runController(Object(App\Controllers\EleveControleur))
 6 SYSTEMPATH\CodeIgniter.php(353): CodeIgniter\CodeIgniter->handleRequest(null, Object(Config\Cache), false)
 7 FCPATH\index.php(79): CodeIgniter\CodeIgniter->run()
 8 SYSTEMPATH\Commands\Server\rewrite.php(47): require_once('C:\\Users\\maime\\Desktop\\CI4\\public\\index.php')
CRITICAL - 2024-01-10 09:04:16 --> Fichier non valide : EveleVue.php
in SYSTEMPATH\Exceptions\FrameworkException.php on line 39.
 1 SYSTEMPATH\View\View.php(214): CodeIgniter\Exceptions\FrameworkException::forInvalidFile('EveleVue.php')
 2 SYSTEMPATH\Common.php(1188): CodeIgniter\View\View->render('EveleVue', [], true)
 3 APPPATH\Controllers\EleveControleur.php(28): view('EveleVue', [...])
 4 SYSTEMPATH\CodeIgniter.php(919): App\Controllers\EleveControleur->index()
 5 SYSTEMPATH\CodeIgniter.php(494): CodeIgniter\CodeIgniter->runController(Object(App\Controllers\EleveControleur))
 6 SYSTEMPATH\CodeIgniter.php(353): CodeIgniter\CodeIgniter->handleRequest(null, Object(Config\Cache), false)
 7 FCPATH\index.php(79): CodeIgniter\CodeIgniter->run()
 8 SYSTEMPATH\Commands\Server\rewrite.php(47): require_once('C:\\Users\\maime\\Desktop\\CI4\\public\\index.php')
CRITICAL - 2024-01-10 09:07:31 --> Fichier non valide : EveleVue.php
in SYSTEMPATH\Exceptions\FrameworkException.php on line 39.
 1 SYSTEMPATH\View\View.php(214): CodeIgniter\Exceptions\FrameworkException::forInvalidFile('EveleVue.php')
 2 SYSTEMPATH\Common.php(1188): CodeIgniter\View\View->render('EveleVue', [], true)
 3 APPPATH\Controllers\EleveControleur.php(28): view('EveleVue', [...])
 4 SYSTEMPATH\CodeIgniter.php(919): App\Controllers\EleveControleur->index()
 5 SYSTEMPATH\CodeIgniter.php(494): CodeIgniter\CodeIgniter->runController(Object(App\Controllers\EleveControleur))
 6 SYSTEMPATH\CodeIgniter.php(353): CodeIgniter\CodeIgniter->handleRequest(null, Object(Config\Cache), false)
 7 FCPATH\index.php(79): CodeIgniter\CodeIgniter->run()
 8 SYSTEMPATH\Commands\Server\rewrite.php(47): require_once('C:\\Users\\maime\\Desktop\\CI4\\public\\index.php')
CRITICAL - 2024-01-10 09:07:44 --> Fichier non valide : EveleVue.php
in SYSTEMPATH\Exceptions\FrameworkException.php on line 39.
 1 SYSTEMPATH\View\View.php(214): CodeIgniter\Exceptions\FrameworkException::forInvalidFile('EveleVue.php')
 2 SYSTEMPATH\Common.php(1188): CodeIgniter\View\View->render('EveleVue', [], true)
 3 APPPATH\Controllers\EleveControleur.php(28): view('EveleVue', [...])
 4 SYSTEMPATH\CodeIgniter.php(919): App\Controllers\EleveControleur->index()
 5 SYSTEMPATH\CodeIgniter.php(494): CodeIgniter\CodeIgniter->runController(Object(App\Controllers\EleveControleur))
 6 SYSTEMPATH\CodeIgniter.php(353): CodeIgniter\CodeIgniter->handleRequest(null, Object(Config\Cache), false)
 7 FCPATH\index.php(79): CodeIgniter\CodeIgniter->run()
 8 SYSTEMPATH\Commands\Server\rewrite.php(47): require_once('C:\\Users\\maime\\Desktop\\CI4\\public\\index.php')
CRITICAL - 2024-01-10 09:07:45 --> Fichier non valide : EveleVue.php
in SYSTEMPATH\Exceptions\FrameworkException.php on line 39.
 1 SYSTEMPATH\View\View.php(214): CodeIgniter\Exceptions\FrameworkException::forInvalidFile('EveleVue.php')
 2 SYSTEMPATH\Common.php(1188): CodeIgniter\View\View->render('EveleVue', [], true)
 3 APPPATH\Controllers\EleveControleur.php(28): view('EveleVue', [...])
 4 SYSTEMPATH\CodeIgniter.php(919): App\Controllers\EleveControleur->index()
 5 SYSTEMPATH\CodeIgniter.php(494): CodeIgniter\CodeIgniter->runController(Object(App\Controllers\EleveControleur))
 6 SYSTEMPATH\CodeIgniter.php(353): CodeIgniter\CodeIgniter->handleRequest(null, Object(Config\Cache), false)
 7 FCPATH\index.php(79): CodeIgniter\CodeIgniter->run()
 8 SYSTEMPATH\Commands\Server\rewrite.php(47): require_once('C:\\Users\\maime\\Desktop\\CI4\\public\\index.php')
CRITICAL - 2024-01-10 09:07:45 --> Fichier non valide : EveleVue.php
in SYSTEMPATH\Exceptions\FrameworkException.php on line 39.
 1 SYSTEMPATH\View\View.php(214): CodeIgniter\Exceptions\FrameworkException::forInvalidFile('EveleVue.php')
 2 SYSTEMPATH\Common.php(1188): CodeIgniter\View\View->render('EveleVue', [], true)
 3 APPPATH\Controllers\EleveControleur.php(28): view('EveleVue', [...])
 4 SYSTEMPATH\CodeIgniter.php(919): App\Controllers\EleveControleur->index()
 5 SYSTEMPATH\CodeIgniter.php(494): CodeIgniter\CodeIgniter->runController(Object(App\Controllers\EleveControleur))
 6 SYSTEMPATH\CodeIgniter.php(353): CodeIgniter\CodeIgniter->handleRequest(null, Object(Config\Cache), false)
 7 FCPATH\index.php(79): CodeIgniter\CodeIgniter->run()
 8 SYSTEMPATH\Commands\Server\rewrite.php(47): require_once('C:\\Users\\maime\\Desktop\\CI4\\public\\index.php')
