CRITICAL - 2023-10-19 13:05:33 --> The framework needs the following extension(s) installed and loaded: intl, mbstring.
in SYSTEMPATH\CodeIgniter.php on line 246.
 1 SYSTEMPATH\CodeIgniter.php(246): CodeIgniter\Exceptions\FrameworkException::forMissingExtension('intl, mbstring')
 2 SYSTEMPATH\CodeIgniter.php(210): CodeIgniter\CodeIgniter->resolvePlatformExtensions()
 3 ROOTPATH\spark(88): CodeIgniter\CodeIgniter->initialize()
CRITICAL - 2023-10-19 13:05:34 --> Uncaught Error: Class 'Locale' not found in C:\Users\Maxime\Desktop\ci4\codeigniter4-framework-844616e\system\I18n\TimeTrait.php:74
Stack trace:
#0 C:\Users\Maxime\Desktop\ci4\codeigniter4-framework-844616e\system\I18n\TimeTrait.php(115): CodeIgniter\I18n\Time->__construct(NULL, NULL, NULL)
#1 C:\Users\Maxime\Desktop\ci4\codeigniter4-framework-844616e\system\HTTP\ResponseTrait.php(468): CodeIgniter\I18n\Time::now()
#2 C:\Users\Maxime\Desktop\ci4\codeigniter4-framework-844616e\system\HTTP\ResponseTrait.php(446): CodeIgniter\HTTP\Response->sendHeaders()
#3 C:\Users\Maxime\Desktop\ci4\codeigniter4-framework-844616e\system\Debug\ExceptionHandler.php(78): CodeIgniter\HTTP\Response->send()
#4 C:\Users\Maxime\Desktop\ci4\codeigniter4-framework-844616e\system\Debug\Exceptions.php(147): CodeIgniter\Debug\ExceptionHandler->handle(Object(CodeIgniter\Exceptions\FrameworkException), Object(CodeIgniter\HTTP\IncomingRequest), Object(CodeIgniter\HTTP\Response), 500, 1)
#5 [internal function]: CodeIgniter\Debug\Exceptions->ex
【Previous Exception】
CodeIgniter\Exceptions\FrameworkException
The framework needs the following extension(s) installed and loaded: intl, mbstring.
#0 C:\Users\Maxime\Desktop\ci4\codeigniter4-framework-844616e\system\CodeIgniter.php(246): CodeIgniter\Exceptions\FrameworkException::forMissingExtension('intl, mbstring')
#1 C:\Users\Maxime\Desktop\ci4\codeigniter4-framework-844616e\system\CodeIgniter.php(210): CodeIgniter\CodeIgniter->resolvePlatformExtensions()
#2 C:\Users\Maxime\Desktop\ci4\codeigniter4-framework-844616e\spark(88): CodeIgniter\CodeIgniter->initialize()
#3 {main}
in SYSTEMPATH\I18n\TimeTrait.php on line 74.
 1 [internal function]: CodeIgniter\Debug\Exceptions->shutdownHandler()
CRITICAL - 2023-10-19 13:07:21 --> The framework needs the following extension(s) installed and loaded: intl, mbstring.
in SYSTEMPATH\CodeIgniter.php on line 246.
 1 SYSTEMPATH\CodeIgniter.php(246): CodeIgniter\Exceptions\FrameworkException::forMissingExtension('intl, mbstring')
 2 SYSTEMPATH\CodeIgniter.php(210): CodeIgniter\CodeIgniter->resolvePlatformExtensions()
 3 ROOTPATH\spark(88): CodeIgniter\CodeIgniter->initialize()
CRITICAL - 2023-10-19 13:07:21 --> Uncaught Error: Class 'Locale' not found in C:\Users\Maxime\Desktop\ci4\codeigniter4-framework-844616e\system\I18n\TimeTrait.php:74
Stack trace:
#0 C:\Users\Maxime\Desktop\ci4\codeigniter4-framework-844616e\system\I18n\TimeTrait.php(115): CodeIgniter\I18n\Time->__construct(NULL, NULL, NULL)
#1 C:\Users\Maxime\Desktop\ci4\codeigniter4-framework-844616e\system\HTTP\ResponseTrait.php(468): CodeIgniter\I18n\Time::now()
#2 C:\Users\Maxime\Desktop\ci4\codeigniter4-framework-844616e\system\HTTP\ResponseTrait.php(446): CodeIgniter\HTTP\Response->sendHeaders()
#3 C:\Users\Maxime\Desktop\ci4\codeigniter4-framework-844616e\system\Debug\ExceptionHandler.php(78): CodeIgniter\HTTP\Response->send()
#4 C:\Users\Maxime\Desktop\ci4\codeigniter4-framework-844616e\system\Debug\Exceptions.php(147): CodeIgniter\Debug\ExceptionHandler->handle(Object(CodeIgniter\Exceptions\FrameworkException), Object(CodeIgniter\HTTP\IncomingRequest), Object(CodeIgniter\HTTP\Response), 500, 1)
#5 [internal function]: CodeIgniter\Debug\Exceptions->ex
【Previous Exception】
CodeIgniter\Exceptions\FrameworkException
The framework needs the following extension(s) installed and loaded: intl, mbstring.
#0 C:\Users\Maxime\Desktop\ci4\codeigniter4-framework-844616e\system\CodeIgniter.php(246): CodeIgniter\Exceptions\FrameworkException::forMissingExtension('intl, mbstring')
#1 C:\Users\Maxime\Desktop\ci4\codeigniter4-framework-844616e\system\CodeIgniter.php(210): CodeIgniter\CodeIgniter->resolvePlatformExtensions()
#2 C:\Users\Maxime\Desktop\ci4\codeigniter4-framework-844616e\spark(88): CodeIgniter\CodeIgniter->initialize()
#3 {main}
in SYSTEMPATH\I18n\TimeTrait.php on line 74.
 1 [internal function]: CodeIgniter\Debug\Exceptions->shutdownHandler()
CRITICAL - 2023-10-19 13:07:29 --> The framework needs the following extension(s) installed and loaded: intl, mbstring.
in SYSTEMPATH\CodeIgniter.php on line 246.
 1 SYSTEMPATH\CodeIgniter.php(246): CodeIgniter\Exceptions\FrameworkException::forMissingExtension('intl, mbstring')
 2 SYSTEMPATH\CodeIgniter.php(210): CodeIgniter\CodeIgniter->resolvePlatformExtensions()
 3 ROOTPATH\spark(88): CodeIgniter\CodeIgniter->initialize()
CRITICAL - 2023-10-19 13:07:29 --> Uncaught Error: Class 'Locale' not found in C:\Users\Maxime\Desktop\ci4\codeigniter4-framework-844616e\system\I18n\TimeTrait.php:74
Stack trace:
#0 C:\Users\Maxime\Desktop\ci4\codeigniter4-framework-844616e\system\I18n\TimeTrait.php(115): CodeIgniter\I18n\Time->__construct(NULL, NULL, NULL)
#1 C:\Users\Maxime\Desktop\ci4\codeigniter4-framework-844616e\system\HTTP\ResponseTrait.php(468): CodeIgniter\I18n\Time::now()
#2 C:\Users\Maxime\Desktop\ci4\codeigniter4-framework-844616e\system\HTTP\ResponseTrait.php(446): CodeIgniter\HTTP\Response->sendHeaders()
#3 C:\Users\Maxime\Desktop\ci4\codeigniter4-framework-844616e\system\Debug\ExceptionHandler.php(78): CodeIgniter\HTTP\Response->send()
#4 C:\Users\Maxime\Desktop\ci4\codeigniter4-framework-844616e\system\Debug\Exceptions.php(147): CodeIgniter\Debug\ExceptionHandler->handle(Object(CodeIgniter\Exceptions\FrameworkException), Object(CodeIgniter\HTTP\IncomingRequest), Object(CodeIgniter\HTTP\Response), 500, 1)
#5 [internal function]: CodeIgniter\Debug\Exceptions->ex
【Previous Exception】
CodeIgniter\Exceptions\FrameworkException
The framework needs the following extension(s) installed and loaded: intl, mbstring.
#0 C:\Users\Maxime\Desktop\ci4\codeigniter4-framework-844616e\system\CodeIgniter.php(246): CodeIgniter\Exceptions\FrameworkException::forMissingExtension('intl, mbstring')
#1 C:\Users\Maxime\Desktop\ci4\codeigniter4-framework-844616e\system\CodeIgniter.php(210): CodeIgniter\CodeIgniter->resolvePlatformExtensions()
#2 C:\Users\Maxime\Desktop\ci4\codeigniter4-framework-844616e\spark(88): CodeIgniter\CodeIgniter->initialize()
#3 {main}
in SYSTEMPATH\I18n\TimeTrait.php on line 74.
 1 [internal function]: CodeIgniter\Debug\Exceptions->shutdownHandler()
CRITICAL - 2023-10-19 13:07:34 --> The framework needs the following extension(s) installed and loaded: intl, mbstring.
in SYSTEMPATH\CodeIgniter.php on line 246.
 1 SYSTEMPATH\CodeIgniter.php(246): CodeIgniter\Exceptions\FrameworkException::forMissingExtension('intl, mbstring')
 2 SYSTEMPATH\CodeIgniter.php(210): CodeIgniter\CodeIgniter->resolvePlatformExtensions()
 3 ROOTPATH\spark(88): CodeIgniter\CodeIgniter->initialize()
CRITICAL - 2023-10-19 13:07:34 --> Uncaught Error: Class 'Locale' not found in C:\Users\Maxime\Desktop\ci4\codeigniter4-framework-844616e\system\I18n\TimeTrait.php:74
Stack trace:
#0 C:\Users\Maxime\Desktop\ci4\codeigniter4-framework-844616e\system\I18n\TimeTrait.php(115): CodeIgniter\I18n\Time->__construct(NULL, NULL, NULL)
#1 C:\Users\Maxime\Desktop\ci4\codeigniter4-framework-844616e\system\HTTP\ResponseTrait.php(468): CodeIgniter\I18n\Time::now()
#2 C:\Users\Maxime\Desktop\ci4\codeigniter4-framework-844616e\system\HTTP\ResponseTrait.php(446): CodeIgniter\HTTP\Response->sendHeaders()
#3 C:\Users\Maxime\Desktop\ci4\codeigniter4-framework-844616e\system\Debug\ExceptionHandler.php(78): CodeIgniter\HTTP\Response->send()
#4 C:\Users\Maxime\Desktop\ci4\codeigniter4-framework-844616e\system\Debug\Exceptions.php(147): CodeIgniter\Debug\ExceptionHandler->handle(Object(CodeIgniter\Exceptions\FrameworkException), Object(CodeIgniter\HTTP\IncomingRequest), Object(CodeIgniter\HTTP\Response), 500, 1)
#5 [internal function]: CodeIgniter\Debug\Exceptions->ex
【Previous Exception】
CodeIgniter\Exceptions\FrameworkException
The framework needs the following extension(s) installed and loaded: intl, mbstring.
#0 C:\Users\Maxime\Desktop\ci4\codeigniter4-framework-844616e\system\CodeIgniter.php(246): CodeIgniter\Exceptions\FrameworkException::forMissingExtension('intl, mbstring')
#1 C:\Users\Maxime\Desktop\ci4\codeigniter4-framework-844616e\system\CodeIgniter.php(210): CodeIgniter\CodeIgniter->resolvePlatformExtensions()
#2 C:\Users\Maxime\Desktop\ci4\codeigniter4-framework-844616e\spark(88): CodeIgniter\CodeIgniter->initialize()
#3 {main}
in SYSTEMPATH\I18n\TimeTrait.php on line 74.
 1 [internal function]: CodeIgniter\Debug\Exceptions->shutdownHandler()
CRITICAL - 2023-10-19 13:11:01 --> The framework needs the following extension(s) installed and loaded: intl, mbstring.
in SYSTEMPATH\CodeIgniter.php on line 246.
 1 SYSTEMPATH\CodeIgniter.php(246): CodeIgniter\Exceptions\FrameworkException::forMissingExtension('intl, mbstring')
 2 SYSTEMPATH\CodeIgniter.php(210): CodeIgniter\CodeIgniter->resolvePlatformExtensions()
 3 ROOTPATH\spark(88): CodeIgniter\CodeIgniter->initialize()
CRITICAL - 2023-10-19 13:11:01 --> Uncaught Error: Class 'Locale' not found in C:\Users\Maxime\Desktop\ci4\codeigniter4-framework-844616e\system\I18n\TimeTrait.php:74
Stack trace:
#0 C:\Users\Maxime\Desktop\ci4\codeigniter4-framework-844616e\system\I18n\TimeTrait.php(115): CodeIgniter\I18n\Time->__construct(NULL, NULL, NULL)
#1 C:\Users\Maxime\Desktop\ci4\codeigniter4-framework-844616e\system\HTTP\ResponseTrait.php(468): CodeIgniter\I18n\Time::now()
#2 C:\Users\Maxime\Desktop\ci4\codeigniter4-framework-844616e\system\HTTP\ResponseTrait.php(446): CodeIgniter\HTTP\Response->sendHeaders()
#3 C:\Users\Maxime\Desktop\ci4\codeigniter4-framework-844616e\system\Debug\ExceptionHandler.php(78): CodeIgniter\HTTP\Response->send()
#4 C:\Users\Maxime\Desktop\ci4\codeigniter4-framework-844616e\system\Debug\Exceptions.php(147): CodeIgniter\Debug\ExceptionHandler->handle(Object(CodeIgniter\Exceptions\FrameworkException), Object(CodeIgniter\HTTP\IncomingRequest), Object(CodeIgniter\HTTP\Response), 500, 1)
#5 [internal function]: CodeIgniter\Debug\Exceptions->ex
【Previous Exception】
CodeIgniter\Exceptions\FrameworkException
The framework needs the following extension(s) installed and loaded: intl, mbstring.
#0 C:\Users\Maxime\Desktop\ci4\codeigniter4-framework-844616e\system\CodeIgniter.php(246): CodeIgniter\Exceptions\FrameworkException::forMissingExtension('intl, mbstring')
#1 C:\Users\Maxime\Desktop\ci4\codeigniter4-framework-844616e\system\CodeIgniter.php(210): CodeIgniter\CodeIgniter->resolvePlatformExtensions()
#2 C:\Users\Maxime\Desktop\ci4\codeigniter4-framework-844616e\spark(88): CodeIgniter\CodeIgniter->initialize()
#3 {main}
in SYSTEMPATH\I18n\TimeTrait.php on line 74.
 1 [internal function]: CodeIgniter\Debug\Exceptions->shutdownHandler()
CRITICAL - 2023-10-19 13:37:11 --> The framework needs the following extension(s) installed and loaded: "mbstring".
in SYSTEMPATH\CodeIgniter.php on line 246.
 1 SYSTEMPATH\CodeIgniter.php(246): CodeIgniter\Exceptions\FrameworkException::forMissingExtension('mbstring')
 2 SYSTEMPATH\CodeIgniter.php(210): CodeIgniter\CodeIgniter->resolvePlatformExtensions()
 3 ROOTPATH\spark(88): CodeIgniter\CodeIgniter->initialize()
CRITICAL - 2023-10-19 13:53:33 --> The framework needs the following extension(s) installed and loaded: intl, mbstring.
in SYSTEMPATH\CodeIgniter.php on line 246.
 1 SYSTEMPATH\CodeIgniter.php(246): CodeIgniter\Exceptions\FrameworkException::forMissingExtension()
 2 SYSTEMPATH\CodeIgniter.php(210): CodeIgniter\CodeIgniter->resolvePlatformExtensions()
 3 ROOTPATH\spark(88): CodeIgniter\CodeIgniter->initialize()
CRITICAL - 2023-10-19 13:53:33 --> Uncaught Error: Class "Locale" not found in C:\Users\Maxime\Desktop\ci4\codeigniter4-framework-844616e\system\I18n\TimeTrait.php:74
Stack trace:
#0 C:\Users\Maxime\Desktop\ci4\codeigniter4-framework-844616e\system\I18n\TimeTrait.php(115): CodeIgniter\I18n\Time->__construct()
#1 C:\Users\Maxime\Desktop\ci4\codeigniter4-framework-844616e\system\HTTP\ResponseTrait.php(468): CodeIgniter\I18n\Time::now()
#2 C:\Users\Maxime\Desktop\ci4\codeigniter4-framework-844616e\system\HTTP\ResponseTrait.php(446): CodeIgniter\HTTP\Response->sendHeaders()
#3 C:\Users\Maxime\Desktop\ci4\codeigniter4-framework-844616e\system\Debug\ExceptionHandler.php(78): CodeIgniter\HTTP\Response->send()
#4 C:\Users\Maxime\Desktop\ci4\codeigniter4-framework-844616e\system\Debug\Exceptions.php(147): CodeIgniter\Debug\ExceptionHandler->handle()
#5 [internal function]: CodeIgniter\Debug\Exceptions->exceptionHandler()
#6 {main}
  thrown
【Previous Exception】
CodeIgniter\Exceptions\FrameworkException
The framework needs the following extension(s) installed and loaded: intl, mbstring.
#0 C:\Users\Maxime\Desktop\ci4\codeigniter4-framework-844616e\system\CodeIgniter.php(246): CodeIgniter\Exceptions\FrameworkException::forMissingExtension()
#1 C:\Users\Maxime\Desktop\ci4\codeigniter4-framework-844616e\system\CodeIgniter.php(210): CodeIgniter\CodeIgniter->resolvePlatformExtensions()
#2 C:\Users\Maxime\Desktop\ci4\codeigniter4-framework-844616e\spark(88): CodeIgniter\CodeIgniter->initialize()
#3 {main}
in SYSTEMPATH\I18n\TimeTrait.php on line 74.
 1 [internal function]: CodeIgniter\Debug\Exceptions->shutdownHandler()
CRITICAL - 2023-10-19 13:55:47 --> The framework needs the following extension(s) installed and loaded: intl, mbstring.
in SYSTEMPATH\CodeIgniter.php on line 246.
 1 SYSTEMPATH\CodeIgniter.php(246): CodeIgniter\Exceptions\FrameworkException::forMissingExtension()
 2 SYSTEMPATH\CodeIgniter.php(210): CodeIgniter\CodeIgniter->resolvePlatformExtensions()
 3 ROOTPATH\spark(88): CodeIgniter\CodeIgniter->initialize()
CRITICAL - 2023-10-19 13:55:47 --> Uncaught Error: Class "Locale" not found in C:\Users\Maxime\Desktop\ci4\codeigniter4-framework-844616e\system\I18n\TimeTrait.php:74
Stack trace:
#0 C:\Users\Maxime\Desktop\ci4\codeigniter4-framework-844616e\system\I18n\TimeTrait.php(115): CodeIgniter\I18n\Time->__construct()
#1 C:\Users\Maxime\Desktop\ci4\codeigniter4-framework-844616e\system\HTTP\ResponseTrait.php(468): CodeIgniter\I18n\Time::now()
#2 C:\Users\Maxime\Desktop\ci4\codeigniter4-framework-844616e\system\HTTP\ResponseTrait.php(446): CodeIgniter\HTTP\Response->sendHeaders()
#3 C:\Users\Maxime\Desktop\ci4\codeigniter4-framework-844616e\system\Debug\ExceptionHandler.php(78): CodeIgniter\HTTP\Response->send()
#4 C:\Users\Maxime\Desktop\ci4\codeigniter4-framework-844616e\system\Debug\Exceptions.php(147): CodeIgniter\Debug\ExceptionHandler->handle()
#5 [internal function]: CodeIgniter\Debug\Exceptions->exceptionHandler()
#6 {main}
  thrown
【Previous Exception】
CodeIgniter\Exceptions\FrameworkException
The framework needs the following extension(s) installed and loaded: intl, mbstring.
#0 C:\Users\Maxime\Desktop\ci4\codeigniter4-framework-844616e\system\CodeIgniter.php(246): CodeIgniter\Exceptions\FrameworkException::forMissingExtension()
#1 C:\Users\Maxime\Desktop\ci4\codeigniter4-framework-844616e\system\CodeIgniter.php(210): CodeIgniter\CodeIgniter->resolvePlatformExtensions()
#2 C:\Users\Maxime\Desktop\ci4\codeigniter4-framework-844616e\spark(88): CodeIgniter\CodeIgniter->initialize()
#3 {main}
in SYSTEMPATH\I18n\TimeTrait.php on line 74.
 1 [internal function]: CodeIgniter\Debug\Exceptions->shutdownHandler()
CRITICAL - 2023-10-19 14:02:19 --> The framework needs the following extension(s) installed and loaded: intl, mbstring.
in SYSTEMPATH\CodeIgniter.php on line 246.
 1 SYSTEMPATH\CodeIgniter.php(246): CodeIgniter\Exceptions\FrameworkException::forMissingExtension('intl, mbstring')
 2 SYSTEMPATH\CodeIgniter.php(210): CodeIgniter\CodeIgniter->resolvePlatformExtensions()
 3 ROOTPATH\spark(88): CodeIgniter\CodeIgniter->initialize()
CRITICAL - 2023-10-19 14:02:19 --> Uncaught Error: Class "Locale" not found in C:\Users\Maxime\Desktop\ci4\codeigniter4-framework-844616e\system\I18n\TimeTrait.php:74
Stack trace:
#0 C:\Users\Maxime\Desktop\ci4\codeigniter4-framework-844616e\system\I18n\TimeTrait.php(115): CodeIgniter\I18n\Time->__construct(NULL, NULL, NULL)
#1 C:\Users\Maxime\Desktop\ci4\codeigniter4-framework-844616e\system\HTTP\ResponseTrait.php(468): CodeIgniter\I18n\Time::now()
#2 C:\Users\Maxime\Desktop\ci4\codeigniter4-framework-844616e\system\HTTP\ResponseTrait.php(446): CodeIgniter\HTTP\Response->sendHeaders()
#3 C:\Users\Maxime\Desktop\ci4\codeigniter4-framework-844616e\system\Debug\ExceptionHandler.php(78): CodeIgniter\HTTP\Response->send()
#4 C:\Users\Maxime\Desktop\ci4\codeigniter4-framework-844616e\system\Debug\Exceptions.php(147): CodeIgniter\Debug\ExceptionHandler->handle(Object(CodeIgniter\Exceptions\FrameworkException), Object(CodeIgniter\HTTP\IncomingRequest), Object(CodeIgniter\HTTP\Response), 500, 1)
#5 [internal function]: CodeIgniter\Debug\Exceptions->exceptionHandler(Object(CodeIgniter\Exceptions\FrameworkException))
#6 {main}
  thrown
【Previous Exception】
CodeIgniter\Exceptions\FrameworkException
The framework needs the following extension(s) installed and loaded: intl, mbstring.
#0 C:\Users\Maxime\Desktop\ci4\codeigniter4-framework-844616e\system\CodeIgniter.php(246): CodeIgniter\Exceptions\FrameworkException::forMissingExtension('intl, mbstring')
#1 C:\Users\Maxime\Desktop\ci4\codeigniter4-framework-844616e\system\CodeIgniter.php(210): CodeIgniter\CodeIgniter->resolvePlatformExtensions()
#2 C:\Users\Maxime\Desktop\ci4\codeigniter4-framework-844616e\spark(88): CodeIgniter\CodeIgniter->initialize()
#3 {main}
in SYSTEMPATH\I18n\TimeTrait.php on line 74.
 1 [internal function]: CodeIgniter\Debug\Exceptions->shutdownHandler()
