CRITICAL - 2023-11-06 08:11:34 --> The namespace delimiter is a backslash (\), not a slash (/). Route handler: "\App\Controllers\SubControllers/SubTest::index"
in SYSTEMPATH\Router\Router.php on line 477.
 1 SYSTEMPATH\Router\Router.php(477): CodeIgniter\Router\Exceptions\RouterException::forInvalidControllerName('\\App\\Controllers\\SubControllers/SubTest::index')
 2 SYSTEMPATH\Router\Router.php(184): CodeIgniter\Router\Router->checkRoutes('SubTest')
 3 SYSTEMPATH\CodeIgniter.php(800): CodeIgniter\Router\Router->handle('SubTest')
 4 SYSTEMPATH\CodeIgniter.php(442): CodeIgniter\CodeIgniter->tryToRouteIt(Object(CodeIgniter\Router\RouteCollection))
 5 SYSTEMPATH\CodeIgniter.php(353): CodeIgniter\CodeIgniter->handleRequest(null, Object(Config\Cache), false)
 6 FCPATH\index.php(79): CodeIgniter\CodeIgniter->run()
 7 SYSTEMPATH\Commands\Server\rewrite.php(47): require_once('C:\\Users\\Maxime\\Desktop\\ci4\\codeigniter4-framework-844616e\\public\\index.php')
CRITICAL - 2023-11-06 08:11:46 --> The namespace delimiter is a backslash (\), not a slash (/). Route handler: "\App\Controllers\SubControllers/SubTest::index"
in SYSTEMPATH\Router\Router.php on line 477.
 1 SYSTEMPATH\Router\Router.php(477): CodeIgniter\Router\Exceptions\RouterException::forInvalidControllerName('\\App\\Controllers\\SubControllers/SubTest::index')
 2 SYSTEMPATH\Router\Router.php(184): CodeIgniter\Router\Router->checkRoutes('SubTest')
 3 SYSTEMPATH\CodeIgniter.php(800): CodeIgniter\Router\Router->handle('SubTest')
 4 SYSTEMPATH\CodeIgniter.php(442): CodeIgniter\CodeIgniter->tryToRouteIt(Object(CodeIgniter\Router\RouteCollection))
 5 SYSTEMPATH\CodeIgniter.php(353): CodeIgniter\CodeIgniter->handleRequest(null, Object(Config\Cache), false)
 6 FCPATH\index.php(79): CodeIgniter\CodeIgniter->run()
 7 SYSTEMPATH\Commands\Server\rewrite.php(47): require_once('C:\\Users\\Maxime\\Desktop\\ci4\\codeigniter4-framework-844616e\\public\\index.php')
CRITICAL - 2023-11-06 08:11:46 --> The namespace delimiter is a backslash (\), not a slash (/). Route handler: "\App\Controllers\SubControllers/SubTest::index"
in SYSTEMPATH\Router\Router.php on line 477.
 1 SYSTEMPATH\Router\Router.php(477): CodeIgniter\Router\Exceptions\RouterException::forInvalidControllerName('\\App\\Controllers\\SubControllers/SubTest::index')
 2 SYSTEMPATH\Router\Router.php(184): CodeIgniter\Router\Router->checkRoutes('SubTest')
 3 SYSTEMPATH\CodeIgniter.php(800): CodeIgniter\Router\Router->handle('SubTest')
 4 SYSTEMPATH\CodeIgniter.php(442): CodeIgniter\CodeIgniter->tryToRouteIt(Object(CodeIgniter\Router\RouteCollection))
 5 SYSTEMPATH\CodeIgniter.php(353): CodeIgniter\CodeIgniter->handleRequest(null, Object(Config\Cache), false)
 6 FCPATH\index.php(79): CodeIgniter\CodeIgniter->run()
 7 SYSTEMPATH\Commands\Server\rewrite.php(47): require_once('C:\\Users\\Maxime\\Desktop\\ci4\\codeigniter4-framework-844616e\\public\\index.php')
CRITICAL - 2023-11-06 08:11:46 --> The namespace delimiter is a backslash (\), not a slash (/). Route handler: "\App\Controllers\SubControllers/SubTest::index"
in SYSTEMPATH\Router\Router.php on line 477.
 1 SYSTEMPATH\Router\Router.php(477): CodeIgniter\Router\Exceptions\RouterException::forInvalidControllerName('\\App\\Controllers\\SubControllers/SubTest::index')
 2 SYSTEMPATH\Router\Router.php(184): CodeIgniter\Router\Router->checkRoutes('SubTest')
 3 SYSTEMPATH\CodeIgniter.php(800): CodeIgniter\Router\Router->handle('SubTest')
 4 SYSTEMPATH\CodeIgniter.php(442): CodeIgniter\CodeIgniter->tryToRouteIt(Object(CodeIgniter\Router\RouteCollection))
 5 SYSTEMPATH\CodeIgniter.php(353): CodeIgniter\CodeIgniter->handleRequest(null, Object(Config\Cache), false)
 6 FCPATH\index.php(79): CodeIgniter\CodeIgniter->run()
 7 SYSTEMPATH\Commands\Server\rewrite.php(47): require_once('C:\\Users\\Maxime\\Desktop\\ci4\\codeigniter4-framework-844616e\\public\\index.php')
CRITICAL - 2023-11-06 08:11:46 --> The namespace delimiter is a backslash (\), not a slash (/). Route handler: "\App\Controllers\SubControllers/SubTest::index"
in SYSTEMPATH\Router\Router.php on line 477.
 1 SYSTEMPATH\Router\Router.php(477): CodeIgniter\Router\Exceptions\RouterException::forInvalidControllerName('\\App\\Controllers\\SubControllers/SubTest::index')
 2 SYSTEMPATH\Router\Router.php(184): CodeIgniter\Router\Router->checkRoutes('SubTest')
 3 SYSTEMPATH\CodeIgniter.php(800): CodeIgniter\Router\Router->handle('SubTest')
 4 SYSTEMPATH\CodeIgniter.php(442): CodeIgniter\CodeIgniter->tryToRouteIt(Object(CodeIgniter\Router\RouteCollection))
 5 SYSTEMPATH\CodeIgniter.php(353): CodeIgniter\CodeIgniter->handleRequest(null, Object(Config\Cache), false)
 6 FCPATH\index.php(79): CodeIgniter\CodeIgniter->run()
 7 SYSTEMPATH\Commands\Server\rewrite.php(47): require_once('C:\\Users\\Maxime\\Desktop\\ci4\\codeigniter4-framework-844616e\\public\\index.php')
CRITICAL - 2023-11-06 08:23:49 --> The namespace delimiter is a backslash (\), not a slash (/). Route handler: "\App\Controllers\SubControllers/SubTest::index"
in SYSTEMPATH\Router\Router.php on line 477.
 1 SYSTEMPATH\Router\Router.php(477): CodeIgniter\Router\Exceptions\RouterException::forInvalidControllerName('\\App\\Controllers\\SubControllers/SubTest::index')
 2 SYSTEMPATH\Router\Router.php(184): CodeIgniter\Router\Router->checkRoutes('SubTest')
 3 SYSTEMPATH\CodeIgniter.php(800): CodeIgniter\Router\Router->handle('SubTest')
 4 SYSTEMPATH\CodeIgniter.php(442): CodeIgniter\CodeIgniter->tryToRouteIt(Object(CodeIgniter\Router\RouteCollection))
 5 SYSTEMPATH\CodeIgniter.php(353): CodeIgniter\CodeIgniter->handleRequest(null, Object(Config\Cache), false)
 6 FCPATH\index.php(79): CodeIgniter\CodeIgniter->run()
 7 SYSTEMPATH\Commands\Server\rewrite.php(47): require_once('C:\\Users\\Maxime\\Desktop\\ci4\\codeigniter4-framework-844616e\\public\\index.php')
CRITICAL - 2023-11-06 08:28:04 --> Invalid file: "vuePageA.php"
in SYSTEMPATH\Exceptions\FrameworkException.php on line 39.
 1 SYSTEMPATH\View\View.php(214): CodeIgniter\Exceptions\FrameworkException::forInvalidFile('vuePageA.php')
 2 SYSTEMPATH\Common.php(1188): CodeIgniter\View\View->render('vuePageA', [], true)
 3 APPPATH\Controllers\PageA.php(9): view('vuePageA')
 4 SYSTEMPATH\CodeIgniter.php(919): App\Controllers\PageA->index()
 5 SYSTEMPATH\CodeIgniter.php(494): CodeIgniter\CodeIgniter->runController(Object(App\Controllers\PageA))
 6 SYSTEMPATH\CodeIgniter.php(353): CodeIgniter\CodeIgniter->handleRequest(null, Object(Config\Cache), false)
 7 FCPATH\index.php(79): CodeIgniter\CodeIgniter->run()
 8 SYSTEMPATH\Commands\Server\rewrite.php(47): require_once('C:\\Users\\Maxime\\Desktop\\ci4\\codeigniter4-framework-844616e\\public\\index.php')
CRITICAL - 2023-11-06 08:45:00 --> Class "App\Controllers\Trash\BaseController" not found
in APPPATH\Controllers\Trash\Demo.php on line 4.
 1 SYSTEMPATH\Autoloader\Autoloader.php(306): include_once()
 2 SYSTEMPATH\Autoloader\Autoloader.php(285): CodeIgniter\Autoloader\Autoloader->includeFile('C:\\Users\\Maxime\\Desktop\\ci4\\codeigniter4-framework-844616e\\app\\Controllers\\Trash\\Demo.php')
 3 SYSTEMPATH\Autoloader\Autoloader.php(263): CodeIgniter\Autoloader\Autoloader->loadInNamespace('App\\Controllers\\Trash\\Demo')
 4 [internal function]: CodeIgniter\Autoloader\Autoloader->loadClass('App\\Controllers\\Trash\\Demo')
 5 SYSTEMPATH\CodeIgniter.php(877): class_exists('\\App\\Controllers\\Trash\\Demo', true)
 6 SYSTEMPATH\CodeIgniter.php(481): CodeIgniter\CodeIgniter->startController()
 7 SYSTEMPATH\CodeIgniter.php(353): CodeIgniter\CodeIgniter->handleRequest(null, Object(Config\Cache), false)
 8 FCPATH\index.php(79): CodeIgniter\CodeIgniter->run()
 9 SYSTEMPATH\Commands\Server\rewrite.php(47): require_once('C:\\Users\\Maxime\\Desktop\\ci4\\codeigniter4-framework-844616e\\public\\index.php')
