CRITICAL - 2023-11-07 09:41:29 --> Undefined variable $presentation
in APPPATH\Views\CV\Header.php on line 17.
 1 APPPATH\Views\CV\Header.php(17): CodeIgniter\Debug\Exceptions->errorHandler(2, 'Undefined variable $presentation', 'C:\\Users\\Maxime\\Desktop\\ci4\\codeigniter4-framework-844616e\\app\\Views\\CV\\Header.php', 17)
 2 SYSTEMPATH\View\View.php(226): include('C:\\Users\\Maxime\\Desktop\\ci4\\codeigniter4-framework-844616e\\app\\Views\\CV\\Header.php')
 3 SYSTEMPATH\View\View.php(229): CodeIgniter\View\View->CodeIgniter\View\{closure}()
 4 SYSTEMPATH\Common.php(1188): CodeIgniter\View\View->render('CV/Header', [], true)
 5 APPPATH\Controllers\CV\ExperiencesController.php(8): view('CV/Header')
 6 SYSTEMPATH\CodeIgniter.php(919): App\Controllers\CV\ExperiencesController->index()
 7 SYSTEMPATH\CodeIgniter.php(494): CodeIgniter\CodeIgniter->runController(Object(App\Controllers\CV\ExperiencesController))
 8 SYSTEMPATH\CodeIgniter.php(353): CodeIgniter\CodeIgniter->handleRequest(null, Object(Config\Cache), false)
 9 FCPATH\index.php(79): CodeIgniter\CodeIgniter->run()
10 SYSTEMPATH\Commands\Server\rewrite.php(47): require_once('C:\\Users\\Maxime\\Desktop\\ci4\\codeigniter4-framework-844616e\\public\\index.php')
CRITICAL - 2023-11-07 09:42:43 --> Undefined variable $presentation
in APPPATH\Views\CV\Header.php on line 17.
 1 APPPATH\Views\CV\Header.php(17): CodeIgniter\Debug\Exceptions->errorHandler(2, 'Undefined variable $presentation', 'C:\\Users\\Maxime\\Desktop\\ci4\\codeigniter4-framework-844616e\\app\\Views\\CV\\Header.php', 17)
 2 SYSTEMPATH\View\View.php(226): include('C:\\Users\\Maxime\\Desktop\\ci4\\codeigniter4-framework-844616e\\app\\Views\\CV\\Header.php')
 3 SYSTEMPATH\View\View.php(229): CodeIgniter\View\View->CodeIgniter\View\{closure}()
 4 SYSTEMPATH\Common.php(1188): CodeIgniter\View\View->render('CV/Header', [], true)
 5 APPPATH\Controllers\CV\ExperiencesController.php(8): view('CV/Header')
 6 SYSTEMPATH\CodeIgniter.php(919): App\Controllers\CV\ExperiencesController->index()
 7 SYSTEMPATH\CodeIgniter.php(494): CodeIgniter\CodeIgniter->runController(Object(App\Controllers\CV\ExperiencesController))
 8 SYSTEMPATH\CodeIgniter.php(353): CodeIgniter\CodeIgniter->handleRequest(null, Object(Config\Cache), false)
 9 FCPATH\index.php(79): CodeIgniter\CodeIgniter->run()
10 SYSTEMPATH\Commands\Server\rewrite.php(47): require_once('C:\\Users\\Maxime\\Desktop\\ci4\\codeigniter4-framework-844616e\\public\\index.php')
CRITICAL - 2023-11-07 09:53:06 --> Undefined variable $presentation
in APPPATH\Views\CV\Header.php on line 17.
 1 APPPATH\Views\CV\Header.php(17): CodeIgniter\Debug\Exceptions->errorHandler(2, 'Undefined variable $presentation', 'C:\\Users\\Maxime\\Desktop\\ci4\\codeigniter4-framework-844616e\\app\\Views\\CV\\Header.php', 17)
 2 SYSTEMPATH\View\View.php(226): include('C:\\Users\\Maxime\\Desktop\\ci4\\codeigniter4-framework-844616e\\app\\Views\\CV\\Header.php')
 3 SYSTEMPATH\View\View.php(229): CodeIgniter\View\View->CodeIgniter\View\{closure}()
 4 SYSTEMPATH\Common.php(1188): CodeIgniter\View\View->render('CV/Header', [], true)
 5 APPPATH\Controllers\CV\ExperiencesController.php(14): view('CV/Header')
 6 SYSTEMPATH\CodeIgniter.php(919): App\Controllers\CV\ExperiencesController->index()
 7 SYSTEMPATH\CodeIgniter.php(494): CodeIgniter\CodeIgniter->runController(Object(App\Controllers\CV\ExperiencesController))
 8 SYSTEMPATH\CodeIgniter.php(353): CodeIgniter\CodeIgniter->handleRequest(null, Object(Config\Cache), false)
 9 FCPATH\index.php(79): CodeIgniter\CodeIgniter->run()
10 SYSTEMPATH\Commands\Server\rewrite.php(47): require_once('C:\\Users\\Maxime\\Desktop\\ci4\\codeigniter4-framework-844616e\\public\\index.php')
CRITICAL - 2023-11-07 09:53:16 --> Undefined variable $presentation
in APPPATH\Views\CV\Header.php on line 17.
 1 APPPATH\Views\CV\Header.php(17): CodeIgniter\Debug\Exceptions->errorHandler(2, 'Undefined variable $presentation', 'C:\\Users\\Maxime\\Desktop\\ci4\\codeigniter4-framework-844616e\\app\\Views\\CV\\Header.php', 17)
 2 SYSTEMPATH\View\View.php(226): include('C:\\Users\\Maxime\\Desktop\\ci4\\codeigniter4-framework-844616e\\app\\Views\\CV\\Header.php')
 3 SYSTEMPATH\View\View.php(229): CodeIgniter\View\View->CodeIgniter\View\{closure}()
 4 SYSTEMPATH\Common.php(1188): CodeIgniter\View\View->render('CV/Header', [], true)
 5 APPPATH\Controllers\CV\ExperiencesController.php(14): view('CV/Header')
 6 SYSTEMPATH\CodeIgniter.php(919): App\Controllers\CV\ExperiencesController->index()
 7 SYSTEMPATH\CodeIgniter.php(494): CodeIgniter\CodeIgniter->runController(Object(App\Controllers\CV\ExperiencesController))
 8 SYSTEMPATH\CodeIgniter.php(353): CodeIgniter\CodeIgniter->handleRequest(null, Object(Config\Cache), false)
 9 FCPATH\index.php(79): CodeIgniter\CodeIgniter->run()
10 SYSTEMPATH\Commands\Server\rewrite.php(47): require_once('C:\\Users\\Maxime\\Desktop\\ci4\\codeigniter4-framework-844616e\\public\\index.php')
CRITICAL - 2023-11-07 09:54:09 --> Undefined variable $presentation
in APPPATH\Views\CV\Header.php on line 17.
 1 APPPATH\Views\CV\Header.php(17): CodeIgniter\Debug\Exceptions->errorHandler(2, 'Undefined variable $presentation', 'C:\\Users\\Maxime\\Desktop\\ci4\\codeigniter4-framework-844616e\\app\\Views\\CV\\Header.php', 17)
 2 SYSTEMPATH\View\View.php(226): include('C:\\Users\\Maxime\\Desktop\\ci4\\codeigniter4-framework-844616e\\app\\Views\\CV\\Header.php')
 3 SYSTEMPATH\View\View.php(229): CodeIgniter\View\View->CodeIgniter\View\{closure}()
 4 SYSTEMPATH\Common.php(1188): CodeIgniter\View\View->render('CV/Header', [], true)
 5 APPPATH\Controllers\CV\ExperiencesController.php(14): view('CV/Header')
 6 SYSTEMPATH\CodeIgniter.php(919): App\Controllers\CV\ExperiencesController->index()
 7 SYSTEMPATH\CodeIgniter.php(494): CodeIgniter\CodeIgniter->runController(Object(App\Controllers\CV\ExperiencesController))
 8 SYSTEMPATH\CodeIgniter.php(353): CodeIgniter\CodeIgniter->handleRequest(null, Object(Config\Cache), false)
 9 FCPATH\index.php(79): CodeIgniter\CodeIgniter->run()
10 SYSTEMPATH\Commands\Server\rewrite.php(47): require_once('C:\\Users\\Maxime\\Desktop\\ci4\\codeigniter4-framework-844616e\\public\\index.php')
